<?xml version="1.0" encoding="UTF-8"?>
<!-- Generated by org.testng.reporters.JUnitXMLReporter -->
<testsuite hostname="admins-MacBook-Pro.local" ignored="0" name="Search Queries 20-40" tests="9" failures="0" timestamp="11 Mar 2020 16:36:18 GMT" time="0.014" errors="0">
  <testcase name="@BeforeClass TestSetup" time="0.002" classname="com.shine.tests.Test_SearchResults">
    <failure type="java.lang.RuntimeException" message="Unable to find a free port">
      <![CDATA[java.lang.RuntimeException: Unable to find a free port
at org.openqa.selenium.net.PortProber.findFreePort(PortProber.java:67)
at org.openqa.selenium.remote.service.DriverService$Builder.build(DriverService.java:351)
at org.openqa.selenium.chrome.ChromeDriverService.createDefaultService(ChromeDriverService.java:94)
at com.shine.base.TestBaseSetup.initChromeDriver(TestBaseSetup.java:264)
at com.shine.base.TestBaseSetup.setDriver(TestBaseSetup.java:145)
at com.shine.base.TestBaseSetup.getDriver(TestBaseSetup.java:121)
at com.shine.tests.Test_SearchResults.TestSetup(Test_SearchResults.java:45)
... Removed 31 stack frames]]>
    </failure>
  </testcase> <!-- @BeforeClass TestSetup -->
  <testcase name="testSearchResult" time="0.0" classname="com.shine.tests.Test_SearchResults">
    <skipped/>
  </testcase> <!-- testSearchResult -->
  <testcase name="testSearchResult" time="0.0" classname="com.shine.tests.Test_SearchResults">
    <skipped/>
  </testcase> <!-- testSearchResult -->
  <testcase name="testSearchResult" time="0.0" classname="com.shine.tests.Test_SearchResults">
    <skipped/>
  </testcase> <!-- testSearchResult -->
  <testcase name="testSearchResult" time="0.0" classname="com.shine.tests.Test_SearchResults">
    <skipped/>
  </testcase> <!-- testSearchResult -->
  <testcase name="testSearchResult" time="0.0" classname="com.shine.tests.Test_SearchResults">
    <skipped/>
  </testcase> <!-- testSearchResult -->
  <testcase name="testSearchResult" time="0.0" classname="com.shine.tests.Test_SearchResults">
    <skipped/>
  </testcase> <!-- testSearchResult -->
  <testcase name="testSearchResult" time="0.0" classname="com.shine.tests.Test_SearchResults">
    <skipped/>
  </testcase> <!-- testSearchResult -->
  <testcase name="testSearchResult" time="0.0" classname="com.shine.tests.Test_SearchResults">
    <skipped/>
  </testcase> <!-- testSearchResult -->
  <testcase name="testSearchResult" time="0.0" classname="com.shine.tests.Test_SearchResults">
    <skipped/>
  </testcase> <!-- testSearchResult -->
</testsuite> <!-- Search Queries 20-40 -->
