<?xml version="1.0" encoding="UTF-8"?>
<!-- Generated by org.testng.reporters.JUnitXMLReporter -->
<testsuite hostname="admins-MacBook-Pro.local" ignored="0" name="Check VWO Script Code" tests="7" failures="0" timestamp="11 Mar 2020 16:36:03 GMT" time="0.011" errors="0">
  <testcase name="@BeforeClass TestSetup" time="0.003" classname="com.shine.tests.Test_VwoScript">
    <failure type="java.lang.RuntimeException" message="Unable to find a free port">
      <![CDATA[java.lang.RuntimeException: Unable to find a free port
at org.openqa.selenium.net.PortProber.findFreePort(PortProber.java:67)
at org.openqa.selenium.remote.service.DriverService$Builder.build(DriverService.java:351)
at org.openqa.selenium.chrome.ChromeDriverService.createDefaultService(ChromeDriverService.java:94)
at com.shine.base.TestBaseSetup.initChromeDriver(TestBaseSetup.java:264)
at com.shine.base.TestBaseSetup.setDriver(TestBaseSetup.java:145)
at com.shine.base.TestBaseSetup.getDriver(TestBaseSetup.java:121)
at com.shine.tests.Test_VwoScript.TestSetup(Test_VwoScript.java:26)
... Removed 31 stack frames]]>
    </failure>
  </testcase> <!-- @BeforeClass TestSetup -->
  <testcase name="verify_vwo_tracking_code" time="0.0" classname="com.shine.tests.Test_VwoScript">
    <skipped/>
  </testcase> <!-- verify_vwo_tracking_code -->
  <testcase name="verify_vwo_tracking_code_Jsrp" time="0.0" classname="com.shine.tests.Test_VwoScript">
    <skipped/>
  </testcase> <!-- verify_vwo_tracking_code_Jsrp -->
  <testcase name="verify_vwo_tracking_Jsrp" time="0.0" classname="com.shine.tests.Test_VwoScript">
    <skipped/>
  </testcase> <!-- verify_vwo_tracking_Jsrp -->
  <testcase name="verify_vwo_tracking_Jd" time="0.0" classname="com.shine.tests.Test_VwoScript">
    <skipped/>
  </testcase> <!-- verify_vwo_tracking_Jd -->
  <testcase name="verify_loggedin_vwo_tracking_code" time="0.0" classname="com.shine.tests.Test_VwoScript">
    <skipped/>
  </testcase> <!-- verify_loggedin_vwo_tracking_code -->
  <testcase name="verify_loggedin_vwo_tracking_Jsrp" time="0.0" classname="com.shine.tests.Test_VwoScript">
    <skipped/>
  </testcase> <!-- verify_loggedin_vwo_tracking_Jsrp -->
  <testcase name="verify_loggedin_vwo_tracking_Jd" time="0.0" classname="com.shine.tests.Test_VwoScript">
    <skipped/>
  </testcase> <!-- verify_loggedin_vwo_tracking_Jd -->
</testsuite> <!-- Check VWO Script Code -->
