<?xml version="1.0" encoding="UTF-8"?>
<!-- Generated by org.testng.reporters.JUnitXMLReporter -->
<testsuite hostname="admins-MacBook-Pro.local" ignored="0" name="Contact us Form" tests="11" failures="0" timestamp="11 Mar 2020 16:34:33 GMT" time="0.015" errors="0">
  <testcase name="@BeforeClass TestSetup" time="0.002" classname="com.shine.tests.Test_ContactUs">
    <failure type="java.lang.RuntimeException" message="Unable to find a free port">
      <![CDATA[java.lang.RuntimeException: Unable to find a free port
at org.openqa.selenium.net.PortProber.findFreePort(PortProber.java:67)
at org.openqa.selenium.remote.service.DriverService$Builder.build(DriverService.java:351)
at org.openqa.selenium.chrome.ChromeDriverService.createDefaultService(ChromeDriverService.java:94)
at com.shine.base.TestBaseSetup.initChromeDriver(TestBaseSetup.java:264)
at com.shine.base.TestBaseSetup.setDriver(TestBaseSetup.java:145)
at com.shine.base.TestBaseSetup.getDriver(TestBaseSetup.java:121)
at com.shine.tests.Test_ContactUs.TestSetup(Test_ContactUs.java:61)
... Removed 31 stack frames]]>
    </failure>
  </testcase> <!-- @BeforeClass TestSetup -->
  <testcase name="test_InvalidResume_Validation" time="0.0" classname="com.shine.tests.Test_ContactUs">
    <skipped/>
  </testcase> <!-- test_InvalidResume_Validation -->
  <testcase name="test_BlankName_Validation" time="0.0" classname="com.shine.tests.Test_ContactUs">
    <skipped/>
  </testcase> <!-- test_BlankName_Validation -->
  <testcase name="test_BlankEmail_Validation" time="0.0" classname="com.shine.tests.Test_ContactUs">
    <skipped/>
  </testcase> <!-- test_BlankEmail_Validation -->
  <testcase name="test_BlankMobile_Validation" time="0.0" classname="com.shine.tests.Test_ContactUs">
    <skipped/>
  </testcase> <!-- test_BlankMobile_Validation -->
  <testcase name="test_BlankDescription_Validation" time="0.0" classname="com.shine.tests.Test_ContactUs">
    <skipped/>
  </testcase> <!-- test_BlankDescription_Validation -->
  <testcase name="test_InvalidEmail_Validation" time="0.0" classname="com.shine.tests.Test_ContactUs">
    <skipped/>
  </testcase> <!-- test_InvalidEmail_Validation -->
  <testcase name="test_InvalidMobile_Validation" time="0.0" classname="com.shine.tests.Test_ContactUs">
    <skipped/>
  </testcase> <!-- test_InvalidMobile_Validation -->
  <testcase name="test_Form_Submission_Candidate" time="0.0" classname="com.shine.tests.Test_ContactUs">
    <skipped/>
  </testcase> <!-- test_Form_Submission_Candidate -->
  <testcase name="test_Form_Submission_Recruiter" time="0.0" classname="com.shine.tests.Test_ContactUs">
    <skipped/>
  </testcase> <!-- test_Form_Submission_Recruiter -->
  <testcase name="test_ReportJob_Form_Submission" time="0.0" classname="com.shine.tests.Test_ContactUs">
    <skipped/>
  </testcase> <!-- test_ReportJob_Form_Submission -->
  <testcase name="test_loggedin_Form_Submission_Candidate" time="0.0" classname="com.shine.tests.Test_ContactUs">
    <skipped/>
  </testcase> <!-- test_loggedin_Form_Submission_Candidate -->
</testsuite> <!-- Contact us Form -->
