<?xml version="1.0" encoding="UTF-8"?>
<!-- Generated by org.testng.reporters.JUnitXMLReporter -->
<testsuite hostname="admins-MacBook-Pro.local" ignored="0" name="Create Bad Profile" tests="4" failures="0" timestamp="11 Mar 2020 16:32:32 GMT" time="0.017" errors="0">
  <testcase name="@BeforeClass TestSetup" time="0.006" classname="com.shine.tests.Test_CreateBadProfile">
    <failure type="java.lang.RuntimeException" message="Unable to find a free port">
      <![CDATA[java.lang.RuntimeException: Unable to find a free port
at org.openqa.selenium.net.PortProber.findFreePort(PortProber.java:67)
at org.openqa.selenium.remote.service.DriverService$Builder.build(DriverService.java:351)
at org.openqa.selenium.chrome.ChromeDriverService.createDefaultService(ChromeDriverService.java:94)
at com.shine.base.TestBaseSetup.initChromeDriver(TestBaseSetup.java:264)
at com.shine.base.TestBaseSetup.setDriver(TestBaseSetup.java:145)
at com.shine.base.TestBaseSetup.getDriver(TestBaseSetup.java:121)
at com.shine.tests.Test_CreateBadProfile.TestSetup(Test_CreateBadProfile.java:87)
... Removed 31 stack frames]]>
    </failure>
  </testcase> <!-- @BeforeClass TestSetup -->
  <testcase name="open_RegistrationPage" time="0.0" classname="com.shine.tests.Test_CreateBadProfile">
    <skipped/>
  </testcase> <!-- open_RegistrationPage -->
  <testcase name="registrationStep1" time="0.0" classname="com.shine.tests.Test_CreateBadProfile">
    <skipped/>
  </testcase> <!-- registrationStep1 -->
  <testcase name="registrationStep2" time="0.0" classname="com.shine.tests.Test_CreateBadProfile">
    <skipped/>
  </testcase> <!-- registrationStep2 -->
  <testcase name="upload_resume" time="0.0" classname="com.shine.tests.Test_CreateBadProfile">
    <skipped/>
  </testcase> <!-- upload_resume -->
</testsuite> <!-- Create Bad Profile -->
