<?xml version="1.0" encoding="UTF-8"?>
<!-- Generated by org.testng.reporters.JUnitXMLReporter -->
<testsuite hostname="admins-MacBook-Pro.local" ignored="0" name="Page View Test" tests="12" failures="0" timestamp="11 Mar 2020 16:34:38 GMT" time="0.017" errors="0">
  <testcase name="@BeforeClass TestSetup" time="0.002" classname="com.shine.tests.Test_PageView">
    <failure type="java.lang.RuntimeException" message="Unable to find a free port">
      <![CDATA[java.lang.RuntimeException: Unable to find a free port
at org.openqa.selenium.net.PortProber.findFreePort(PortProber.java:67)
at org.openqa.selenium.remote.service.DriverService$Builder.build(DriverService.java:351)
at org.openqa.selenium.chrome.ChromeDriverService.createDefaultService(ChromeDriverService.java:94)
at com.shine.base.TestBaseSetup.initChromeDriver(TestBaseSetup.java:264)
at com.shine.base.TestBaseSetup.setDriver(TestBaseSetup.java:145)
at com.shine.base.TestBaseSetup.getDriver(TestBaseSetup.java:121)
at com.shine.tests.Test_PageView.TestSetup(Test_PageView.java:25)
... Removed 31 stack frames]]>
    </failure>
  </testcase> <!-- @BeforeClass TestSetup -->
  <testcase name="verify_login_page_collect_view" time="0.0" classname="com.shine.tests.Test_PageView">
    <skipped/>
  </testcase> <!-- verify_login_page_collect_view -->
  <testcase name="verify_nlog_jsrp_page_collect_view" time="0.0" classname="com.shine.tests.Test_PageView">
    <skipped/>
  </testcase> <!-- verify_nlog_jsrp_page_collect_view -->
  <testcase name="verify_nlog_jd_page_collect_view" time="0.0" classname="com.shine.tests.Test_PageView">
    <skipped/>
  </testcase> <!-- verify_nlog_jd_page_collect_view -->
  <testcase name="verify_home_page_collect_view" time="0.0" classname="com.shine.tests.Test_PageView">
    <skipped/>
  </testcase> <!-- verify_home_page_collect_view -->
  <testcase name="verify_profile_page_collect_view" time="0.0" classname="com.shine.tests.Test_PageView">
    <skipped/>
  </testcase> <!-- verify_profile_page_collect_view -->
  <testcase name="verify_inbox_job_alert_page_collect_view" time="0.0" classname="com.shine.tests.Test_PageView">
    <skipped/>
  </testcase> <!-- verify_inbox_job_alert_page_collect_view -->
  <testcase name="verify_inbox_recruiter_page_collect_view" time="0.0" classname="com.shine.tests.Test_PageView">
    <skipped/>
  </testcase> <!-- verify_inbox_recruiter_page_collect_view -->
  <testcase name="verify_job_alert_page_collect_view" time="0.0" classname="com.shine.tests.Test_PageView">
    <skipped/>
  </testcase> <!-- verify_job_alert_page_collect_view -->
  <testcase name="verify_activity_page_collect_view" time="0.0" classname="com.shine.tests.Test_PageView">
    <skipped/>
  </testcase> <!-- verify_activity_page_collect_view -->
  <testcase name="verify_account_setting_page_collect_view" time="0.0" classname="com.shine.tests.Test_PageView">
    <skipped/>
  </testcase> <!-- verify_account_setting_page_collect_view -->
  <testcase name="verify_jsrp_page_collect_view" time="0.0" classname="com.shine.tests.Test_PageView">
    <skipped/>
  </testcase> <!-- verify_jsrp_page_collect_view -->
  <testcase name="verify_jd_page_collect_view" time="0.0" classname="com.shine.tests.Test_PageView">
    <skipped/>
  </testcase> <!-- verify_jd_page_collect_view -->
</testsuite> <!-- Page View Test -->
