<?xml version="1.0" encoding="UTF-8"?>
<!-- Generated by org.testng.reporters.JUnitXMLReporter -->
<testsuite hostname="admins-MacBook-Pro.local" ignored="0" name="Register to Apply" tests="4" failures="0" timestamp="11 Mar 2020 16:34:23 GMT" time="0.013" errors="0">
  <testcase name="@BeforeMethod TestSetup" time="0.006" classname="com.shine.tests.Test_RegBeforeApply">
    <failure type="java.lang.RuntimeException" message="Unable to find a free port">
      <![CDATA[java.lang.RuntimeException: Unable to find a free port
at org.openqa.selenium.net.PortProber.findFreePort(PortProber.java:67)
at org.openqa.selenium.remote.service.DriverService$Builder.build(DriverService.java:351)
at org.openqa.selenium.chrome.ChromeDriverService.createDefaultService(ChromeDriverService.java:94)
at com.shine.base.TestBaseSetup.initChromeDriver(TestBaseSetup.java:264)
at com.shine.base.TestBaseSetup.setDriver(TestBaseSetup.java:145)
at com.shine.base.TestBaseSetup.getDriver(TestBaseSetup.java:121)
at com.shine.tests.Test_RegBeforeApply.TestSetup(Test_RegBeforeApply.java:43)
... Removed 33 stack frames]]>
    </failure>
  </testcase> <!-- @BeforeMethod TestSetup -->
  <testcase name="@BeforeMethod TestSetup" time="0.0" classname="com.shine.tests.Test_RegBeforeApply">
    <skipped/>
  </testcase> <!-- @BeforeMethod TestSetup -->
  <testcase name="@BeforeMethod TestSetup" time="0.0" classname="com.shine.tests.Test_RegBeforeApply">
    <skipped/>
  </testcase> <!-- @BeforeMethod TestSetup -->
  <testcase name="@BeforeMethod TestSetup" time="0.0" classname="com.shine.tests.Test_RegBeforeApply">
    <skipped/>
  </testcase> <!-- @BeforeMethod TestSetup -->
  <testcase name="testRegisterBeforeApplyFromJD" time="0.0" classname="com.shine.tests.Test_RegBeforeApply">
    <skipped/>
  </testcase> <!-- testRegisterBeforeApplyFromJD -->
  <testcase name="testLinkedinapplyfromJD" time="0.0" classname="com.shine.tests.Test_RegBeforeApply">
    <skipped/>
  </testcase> <!-- testLinkedinapplyfromJD -->
  <testcase name="testLinkedinapplyJSRP" time="0.0" classname="com.shine.tests.Test_RegBeforeApply">
    <skipped/>
  </testcase> <!-- testLinkedinapplyJSRP -->
  <testcase name="testApplyRegisterfromJSRP" time="0.0" classname="com.shine.tests.Test_RegBeforeApply">
    <skipped/>
  </testcase> <!-- testApplyRegisterfromJSRP -->
</testsuite> <!-- Register to Apply -->
