<?xml version="1.0" encoding="UTF-8"?>
<!-- Generated by org.testng.reporters.JUnitXMLReporter -->
<testsuite hostname="admins-MacBook-Pro.local" ignored="0" name="Related Links" tests="6" failures="0" timestamp="11 Mar 2020 16:33:28 GMT" time="0.012" errors="0">
  <testcase name="@BeforeClass TestSetup" time="0.003" classname="com.shine.tests.Test_RelatedLinks">
    <failure type="java.lang.RuntimeException" message="Unable to find a free port">
      <![CDATA[java.lang.RuntimeException: Unable to find a free port
at org.openqa.selenium.net.PortProber.findFreePort(PortProber.java:67)
at org.openqa.selenium.remote.service.DriverService$Builder.build(DriverService.java:351)
at org.openqa.selenium.chrome.ChromeDriverService.createDefaultService(ChromeDriverService.java:94)
at com.shine.base.TestBaseSetup.initChromeDriver(TestBaseSetup.java:264)
at com.shine.base.TestBaseSetup.setDriver(TestBaseSetup.java:145)
at com.shine.base.TestBaseSetup.getDriver(TestBaseSetup.java:121)
at com.shine.tests.Test_RelatedLinks.TestSetup(Test_RelatedLinks.java:37)
... Removed 31 stack frames]]>
    </failure>
  </testcase> <!-- @BeforeClass TestSetup -->
  <testcase name="open_related_link" time="0.0" classname="com.shine.tests.Test_RelatedLinks">
    <skipped/>
  </testcase> <!-- open_related_link -->
  <testcase name="verify_realted_link_skills" time="0.0" classname="com.shine.tests.Test_RelatedLinks">
    <skipped/>
  </testcase> <!-- verify_realted_link_skills -->
  <testcase name="verify_realted_link_locations" time="0.0" classname="com.shine.tests.Test_RelatedLinks">
    <skipped/>
  </testcase> <!-- verify_realted_link_locations -->
  <testcase name="open_loggedin_related_link" time="0.0" classname="com.shine.tests.Test_RelatedLinks">
    <skipped/>
  </testcase> <!-- open_loggedin_related_link -->
  <testcase name="verify_loggedin_realted_link_skills" time="0.0" classname="com.shine.tests.Test_RelatedLinks">
    <skipped/>
  </testcase> <!-- verify_loggedin_realted_link_skills -->
  <testcase name="verify_loggedin_realted_link_locations" time="0.0" classname="com.shine.tests.Test_RelatedLinks">
    <skipped/>
  </testcase> <!-- verify_loggedin_realted_link_locations -->
</testsuite> <!-- Related Links -->
