<?xml version="1.0" encoding="UTF-8"?>
<!-- Generated by org.testng.reporters.JUnitXMLReporter -->
<testsuite hostname="admins-MacBook-Pro.local" ignored="0" name="Related Faq" tests="2" failures="0" timestamp="11 Mar 2020 16:35:48 GMT" time="0.004" errors="0">
  <testcase name="@BeforeClass TestSetup" time="0.002" classname="com.shine.tests.Test_RelatedFaq">
    <failure type="java.lang.RuntimeException" message="Unable to find a free port">
      <![CDATA[java.lang.RuntimeException: Unable to find a free port
at org.openqa.selenium.net.PortProber.findFreePort(PortProber.java:67)
at org.openqa.selenium.remote.service.DriverService$Builder.build(DriverService.java:351)
at org.openqa.selenium.chrome.ChromeDriverService.createDefaultService(ChromeDriverService.java:94)
at com.shine.base.TestBaseSetup.initChromeDriver(TestBaseSetup.java:264)
at com.shine.base.TestBaseSetup.setDriver(TestBaseSetup.java:145)
at com.shine.base.TestBaseSetup.getDriver(TestBaseSetup.java:121)
at com.shine.tests.Test_RelatedFaq.TestSetup(Test_RelatedFaq.java:31)
... Removed 31 stack frames]]>
    </failure>
  </testcase> <!-- @BeforeClass TestSetup -->
  <testcase name="open_related_faq" time="0.0" classname="com.shine.tests.Test_RelatedFaq">
    <skipped/>
  </testcase> <!-- open_related_faq -->
  <testcase name="verify_related_faq_quest" time="0.0" classname="com.shine.tests.Test_RelatedFaq">
    <skipped/>
  </testcase> <!-- verify_related_faq_quest -->
</testsuite> <!-- Related Faq -->
