<?xml version="1.0" encoding="UTF-8"?>
<!-- Generated by org.testng.reporters.JUnitXMLReporter -->
<testsuite hostname="admins-MacBook-Pro.local" ignored="0" name="User Settings" tests="14" failures="0" timestamp="11 Mar 2020 16:35:28 GMT" time="0.015" errors="0">
  <testcase name="@BeforeClass TestSetup" time="0.001" classname="com.shine.tests.Test_AccountSettings">
    <failure type="java.lang.RuntimeException" message="Unable to find a free port">
      <![CDATA[java.lang.RuntimeException: Unable to find a free port
at org.openqa.selenium.net.PortProber.findFreePort(PortProber.java:67)
at org.openqa.selenium.remote.service.DriverService$Builder.build(DriverService.java:351)
at org.openqa.selenium.chrome.ChromeDriverService.createDefaultService(ChromeDriverService.java:94)
at com.shine.base.TestBaseSetup.initChromeDriver(TestBaseSetup.java:264)
at com.shine.base.TestBaseSetup.setDriver(TestBaseSetup.java:145)
at com.shine.base.TestBaseSetup.getDriver(TestBaseSetup.java:121)
at com.shine.tests.Test_AccountSettings.TestSetup(Test_AccountSettings.java:51)
... Removed 31 stack frames]]>
    </failure>
  </testcase> <!-- @BeforeClass TestSetup -->
  <testcase name="test_OpenAccountSettings" time="0.0" classname="com.shine.tests.Test_AccountSettings">
    <skipped/>
  </testcase> <!-- test_OpenAccountSettings -->
  <testcase name="verify_change_password_button" time="0.0" classname="com.shine.tests.Test_AccountSettings">
    <skipped/>
  </testcase> <!-- verify_change_password_button -->
  <testcase name="verify_new_password_validation" time="0.0" classname="com.shine.tests.Test_AccountSettings">
    <skipped/>
  </testcase> <!-- verify_new_password_validation -->
  <testcase name="verify_confirm_password_validation" time="0.0" classname="com.shine.tests.Test_AccountSettings">
    <skipped/>
  </testcase> <!-- verify_confirm_password_validation -->
  <testcase name="verify_old_password_validation" time="0.0" classname="com.shine.tests.Test_AccountSettings">
    <skipped/>
  </testcase> <!-- verify_old_password_validation -->
  <testcase name="verify_change_password" time="0.0" classname="com.shine.tests.Test_AccountSettings">
    <skipped/>
  </testcase> <!-- verify_change_password -->
  <testcase name="test_OpenAccountSettings_URL" time="0.0" classname="com.shine.tests.Test_AccountSettings">
    <skipped/>
  </testcase> <!-- test_OpenAccountSettings_URL -->
  <testcase name="verify_edit_profile_status" time="0.0" classname="com.shine.tests.Test_AccountSettings">
    <skipped/>
  </testcase> <!-- verify_edit_profile_status -->
  <testcase name="verify_email_alert_status" time="0.0" classname="com.shine.tests.Test_AccountSettings">
    <skipped/>
  </testcase> <!-- verify_email_alert_status -->
  <testcase name="verify_privacy_status" time="0.0" classname="com.shine.tests.Test_AccountSettings">
    <skipped/>
  </testcase> <!-- verify_privacy_status -->
  <testcase name="verify_sms_alert_flag" time="0.0" classname="com.shine.tests.Test_AccountSettings">
    <skipped/>
  </testcase> <!-- verify_sms_alert_flag -->
  <testcase name="verify_receive_other_product_info" time="0.0" classname="com.shine.tests.Test_AccountSettings">
    <skipped/>
  </testcase> <!-- verify_receive_other_product_info -->
  <testcase name="verify_recruiter_and_shine_partner_email" time="0.0" classname="com.shine.tests.Test_AccountSettings">
    <skipped/>
  </testcase> <!-- verify_recruiter_and_shine_partner_email -->
  <testcase name="verify_select_all" time="0.0" classname="com.shine.tests.Test_AccountSettings">
    <skipped/>
  </testcase> <!-- verify_select_all -->
</testsuite> <!-- User Settings -->
