<?xml version="1.0" encoding="UTF-8"?>
<!-- Generated by org.testng.reporters.JUnitXMLReporter -->
<testsuite hostname="admins-MacBook-Pro.local" ignored="0" name="Verify Similar Job Front end" tests="12" failures="0" timestamp="11 Mar 2020 16:35:43 GMT" time="0.007" errors="0">
  <testcase name="@BeforeClass TestSetup" time="0.002" classname="com.shine.tests.Test_SimilarJob">
    <failure type="java.lang.RuntimeException" message="Unable to find a free port">
      <![CDATA[java.lang.RuntimeException: Unable to find a free port
at org.openqa.selenium.net.PortProber.findFreePort(PortProber.java:67)
at org.openqa.selenium.remote.service.DriverService$Builder.build(DriverService.java:351)
at org.openqa.selenium.chrome.ChromeDriverService.createDefaultService(ChromeDriverService.java:94)
at com.shine.base.TestBaseSetup.initChromeDriver(TestBaseSetup.java:264)
at com.shine.base.TestBaseSetup.setDriver(TestBaseSetup.java:145)
at com.shine.base.TestBaseSetup.getDriver(TestBaseSetup.java:121)
at com.shine.tests.Test_SimilarJob.TestSetup(Test_SimilarJob.java:42)
... Removed 31 stack frames]]>
    </failure>
  </testcase> <!-- @BeforeClass TestSetup -->
  <testcase name="test_contractual_jobs" time="0.0" classname="com.shine.tests.Test_SimilarJob">
    <skipped/>
  </testcase> <!-- test_contractual_jobs -->
  <testcase name="verify_contractual_job_jd" time="0.0" classname="com.shine.tests.Test_SimilarJob">
    <skipped/>
  </testcase> <!-- verify_contractual_job_jd -->
  <testcase name="test_internship_jobs" time="0.0" classname="com.shine.tests.Test_SimilarJob">
    <skipped/>
  </testcase> <!-- test_internship_jobs -->
  <testcase name="verify_internship_job_jd" time="0.0" classname="com.shine.tests.Test_SimilarJob">
    <skipped/>
  </testcase> <!-- verify_internship_job_jd -->
  <testcase name="test_wfh_job_jobs" time="0.0" classname="com.shine.tests.Test_SimilarJob">
    <skipped/>
  </testcase> <!-- test_wfh_job_jobs -->
  <testcase name="verify_wfh_job_jd" time="0.0" classname="com.shine.tests.Test_SimilarJob">
    <skipped/>
  </testcase> <!-- verify_wfh_job_jd -->
  <testcase name="verify_loggedin_contractual_job_jd" time="0.0" classname="com.shine.tests.Test_SimilarJob">
    <skipped/>
  </testcase> <!-- verify_loggedin_contractual_job_jd -->
  <testcase name="verify_loggedin_contractual_job_jd_similar_jobs" time="0.0" classname="com.shine.tests.Test_SimilarJob">
    <skipped/>
  </testcase> <!-- verify_loggedin_contractual_job_jd_similar_jobs -->
  <testcase name="verify_loggedin_internship_job_jd" time="0.001" classname="com.shine.tests.Test_SimilarJob">
    <skipped/>
  </testcase> <!-- verify_loggedin_internship_job_jd -->
  <testcase name="verify_loggedin_internship_job_jd_similar_jobs" time="0.0" classname="com.shine.tests.Test_SimilarJob">
    <skipped/>
  </testcase> <!-- verify_loggedin_internship_job_jd_similar_jobs -->
  <testcase name="verify_loggein_wfh_job_jd" time="0.0" classname="com.shine.tests.Test_SimilarJob">
    <skipped/>
  </testcase> <!-- verify_loggein_wfh_job_jd -->
  <testcase name="verify_loggedin_wfh_job_jd_similar_jobs" time="0.0" classname="com.shine.tests.Test_SimilarJob">
    <skipped/>
  </testcase> <!-- verify_loggedin_wfh_job_jd_similar_jobs -->
</testsuite> <!-- Verify Similar Job Front end -->
