<?xml version="1.0" encoding="UTF-8"?>
<!-- Generated by org.testng.reporters.JUnitXMLReporter -->
<testsuite hostname="admins-MacBook-Pro.local" ignored="0" name="Verify Google Analytic Code" tests="7" failures="0" timestamp="11 Mar 2020 16:35:58 GMT" time="0.013" errors="0">
  <testcase name="@BeforeClass TestSetup" time="0.002" classname="com.shine.tests.Test_G_Analytic">
    <failure type="java.lang.RuntimeException" message="Unable to find a free port">
      <![CDATA[java.lang.RuntimeException: Unable to find a free port
at org.openqa.selenium.net.PortProber.findFreePort(PortProber.java:67)
at org.openqa.selenium.remote.service.DriverService$Builder.build(DriverService.java:351)
at org.openqa.selenium.chrome.ChromeDriverService.createDefaultService(ChromeDriverService.java:94)
at com.shine.base.TestBaseSetup.initChromeDriver(TestBaseSetup.java:264)
at com.shine.base.TestBaseSetup.setDriver(TestBaseSetup.java:145)
at com.shine.base.TestBaseSetup.getDriver(TestBaseSetup.java:121)
at com.shine.tests.Test_G_Analytic.TestSetup(Test_G_Analytic.java:26)
... Removed 31 stack frames]]>
    </failure>
  </testcase> <!-- @BeforeClass TestSetup -->
  <testcase name="verify_g_analytic_tracking_code" time="0.0" classname="com.shine.tests.Test_G_Analytic">
    <skipped/>
  </testcase> <!-- verify_g_analytic_tracking_code -->
  <testcase name="verify_g_analytic_tracking_code1" time="0.0" classname="com.shine.tests.Test_G_Analytic">
    <skipped/>
  </testcase> <!-- verify_g_analytic_tracking_code1 -->
  <testcase name="verify_g_analytic_tracking_code2" time="0.0" classname="com.shine.tests.Test_G_Analytic">
    <skipped/>
  </testcase> <!-- verify_g_analytic_tracking_code2 -->
  <testcase name="verify_g_analytic_tracking_code3" time="0.0" classname="com.shine.tests.Test_G_Analytic">
    <skipped/>
  </testcase> <!-- verify_g_analytic_tracking_code3 -->
  <testcase name="verify_loggedin_g_analytic_tracking_code" time="0.0" classname="com.shine.tests.Test_G_Analytic">
    <skipped/>
  </testcase> <!-- verify_loggedin_g_analytic_tracking_code -->
  <testcase name="verify_loggedin_g_analytic_tracking_code1" time="0.0" classname="com.shine.tests.Test_G_Analytic">
    <skipped/>
  </testcase> <!-- verify_loggedin_g_analytic_tracking_code1 -->
  <testcase name="verify_loggedin_google_tracking_code2" time="0.0" classname="com.shine.tests.Test_G_Analytic">
    <skipped/>
  </testcase> <!-- verify_loggedin_google_tracking_code2 -->
</testsuite> <!-- Verify Google Analytic Code -->
