<?xml version="1.0" encoding="UTF-8"?>
<!-- Generated by org.testng.reporters.JUnitXMLReporter -->
<testsuite hostname="admins-MacBook-Pro.local" ignored="0" name="Verify Download Resume" tests="4" failures="0" timestamp="11 Mar 2020 16:32:37 GMT" time="0.095" errors="0">
  <testcase name="@BeforeClass TestSetup" time="0.087" classname="com.shine.tests.Test_ResumeDownload">
    <failure type="java.lang.RuntimeException" message="Unable to find a free port">
      <![CDATA[java.lang.RuntimeException: Unable to find a free port
at org.openqa.selenium.net.PortProber.findFreePort(PortProber.java:67)
at org.openqa.selenium.remote.service.DriverService$Builder.build(DriverService.java:351)
at org.openqa.selenium.chrome.ChromeDriverService.createDefaultService(ChromeDriverService.java:94)
at com.shine.base.TestBaseSetup.initChromeDriver(TestBaseSetup.java:264)
at com.shine.base.TestBaseSetup.setDriver(TestBaseSetup.java:145)
at com.shine.base.TestBaseSetup.getDriver(TestBaseSetup.java:121)
at com.shine.tests.Test_ResumeDownload.TestSetup(Test_ResumeDownload.java:39)
... Removed 31 stack frames]]>
    </failure>
  </testcase> <!-- @BeforeClass TestSetup -->
  <testcase name="test_resume_download" time="0.0" classname="com.shine.tests.Test_ResumeDownload">
    <skipped/>
  </testcase> <!-- test_resume_download -->
  <testcase name="verify_resume_download" time="0.0" classname="com.shine.tests.Test_ResumeDownload">
    <skipped/>
  </testcase> <!-- verify_resume_download -->
  <testcase name="read_word_file" time="0.0" classname="com.shine.tests.Test_ResumeDownload">
    <skipped/>
  </testcase> <!-- read_word_file -->
  <testcase name="match_word_file_byte_codes" time="0.0" classname="com.shine.tests.Test_ResumeDownload">
    <skipped/>
  </testcase> <!-- match_word_file_byte_codes -->
</testsuite> <!-- Verify Download Resume -->
