<?xml version="1.0" encoding="UTF-8"?>
<!-- Generated by org.testng.reporters.JUnitXMLReporter -->
<testsuite hostname="admins-MacBook-Pro.local" ignored="0" name="Verify Bad Profile" tests="9" failures="0" timestamp="11 Mar 2020 16:33:58 GMT" time="0.013" errors="0">
  <testcase name="@BeforeClass TestSetup" time="0.002" classname="com.shine.tests.Test_BadWordProfile">
    <failure type="java.lang.RuntimeException" message="Unable to find a free port">
      <![CDATA[java.lang.RuntimeException: Unable to find a free port
at org.openqa.selenium.net.PortProber.findFreePort(PortProber.java:67)
at org.openqa.selenium.remote.service.DriverService$Builder.build(DriverService.java:351)
at org.openqa.selenium.chrome.ChromeDriverService.createDefaultService(ChromeDriverService.java:94)
at com.shine.base.TestBaseSetup.initChromeDriver(TestBaseSetup.java:264)
at com.shine.base.TestBaseSetup.setDriver(TestBaseSetup.java:145)
at com.shine.base.TestBaseSetup.getDriver(TestBaseSetup.java:121)
at com.shine.tests.Test_BadWordProfile.TestSetup(Test_BadWordProfile.java:38)
... Removed 31 stack frames]]>
    </failure>
  </testcase> <!-- @BeforeClass TestSetup -->
  <testcase name="verify_alert" time="0.0" classname="com.shine.tests.Test_BadWordProfile">
    <skipped/>
  </testcase> <!-- verify_alert -->
  <testcase name="verify_alert_Text" time="0.0" classname="com.shine.tests.Test_BadWordProfile">
    <skipped/>
  </testcase> <!-- verify_alert_Text -->
  <testcase name="verify_button_Presence" time="0.0" classname="com.shine.tests.Test_BadWordProfile">
    <skipped/>
  </testcase> <!-- verify_button_Presence -->
  <testcase name="verify_contactUS_btn" time="0.0" classname="com.shine.tests.Test_BadWordProfile">
    <skipped/>
  </testcase> <!-- verify_contactUS_btn -->
  <testcase name="verify_editProfile_btn" time="0.0" classname="com.shine.tests.Test_BadWordProfile">
    <skipped/>
  </testcase> <!-- verify_editProfile_btn -->
  <testcase name="verify_profile_work_exp_edit" time="0.0" classname="com.shine.tests.Test_BadWordProfile">
    <skipped/>
  </testcase> <!-- verify_profile_work_exp_edit -->
  <testcase name="verify_profile_job_detail_edit" time="0.0" classname="com.shine.tests.Test_BadWordProfile">
    <skipped/>
  </testcase> <!-- verify_profile_job_detail_edit -->
  <testcase name="verify_profile_skill_edit" time="0.0" classname="com.shine.tests.Test_BadWordProfile">
    <skipped/>
  </testcase> <!-- verify_profile_skill_edit -->
  <testcase name="verify_profile_certification_edit" time="0.0" classname="com.shine.tests.Test_BadWordProfile">
    <skipped/>
  </testcase> <!-- verify_profile_certification_edit -->
</testsuite> <!-- Verify Bad Profile -->
