<?xml version="1.0" encoding="UTF-8"?>
<!-- Generated by org.testng.reporters.JUnitXMLReporter -->
<testsuite hostname="admins-MacBook-Pro.local" ignored="0" name="Verify Revival Flow" tests="11" failures="0" timestamp="11 Mar 2020 16:35:38 GMT" time="0.164" errors="0">
  <testcase name="@BeforeClass TestSetup" time="0.147" classname="com.shine.tests.Test_RevivalFlow">
    <failure type="java.lang.RuntimeException" message="Unable to find a free port">
      <![CDATA[java.lang.RuntimeException: Unable to find a free port
at org.openqa.selenium.net.PortProber.findFreePort(PortProber.java:67)
at org.openqa.selenium.remote.service.DriverService$Builder.build(DriverService.java:351)
at org.openqa.selenium.chrome.ChromeDriverService.createDefaultService(ChromeDriverService.java:94)
at com.shine.base.TestBaseSetup.initChromeDriver(TestBaseSetup.java:264)
at com.shine.base.TestBaseSetup.setDriver(TestBaseSetup.java:145)
at com.shine.base.TestBaseSetup.getDriver(TestBaseSetup.java:121)
at com.shine.tests.Test_RevivalFlow.TestSetup(Test_RevivalFlow.java:49)
... Removed 31 stack frames]]>
    </failure>
  </testcase> <!-- @BeforeClass TestSetup -->
  <testcase name="open_revival_flow_url" time="0.0" classname="com.shine.tests.Test_RevivalFlow">
    <skipped/>
  </testcase> <!-- open_revival_flow_url -->
  <testcase name="open_revival_flow_popup" time="0.0" classname="com.shine.tests.Test_RevivalFlow">
    <skipped/>
  </testcase> <!-- open_revival_flow_popup -->
  <testcase name="select_salart_from_frop_down" time="0.0" classname="com.shine.tests.Test_RevivalFlow">
    <skipped/>
  </testcase> <!-- select_salart_from_frop_down -->
  <testcase name="select_experience_from_frop_down" time="0.0" classname="com.shine.tests.Test_RevivalFlow">
    <skipped/>
  </testcase> <!-- select_experience_from_frop_down -->
  <testcase name="enter_company_name" time="0.0" classname="com.shine.tests.Test_RevivalFlow">
    <skipped/>
  </testcase> <!-- enter_company_name -->
  <testcase name="enter_job_title" time="0.0" classname="com.shine.tests.Test_RevivalFlow">
    <skipped/>
  </testcase> <!-- enter_job_title -->
  <testcase name="select_industry_from_frop_down" time="0.0" classname="com.shine.tests.Test_RevivalFlow">
    <skipped/>
  </testcase> <!-- select_industry_from_frop_down -->
  <testcase name="select_fa_from_frop_down" time="0.0" classname="com.shine.tests.Test_RevivalFlow">
    <skipped/>
  </testcase> <!-- select_fa_from_frop_down -->
  <testcase name="select_job_start_date" time="0.0" classname="com.shine.tests.Test_RevivalFlow">
    <skipped/>
  </testcase> <!-- select_job_start_date -->
  <testcase name="click_on_save_button" time="0.0" classname="com.shine.tests.Test_RevivalFlow">
    <skipped/>
  </testcase> <!-- click_on_save_button -->
  <testcase name="verify_employment_details" time="0.0" classname="com.shine.tests.Test_RevivalFlow">
    <skipped/>
  </testcase> <!-- verify_employment_details -->
</testsuite> <!-- Verify Revival Flow -->
