<html>
<head>
<title>TestNG:  Verify Revival Flow</title>
<link href="../testng.css" rel="stylesheet" type="text/css" />
<link href="../my-testng.css" rel="stylesheet" type="text/css" />

<style type="text/css">
.log { display: none;} 
.stack-trace { display: none;} 
</style>
<script type="text/javascript">
<!--
function flip(e) {
  current = e.style.display;
  if (current == 'block') {
    e.style.display = 'none';
    return 0;
  }
  else {
    e.style.display = 'block';
    return 1;
  }
}

function toggleBox(szDivId, elem, msg1, msg2)
{
  var res = -1;  if (document.getElementById) {
    res = flip(document.getElementById(szDivId));
  }
  else if (document.all) {
    // this is the way old msie versions work
    res = flip(document.all[szDivId]);
  }
  if(elem) {
    if(res == 0) elem.innerHTML = msg1; else elem.innerHTML = msg2;
  }

}

function toggleAllBoxes() {
  if (document.getElementsByTagName) {
    d = document.getElementsByTagName('div');
    for (i = 0; i < d.length; i++) {
      if (d[i].className == 'log') {
        flip(d[i]);
      }
    }
  }
}

// -->
</script>

</head>
<body>
<h2 align='center'>Verify Revival Flow</h2><table border='1' align="center">
<tr>
<td>Tests passed/Failed/Skipped:</td><td>0/0/11</td>
</tr><tr>
<td>Started on:</td><td>Wed Mar 11 22:05:33 IST 2020</td>
</tr>
<tr><td>Total time:</td><td>0 seconds (164 ms)</td>
</tr><tr>
<td>Included groups:</td><td></td>
</tr><tr>
<td>Excluded groups:</td><td></td>
</tr>
</table><p/>
<small><i>(Hover the method name to see the test class name)</i></small><p/>
<table width='100%' border='1' class='invocation-failed'>
<tr><td colspan='4' align='center'><b>FAILED CONFIGURATIONS</b></td></tr>
<tr><td><b>Test method</b></td>
<td width="30%"><b>Exception</b></td>
<td width="10%"><b>Time (seconds)</b></td>
<td><b>Instance</b></td>
</tr>
<tr>
<td title='com.shine.tests.Test_RevivalFlow.TestSetup()'><b>TestSetup</b><br>Test class: com.shine.tests.Test_RevivalFlow</td>
<td><div><pre>java.lang.RuntimeException: Unable to find a free port
	at org.openqa.selenium.net.PortProber.findFreePort(PortProber.java:67)
	at org.openqa.selenium.remote.service.DriverService$Builder.build(DriverService.java:351)
	at org.openqa.selenium.chrome.ChromeDriverService.createDefaultService(ChromeDriverService.java:94)
	at com.shine.base.TestBaseSetup.initChromeDriver(TestBaseSetup.java:264)
	at com.shine.base.TestBaseSetup.setDriver(TestBaseSetup.java:145)
	at com.shine.base.TestBaseSetup.getDriver(TestBaseSetup.java:121)
	at com.shine.tests.Test_RevivalFlow.TestSetup(Test_RevivalFlow.java:49)
... Removed 31 stack frames</pre></div><a href='#' onClick='toggleBox("stack-trace987666875", this, "Click to show all stack frames", "Click to hide stack frames")'>Click to show all stack frames</a>
<div class='stack-trace' id='stack-trace987666875'><pre>java.lang.RuntimeException: Unable to find a free port
	at org.openqa.selenium.net.PortProber.findFreePort(PortProber.java:67)
	at org.openqa.selenium.remote.service.DriverService$Builder.build(DriverService.java:351)
	at org.openqa.selenium.chrome.ChromeDriverService.createDefaultService(ChromeDriverService.java:94)
	at com.shine.base.TestBaseSetup.initChromeDriver(TestBaseSetup.java:264)
	at com.shine.base.TestBaseSetup.setDriver(TestBaseSetup.java:145)
	at com.shine.base.TestBaseSetup.getDriver(TestBaseSetup.java:121)
	at com.shine.tests.Test_RevivalFlow.TestSetup(Test_RevivalFlow.java:49)
	at sun.reflect.NativeMethodAccessorImpl.invoke0(Native Method)
	at sun.reflect.NativeMethodAccessorImpl.invoke(NativeMethodAccessorImpl.java:62)
	at sun.reflect.DelegatingMethodAccessorImpl.invoke(DelegatingMethodAccessorImpl.java:43)
	at java.lang.reflect.Method.invoke(Method.java:498)
	at org.testng.internal.MethodInvocationHelper.invokeMethod(MethodInvocationHelper.java:124)
	at org.testng.internal.MethodInvocationHelper.invokeMethodConsideringTimeout(MethodInvocationHelper.java:59)
	at org.testng.internal.Invoker.invokeConfigurationMethod(Invoker.java:458)
	at org.testng.internal.Invoker.invokeConfigurations(Invoker.java:222)
	at org.testng.internal.Invoker.invokeConfigurations(Invoker.java:142)
	at org.testng.internal.TestMethodWorker.invokeBeforeClassMethods(TestMethodWorker.java:168)
	at org.testng.internal.TestMethodWorker.run(TestMethodWorker.java:105)
	at org.testng.TestRunner.privateRun(TestRunner.java:648)
	at org.testng.TestRunner.run(TestRunner.java:505)
	at org.testng.SuiteRunner.runTest(SuiteRunner.java:455)
	at org.testng.SuiteRunner.runSequentially(SuiteRunner.java:450)
	at org.testng.SuiteRunner.privateRun(SuiteRunner.java:415)
	at org.testng.SuiteRunner.run(SuiteRunner.java:364)
	at org.testng.SuiteRunnerWorker.runSuite(SuiteRunnerWorker.java:52)
	at org.testng.SuiteRunnerWorker.run(SuiteRunnerWorker.java:84)
	at org.testng.TestNG.runSuitesSequentially(TestNG.java:1208)
	at org.testng.TestNG.runSuitesSequentially(TestNG.java:1204)
	at org.testng.TestNG.runSuitesLocally(TestNG.java:1137)
	at org.testng.TestNG.runSuites(TestNG.java:1049)
	at org.testng.TestNG.run(TestNG.java:1017)
	at org.apache.maven.surefire.testng.TestNGExecutor.run(TestNGExecutor.java:283)
	at org.apache.maven.surefire.testng.TestNGXmlTestSuite.execute(TestNGXmlTestSuite.java:75)
	at org.apache.maven.surefire.testng.TestNGProvider.invoke(TestNGProvider.java:120)
	at org.apache.maven.surefire.booter.ForkedBooter.invokeProviderInSameClassLoader(ForkedBooter.java:373)
	at org.apache.maven.surefire.booter.ForkedBooter.runSuitesInProcess(ForkedBooter.java:334)
	at org.apache.maven.surefire.booter.ForkedBooter.execute(ForkedBooter.java:119)
	at org.apache.maven.surefire.booter.ForkedBooter.main(ForkedBooter.java:407)
</pre></div></td>
<td>0</td>
<td>com.shine.tests.Test_RevivalFlow@1fd73dcb</td></tr>
</table><p>
<table width='100%' border='1' class='invocation-skipped'>
<tr><td colspan='4' align='center'><b>SKIPPED TESTS</b></td></tr>
<tr><td><b>Test method</b></td>
<td width="30%"><b>Exception</b></td>
<td width="10%"><b>Time (seconds)</b></td>
<td><b>Instance</b></td>
</tr>
<tr>
<td title='com.shine.tests.Test_RevivalFlow.click_on_save_button()'><b>click_on_save_button</b><br>Test class: com.shine.tests.Test_RevivalFlow</td>
<td><div><pre>java.lang.RuntimeException: Unable to find a free port
	at org.openqa.selenium.net.PortProber.findFreePort(PortProber.java:67)
	at org.openqa.selenium.remote.service.DriverService$Builder.build(DriverService.java:351)
	at org.openqa.selenium.chrome.ChromeDriverService.createDefaultService(ChromeDriverService.java:94)
	at com.shine.base.TestBaseSetup.initChromeDriver(TestBaseSetup.java:264)
	at com.shine.base.TestBaseSetup.setDriver(TestBaseSetup.java:145)
	at com.shine.base.TestBaseSetup.getDriver(TestBaseSetup.java:121)
	at com.shine.tests.Test_RevivalFlow.TestSetup(Test_RevivalFlow.java:49)
... Removed 31 stack frames</pre></div><a href='#' onClick='toggleBox("stack-trace2090535958", this, "Click to show all stack frames", "Click to hide stack frames")'>Click to show all stack frames</a>
<div class='stack-trace' id='stack-trace2090535958'><pre>java.lang.RuntimeException: Unable to find a free port
	at org.openqa.selenium.net.PortProber.findFreePort(PortProber.java:67)
	at org.openqa.selenium.remote.service.DriverService$Builder.build(DriverService.java:351)
	at org.openqa.selenium.chrome.ChromeDriverService.createDefaultService(ChromeDriverService.java:94)
	at com.shine.base.TestBaseSetup.initChromeDriver(TestBaseSetup.java:264)
	at com.shine.base.TestBaseSetup.setDriver(TestBaseSetup.java:145)
	at com.shine.base.TestBaseSetup.getDriver(TestBaseSetup.java:121)
	at com.shine.tests.Test_RevivalFlow.TestSetup(Test_RevivalFlow.java:49)
	at sun.reflect.NativeMethodAccessorImpl.invoke0(Native Method)
	at sun.reflect.NativeMethodAccessorImpl.invoke(NativeMethodAccessorImpl.java:62)
	at sun.reflect.DelegatingMethodAccessorImpl.invoke(DelegatingMethodAccessorImpl.java:43)
	at java.lang.reflect.Method.invoke(Method.java:498)
	at org.testng.internal.MethodInvocationHelper.invokeMethod(MethodInvocationHelper.java:124)
	at org.testng.internal.MethodInvocationHelper.invokeMethodConsideringTimeout(MethodInvocationHelper.java:59)
	at org.testng.internal.Invoker.invokeConfigurationMethod(Invoker.java:458)
	at org.testng.internal.Invoker.invokeConfigurations(Invoker.java:222)
	at org.testng.internal.Invoker.invokeConfigurations(Invoker.java:142)
	at org.testng.internal.TestMethodWorker.invokeBeforeClassMethods(TestMethodWorker.java:168)
	at org.testng.internal.TestMethodWorker.run(TestMethodWorker.java:105)
	at org.testng.TestRunner.privateRun(TestRunner.java:648)
	at org.testng.TestRunner.run(TestRunner.java:505)
	at org.testng.SuiteRunner.runTest(SuiteRunner.java:455)
	at org.testng.SuiteRunner.runSequentially(SuiteRunner.java:450)
	at org.testng.SuiteRunner.privateRun(SuiteRunner.java:415)
	at org.testng.SuiteRunner.run(SuiteRunner.java:364)
	at org.testng.SuiteRunnerWorker.runSuite(SuiteRunnerWorker.java:52)
	at org.testng.SuiteRunnerWorker.run(SuiteRunnerWorker.java:84)
	at org.testng.TestNG.runSuitesSequentially(TestNG.java:1208)
	at org.testng.TestNG.runSuitesSequentially(TestNG.java:1204)
	at org.testng.TestNG.runSuitesLocally(TestNG.java:1137)
	at org.testng.TestNG.runSuites(TestNG.java:1049)
	at org.testng.TestNG.run(TestNG.java:1017)
	at org.apache.maven.surefire.testng.TestNGExecutor.run(TestNGExecutor.java:283)
	at org.apache.maven.surefire.testng.TestNGXmlTestSuite.execute(TestNGXmlTestSuite.java:75)
	at org.apache.maven.surefire.testng.TestNGProvider.invoke(TestNGProvider.java:120)
	at org.apache.maven.surefire.booter.ForkedBooter.invokeProviderInSameClassLoader(ForkedBooter.java:373)
	at org.apache.maven.surefire.booter.ForkedBooter.runSuitesInProcess(ForkedBooter.java:334)
	at org.apache.maven.surefire.booter.ForkedBooter.execute(ForkedBooter.java:119)
	at org.apache.maven.surefire.booter.ForkedBooter.main(ForkedBooter.java:407)
</pre></div></td>
<td>0</td>
<td>com.shine.tests.Test_RevivalFlow@1fd73dcb</td></tr>
<tr>
<td title='com.shine.tests.Test_RevivalFlow.enter_company_name()'><b>enter_company_name</b><br>Test class: com.shine.tests.Test_RevivalFlow</td>
<td><div><pre>java.lang.RuntimeException: Unable to find a free port
	at org.openqa.selenium.net.PortProber.findFreePort(PortProber.java:67)
	at org.openqa.selenium.remote.service.DriverService$Builder.build(DriverService.java:351)
	at org.openqa.selenium.chrome.ChromeDriverService.createDefaultService(ChromeDriverService.java:94)
	at com.shine.base.TestBaseSetup.initChromeDriver(TestBaseSetup.java:264)
	at com.shine.base.TestBaseSetup.setDriver(TestBaseSetup.java:145)
	at com.shine.base.TestBaseSetup.getDriver(TestBaseSetup.java:121)
	at com.shine.tests.Test_RevivalFlow.TestSetup(Test_RevivalFlow.java:49)
... Removed 31 stack frames</pre></div><a href='#' onClick='toggleBox("stack-trace1697117834", this, "Click to show all stack frames", "Click to hide stack frames")'>Click to show all stack frames</a>
<div class='stack-trace' id='stack-trace1697117834'><pre>java.lang.RuntimeException: Unable to find a free port
	at org.openqa.selenium.net.PortProber.findFreePort(PortProber.java:67)
	at org.openqa.selenium.remote.service.DriverService$Builder.build(DriverService.java:351)
	at org.openqa.selenium.chrome.ChromeDriverService.createDefaultService(ChromeDriverService.java:94)
	at com.shine.base.TestBaseSetup.initChromeDriver(TestBaseSetup.java:264)
	at com.shine.base.TestBaseSetup.setDriver(TestBaseSetup.java:145)
	at com.shine.base.TestBaseSetup.getDriver(TestBaseSetup.java:121)
	at com.shine.tests.Test_RevivalFlow.TestSetup(Test_RevivalFlow.java:49)
	at sun.reflect.NativeMethodAccessorImpl.invoke0(Native Method)
	at sun.reflect.NativeMethodAccessorImpl.invoke(NativeMethodAccessorImpl.java:62)
	at sun.reflect.DelegatingMethodAccessorImpl.invoke(DelegatingMethodAccessorImpl.java:43)
	at java.lang.reflect.Method.invoke(Method.java:498)
	at org.testng.internal.MethodInvocationHelper.invokeMethod(MethodInvocationHelper.java:124)
	at org.testng.internal.MethodInvocationHelper.invokeMethodConsideringTimeout(MethodInvocationHelper.java:59)
	at org.testng.internal.Invoker.invokeConfigurationMethod(Invoker.java:458)
	at org.testng.internal.Invoker.invokeConfigurations(Invoker.java:222)
	at org.testng.internal.Invoker.invokeConfigurations(Invoker.java:142)
	at org.testng.internal.TestMethodWorker.invokeBeforeClassMethods(TestMethodWorker.java:168)
	at org.testng.internal.TestMethodWorker.run(TestMethodWorker.java:105)
	at org.testng.TestRunner.privateRun(TestRunner.java:648)
	at org.testng.TestRunner.run(TestRunner.java:505)
	at org.testng.SuiteRunner.runTest(SuiteRunner.java:455)
	at org.testng.SuiteRunner.runSequentially(SuiteRunner.java:450)
	at org.testng.SuiteRunner.privateRun(SuiteRunner.java:415)
	at org.testng.SuiteRunner.run(SuiteRunner.java:364)
	at org.testng.SuiteRunnerWorker.runSuite(SuiteRunnerWorker.java:52)
	at org.testng.SuiteRunnerWorker.run(SuiteRunnerWorker.java:84)
	at org.testng.TestNG.runSuitesSequentially(TestNG.java:1208)
	at org.testng.TestNG.runSuitesSequentially(TestNG.java:1204)
	at org.testng.TestNG.runSuitesLocally(TestNG.java:1137)
	at org.testng.TestNG.runSuites(TestNG.java:1049)
	at org.testng.TestNG.run(TestNG.java:1017)
	at org.apache.maven.surefire.testng.TestNGExecutor.run(TestNGExecutor.java:283)
	at org.apache.maven.surefire.testng.TestNGXmlTestSuite.execute(TestNGXmlTestSuite.java:75)
	at org.apache.maven.surefire.testng.TestNGProvider.invoke(TestNGProvider.java:120)
	at org.apache.maven.surefire.booter.ForkedBooter.invokeProviderInSameClassLoader(ForkedBooter.java:373)
	at org.apache.maven.surefire.booter.ForkedBooter.runSuitesInProcess(ForkedBooter.java:334)
	at org.apache.maven.surefire.booter.ForkedBooter.execute(ForkedBooter.java:119)
	at org.apache.maven.surefire.booter.ForkedBooter.main(ForkedBooter.java:407)
</pre></div></td>
<td>0</td>
<td>com.shine.tests.Test_RevivalFlow@1fd73dcb</td></tr>
<tr>
<td title='com.shine.tests.Test_RevivalFlow.enter_job_title()'><b>enter_job_title</b><br>Test class: com.shine.tests.Test_RevivalFlow</td>
<td><div><pre>java.lang.RuntimeException: Unable to find a free port
	at org.openqa.selenium.net.PortProber.findFreePort(PortProber.java:67)
	at org.openqa.selenium.remote.service.DriverService$Builder.build(DriverService.java:351)
	at org.openqa.selenium.chrome.ChromeDriverService.createDefaultService(ChromeDriverService.java:94)
	at com.shine.base.TestBaseSetup.initChromeDriver(TestBaseSetup.java:264)
	at com.shine.base.TestBaseSetup.setDriver(TestBaseSetup.java:145)
	at com.shine.base.TestBaseSetup.getDriver(TestBaseSetup.java:121)
	at com.shine.tests.Test_RevivalFlow.TestSetup(Test_RevivalFlow.java:49)
... Removed 31 stack frames</pre></div><a href='#' onClick='toggleBox("stack-trace2008088356", this, "Click to show all stack frames", "Click to hide stack frames")'>Click to show all stack frames</a>
<div class='stack-trace' id='stack-trace2008088356'><pre>java.lang.RuntimeException: Unable to find a free port
	at org.openqa.selenium.net.PortProber.findFreePort(PortProber.java:67)
	at org.openqa.selenium.remote.service.DriverService$Builder.build(DriverService.java:351)
	at org.openqa.selenium.chrome.ChromeDriverService.createDefaultService(ChromeDriverService.java:94)
	at com.shine.base.TestBaseSetup.initChromeDriver(TestBaseSetup.java:264)
	at com.shine.base.TestBaseSetup.setDriver(TestBaseSetup.java:145)
	at com.shine.base.TestBaseSetup.getDriver(TestBaseSetup.java:121)
	at com.shine.tests.Test_RevivalFlow.TestSetup(Test_RevivalFlow.java:49)
	at sun.reflect.NativeMethodAccessorImpl.invoke0(Native Method)
	at sun.reflect.NativeMethodAccessorImpl.invoke(NativeMethodAccessorImpl.java:62)
	at sun.reflect.DelegatingMethodAccessorImpl.invoke(DelegatingMethodAccessorImpl.java:43)
	at java.lang.reflect.Method.invoke(Method.java:498)
	at org.testng.internal.MethodInvocationHelper.invokeMethod(MethodInvocationHelper.java:124)
	at org.testng.internal.MethodInvocationHelper.invokeMethodConsideringTimeout(MethodInvocationHelper.java:59)
	at org.testng.internal.Invoker.invokeConfigurationMethod(Invoker.java:458)
	at org.testng.internal.Invoker.invokeConfigurations(Invoker.java:222)
	at org.testng.internal.Invoker.invokeConfigurations(Invoker.java:142)
	at org.testng.internal.TestMethodWorker.invokeBeforeClassMethods(TestMethodWorker.java:168)
	at org.testng.internal.TestMethodWorker.run(TestMethodWorker.java:105)
	at org.testng.TestRunner.privateRun(TestRunner.java:648)
	at org.testng.TestRunner.run(TestRunner.java:505)
	at org.testng.SuiteRunner.runTest(SuiteRunner.java:455)
	at org.testng.SuiteRunner.runSequentially(SuiteRunner.java:450)
	at org.testng.SuiteRunner.privateRun(SuiteRunner.java:415)
	at org.testng.SuiteRunner.run(SuiteRunner.java:364)
	at org.testng.SuiteRunnerWorker.runSuite(SuiteRunnerWorker.java:52)
	at org.testng.SuiteRunnerWorker.run(SuiteRunnerWorker.java:84)
	at org.testng.TestNG.runSuitesSequentially(TestNG.java:1208)
	at org.testng.TestNG.runSuitesSequentially(TestNG.java:1204)
	at org.testng.TestNG.runSuitesLocally(TestNG.java:1137)
	at org.testng.TestNG.runSuites(TestNG.java:1049)
	at org.testng.TestNG.run(TestNG.java:1017)
	at org.apache.maven.surefire.testng.TestNGExecutor.run(TestNGExecutor.java:283)
	at org.apache.maven.surefire.testng.TestNGXmlTestSuite.execute(TestNGXmlTestSuite.java:75)
	at org.apache.maven.surefire.testng.TestNGProvider.invoke(TestNGProvider.java:120)
	at org.apache.maven.surefire.booter.ForkedBooter.invokeProviderInSameClassLoader(ForkedBooter.java:373)
	at org.apache.maven.surefire.booter.ForkedBooter.runSuitesInProcess(ForkedBooter.java:334)
	at org.apache.maven.surefire.booter.ForkedBooter.execute(ForkedBooter.java:119)
	at org.apache.maven.surefire.booter.ForkedBooter.main(ForkedBooter.java:407)
</pre></div></td>
<td>0</td>
<td>com.shine.tests.Test_RevivalFlow@1fd73dcb</td></tr>
<tr>
<td title='com.shine.tests.Test_RevivalFlow.open_revival_flow_popup()'><b>open_revival_flow_popup</b><br>Test class: com.shine.tests.Test_RevivalFlow</td>
<td><div><pre>java.lang.Throwable: Method Test_RevivalFlow.open_revival_flow_popup()[pri:2, instance:com.shine.tests.Test_RevivalFlow@1fd73dcb] depends on not successfully finished methods
... Removed 23 stack frames</pre></div><a href='#' onClick='toggleBox("stack-trace826542045", this, "Click to show all stack frames", "Click to hide stack frames")'>Click to show all stack frames</a>
<div class='stack-trace' id='stack-trace826542045'><pre>java.lang.Throwable: Method Test_RevivalFlow.open_revival_flow_popup()[pri:2, instance:com.shine.tests.Test_RevivalFlow@1fd73dcb] depends on not successfully finished methods
	at org.testng.internal.Invoker.invokeTestMethods(Invoker.java:888)
	at org.testng.internal.TestMethodWorker.invokeTestMethods(TestMethodWorker.java:125)
	at org.testng.internal.TestMethodWorker.run(TestMethodWorker.java:109)
	at org.testng.TestRunner.privateRun(TestRunner.java:648)
	at org.testng.TestRunner.run(TestRunner.java:505)
	at org.testng.SuiteRunner.runTest(SuiteRunner.java:455)
	at org.testng.SuiteRunner.runSequentially(SuiteRunner.java:450)
	at org.testng.SuiteRunner.privateRun(SuiteRunner.java:415)
	at org.testng.SuiteRunner.run(SuiteRunner.java:364)
	at org.testng.SuiteRunnerWorker.runSuite(SuiteRunnerWorker.java:52)
	at org.testng.SuiteRunnerWorker.run(SuiteRunnerWorker.java:84)
	at org.testng.TestNG.runSuitesSequentially(TestNG.java:1208)
	at org.testng.TestNG.runSuitesSequentially(TestNG.java:1204)
	at org.testng.TestNG.runSuitesLocally(TestNG.java:1137)
	at org.testng.TestNG.runSuites(TestNG.java:1049)
	at org.testng.TestNG.run(TestNG.java:1017)
	at org.apache.maven.surefire.testng.TestNGExecutor.run(TestNGExecutor.java:283)
	at org.apache.maven.surefire.testng.TestNGXmlTestSuite.execute(TestNGXmlTestSuite.java:75)
	at org.apache.maven.surefire.testng.TestNGProvider.invoke(TestNGProvider.java:120)
	at org.apache.maven.surefire.booter.ForkedBooter.invokeProviderInSameClassLoader(ForkedBooter.java:373)
	at org.apache.maven.surefire.booter.ForkedBooter.runSuitesInProcess(ForkedBooter.java:334)
	at org.apache.maven.surefire.booter.ForkedBooter.execute(ForkedBooter.java:119)
	at org.apache.maven.surefire.booter.ForkedBooter.main(ForkedBooter.java:407)
</pre></div></td>
<td>0</td>
<td>null</td></tr>
<tr>
<td title='com.shine.tests.Test_RevivalFlow.open_revival_flow_url()'><b>open_revival_flow_url</b><br>Test class: com.shine.tests.Test_RevivalFlow</td>
<td><div><pre>java.lang.RuntimeException: Unable to find a free port
	at org.openqa.selenium.net.PortProber.findFreePort(PortProber.java:67)
	at org.openqa.selenium.remote.service.DriverService$Builder.build(DriverService.java:351)
	at org.openqa.selenium.chrome.ChromeDriverService.createDefaultService(ChromeDriverService.java:94)
	at com.shine.base.TestBaseSetup.initChromeDriver(TestBaseSetup.java:264)
	at com.shine.base.TestBaseSetup.setDriver(TestBaseSetup.java:145)
	at com.shine.base.TestBaseSetup.getDriver(TestBaseSetup.java:121)
	at com.shine.tests.Test_RevivalFlow.TestSetup(Test_RevivalFlow.java:49)
... Removed 31 stack frames</pre></div><a href='#' onClick='toggleBox("stack-trace423039171", this, "Click to show all stack frames", "Click to hide stack frames")'>Click to show all stack frames</a>
<div class='stack-trace' id='stack-trace423039171'><pre>java.lang.RuntimeException: Unable to find a free port
	at org.openqa.selenium.net.PortProber.findFreePort(PortProber.java:67)
	at org.openqa.selenium.remote.service.DriverService$Builder.build(DriverService.java:351)
	at org.openqa.selenium.chrome.ChromeDriverService.createDefaultService(ChromeDriverService.java:94)
	at com.shine.base.TestBaseSetup.initChromeDriver(TestBaseSetup.java:264)
	at com.shine.base.TestBaseSetup.setDriver(TestBaseSetup.java:145)
	at com.shine.base.TestBaseSetup.getDriver(TestBaseSetup.java:121)
	at com.shine.tests.Test_RevivalFlow.TestSetup(Test_RevivalFlow.java:49)
	at sun.reflect.NativeMethodAccessorImpl.invoke0(Native Method)
	at sun.reflect.NativeMethodAccessorImpl.invoke(NativeMethodAccessorImpl.java:62)
	at sun.reflect.DelegatingMethodAccessorImpl.invoke(DelegatingMethodAccessorImpl.java:43)
	at java.lang.reflect.Method.invoke(Method.java:498)
	at org.testng.internal.MethodInvocationHelper.invokeMethod(MethodInvocationHelper.java:124)
	at org.testng.internal.MethodInvocationHelper.invokeMethodConsideringTimeout(MethodInvocationHelper.java:59)
	at org.testng.internal.Invoker.invokeConfigurationMethod(Invoker.java:458)
	at org.testng.internal.Invoker.invokeConfigurations(Invoker.java:222)
	at org.testng.internal.Invoker.invokeConfigurations(Invoker.java:142)
	at org.testng.internal.TestMethodWorker.invokeBeforeClassMethods(TestMethodWorker.java:168)
	at org.testng.internal.TestMethodWorker.run(TestMethodWorker.java:105)
	at org.testng.TestRunner.privateRun(TestRunner.java:648)
	at org.testng.TestRunner.run(TestRunner.java:505)
	at org.testng.SuiteRunner.runTest(SuiteRunner.java:455)
	at org.testng.SuiteRunner.runSequentially(SuiteRunner.java:450)
	at org.testng.SuiteRunner.privateRun(SuiteRunner.java:415)
	at org.testng.SuiteRunner.run(SuiteRunner.java:364)
	at org.testng.SuiteRunnerWorker.runSuite(SuiteRunnerWorker.java:52)
	at org.testng.SuiteRunnerWorker.run(SuiteRunnerWorker.java:84)
	at org.testng.TestNG.runSuitesSequentially(TestNG.java:1208)
	at org.testng.TestNG.runSuitesSequentially(TestNG.java:1204)
	at org.testng.TestNG.runSuitesLocally(TestNG.java:1137)
	at org.testng.TestNG.runSuites(TestNG.java:1049)
	at org.testng.TestNG.run(TestNG.java:1017)
	at org.apache.maven.surefire.testng.TestNGExecutor.run(TestNGExecutor.java:283)
	at org.apache.maven.surefire.testng.TestNGXmlTestSuite.execute(TestNGXmlTestSuite.java:75)
	at org.apache.maven.surefire.testng.TestNGProvider.invoke(TestNGProvider.java:120)
	at org.apache.maven.surefire.booter.ForkedBooter.invokeProviderInSameClassLoader(ForkedBooter.java:373)
	at org.apache.maven.surefire.booter.ForkedBooter.runSuitesInProcess(ForkedBooter.java:334)
	at org.apache.maven.surefire.booter.ForkedBooter.execute(ForkedBooter.java:119)
	at org.apache.maven.surefire.booter.ForkedBooter.main(ForkedBooter.java:407)
</pre></div></td>
<td>0</td>
<td>com.shine.tests.Test_RevivalFlow@1fd73dcb</td></tr>
<tr>
<td title='com.shine.tests.Test_RevivalFlow.select_experience_from_frop_down()'><b>select_experience_from_frop_down</b><br>Test class: com.shine.tests.Test_RevivalFlow</td>
<td><div><pre>java.lang.RuntimeException: Unable to find a free port
	at org.openqa.selenium.net.PortProber.findFreePort(PortProber.java:67)
	at org.openqa.selenium.remote.service.DriverService$Builder.build(DriverService.java:351)
	at org.openqa.selenium.chrome.ChromeDriverService.createDefaultService(ChromeDriverService.java:94)
	at com.shine.base.TestBaseSetup.initChromeDriver(TestBaseSetup.java:264)
	at com.shine.base.TestBaseSetup.setDriver(TestBaseSetup.java:145)
	at com.shine.base.TestBaseSetup.getDriver(TestBaseSetup.java:121)
	at com.shine.tests.Test_RevivalFlow.TestSetup(Test_RevivalFlow.java:49)
... Removed 31 stack frames</pre></div><a href='#' onClick='toggleBox("stack-trace1106791345", this, "Click to show all stack frames", "Click to hide stack frames")'>Click to show all stack frames</a>
<div class='stack-trace' id='stack-trace1106791345'><pre>java.lang.RuntimeException: Unable to find a free port
	at org.openqa.selenium.net.PortProber.findFreePort(PortProber.java:67)
	at org.openqa.selenium.remote.service.DriverService$Builder.build(DriverService.java:351)
	at org.openqa.selenium.chrome.ChromeDriverService.createDefaultService(ChromeDriverService.java:94)
	at com.shine.base.TestBaseSetup.initChromeDriver(TestBaseSetup.java:264)
	at com.shine.base.TestBaseSetup.setDriver(TestBaseSetup.java:145)
	at com.shine.base.TestBaseSetup.getDriver(TestBaseSetup.java:121)
	at com.shine.tests.Test_RevivalFlow.TestSetup(Test_RevivalFlow.java:49)
	at sun.reflect.NativeMethodAccessorImpl.invoke0(Native Method)
	at sun.reflect.NativeMethodAccessorImpl.invoke(NativeMethodAccessorImpl.java:62)
	at sun.reflect.DelegatingMethodAccessorImpl.invoke(DelegatingMethodAccessorImpl.java:43)
	at java.lang.reflect.Method.invoke(Method.java:498)
	at org.testng.internal.MethodInvocationHelper.invokeMethod(MethodInvocationHelper.java:124)
	at org.testng.internal.MethodInvocationHelper.invokeMethodConsideringTimeout(MethodInvocationHelper.java:59)
	at org.testng.internal.Invoker.invokeConfigurationMethod(Invoker.java:458)
	at org.testng.internal.Invoker.invokeConfigurations(Invoker.java:222)
	at org.testng.internal.Invoker.invokeConfigurations(Invoker.java:142)
	at org.testng.internal.TestMethodWorker.invokeBeforeClassMethods(TestMethodWorker.java:168)
	at org.testng.internal.TestMethodWorker.run(TestMethodWorker.java:105)
	at org.testng.TestRunner.privateRun(TestRunner.java:648)
	at org.testng.TestRunner.run(TestRunner.java:505)
	at org.testng.SuiteRunner.runTest(SuiteRunner.java:455)
	at org.testng.SuiteRunner.runSequentially(SuiteRunner.java:450)
	at org.testng.SuiteRunner.privateRun(SuiteRunner.java:415)
	at org.testng.SuiteRunner.run(SuiteRunner.java:364)
	at org.testng.SuiteRunnerWorker.runSuite(SuiteRunnerWorker.java:52)
	at org.testng.SuiteRunnerWorker.run(SuiteRunnerWorker.java:84)
	at org.testng.TestNG.runSuitesSequentially(TestNG.java:1208)
	at org.testng.TestNG.runSuitesSequentially(TestNG.java:1204)
	at org.testng.TestNG.runSuitesLocally(TestNG.java:1137)
	at org.testng.TestNG.runSuites(TestNG.java:1049)
	at org.testng.TestNG.run(TestNG.java:1017)
	at org.apache.maven.surefire.testng.TestNGExecutor.run(TestNGExecutor.java:283)
	at org.apache.maven.surefire.testng.TestNGXmlTestSuite.execute(TestNGXmlTestSuite.java:75)
	at org.apache.maven.surefire.testng.TestNGProvider.invoke(TestNGProvider.java:120)
	at org.apache.maven.surefire.booter.ForkedBooter.invokeProviderInSameClassLoader(ForkedBooter.java:373)
	at org.apache.maven.surefire.booter.ForkedBooter.runSuitesInProcess(ForkedBooter.java:334)
	at org.apache.maven.surefire.booter.ForkedBooter.execute(ForkedBooter.java:119)
	at org.apache.maven.surefire.booter.ForkedBooter.main(ForkedBooter.java:407)
</pre></div></td>
<td>0</td>
<td>com.shine.tests.Test_RevivalFlow@1fd73dcb</td></tr>
<tr>
<td title='com.shine.tests.Test_RevivalFlow.select_fa_from_frop_down()'><b>select_fa_from_frop_down</b><br>Test class: com.shine.tests.Test_RevivalFlow</td>
<td><div><pre>java.lang.RuntimeException: Unable to find a free port
	at org.openqa.selenium.net.PortProber.findFreePort(PortProber.java:67)
	at org.openqa.selenium.remote.service.DriverService$Builder.build(DriverService.java:351)
	at org.openqa.selenium.chrome.ChromeDriverService.createDefaultService(ChromeDriverService.java:94)
	at com.shine.base.TestBaseSetup.initChromeDriver(TestBaseSetup.java:264)
	at com.shine.base.TestBaseSetup.setDriver(TestBaseSetup.java:145)
	at com.shine.base.TestBaseSetup.getDriver(TestBaseSetup.java:121)
	at com.shine.tests.Test_RevivalFlow.TestSetup(Test_RevivalFlow.java:49)
... Removed 31 stack frames</pre></div><a href='#' onClick='toggleBox("stack-trace1405108810", this, "Click to show all stack frames", "Click to hide stack frames")'>Click to show all stack frames</a>
<div class='stack-trace' id='stack-trace1405108810'><pre>java.lang.RuntimeException: Unable to find a free port
	at org.openqa.selenium.net.PortProber.findFreePort(PortProber.java:67)
	at org.openqa.selenium.remote.service.DriverService$Builder.build(DriverService.java:351)
	at org.openqa.selenium.chrome.ChromeDriverService.createDefaultService(ChromeDriverService.java:94)
	at com.shine.base.TestBaseSetup.initChromeDriver(TestBaseSetup.java:264)
	at com.shine.base.TestBaseSetup.setDriver(TestBaseSetup.java:145)
	at com.shine.base.TestBaseSetup.getDriver(TestBaseSetup.java:121)
	at com.shine.tests.Test_RevivalFlow.TestSetup(Test_RevivalFlow.java:49)
	at sun.reflect.NativeMethodAccessorImpl.invoke0(Native Method)
	at sun.reflect.NativeMethodAccessorImpl.invoke(NativeMethodAccessorImpl.java:62)
	at sun.reflect.DelegatingMethodAccessorImpl.invoke(DelegatingMethodAccessorImpl.java:43)
	at java.lang.reflect.Method.invoke(Method.java:498)
	at org.testng.internal.MethodInvocationHelper.invokeMethod(MethodInvocationHelper.java:124)
	at org.testng.internal.MethodInvocationHelper.invokeMethodConsideringTimeout(MethodInvocationHelper.java:59)
	at org.testng.internal.Invoker.invokeConfigurationMethod(Invoker.java:458)
	at org.testng.internal.Invoker.invokeConfigurations(Invoker.java:222)
	at org.testng.internal.Invoker.invokeConfigurations(Invoker.java:142)
	at org.testng.internal.TestMethodWorker.invokeBeforeClassMethods(TestMethodWorker.java:168)
	at org.testng.internal.TestMethodWorker.run(TestMethodWorker.java:105)
	at org.testng.TestRunner.privateRun(TestRunner.java:648)
	at org.testng.TestRunner.run(TestRunner.java:505)
	at org.testng.SuiteRunner.runTest(SuiteRunner.java:455)
	at org.testng.SuiteRunner.runSequentially(SuiteRunner.java:450)
	at org.testng.SuiteRunner.privateRun(SuiteRunner.java:415)
	at org.testng.SuiteRunner.run(SuiteRunner.java:364)
	at org.testng.SuiteRunnerWorker.runSuite(SuiteRunnerWorker.java:52)
	at org.testng.SuiteRunnerWorker.run(SuiteRunnerWorker.java:84)
	at org.testng.TestNG.runSuitesSequentially(TestNG.java:1208)
	at org.testng.TestNG.runSuitesSequentially(TestNG.java:1204)
	at org.testng.TestNG.runSuitesLocally(TestNG.java:1137)
	at org.testng.TestNG.runSuites(TestNG.java:1049)
	at org.testng.TestNG.run(TestNG.java:1017)
	at org.apache.maven.surefire.testng.TestNGExecutor.run(TestNGExecutor.java:283)
	at org.apache.maven.surefire.testng.TestNGXmlTestSuite.execute(TestNGXmlTestSuite.java:75)
	at org.apache.maven.surefire.testng.TestNGProvider.invoke(TestNGProvider.java:120)
	at org.apache.maven.surefire.booter.ForkedBooter.invokeProviderInSameClassLoader(ForkedBooter.java:373)
	at org.apache.maven.surefire.booter.ForkedBooter.runSuitesInProcess(ForkedBooter.java:334)
	at org.apache.maven.surefire.booter.ForkedBooter.execute(ForkedBooter.java:119)
	at org.apache.maven.surefire.booter.ForkedBooter.main(ForkedBooter.java:407)
</pre></div></td>
<td>0</td>
<td>com.shine.tests.Test_RevivalFlow@1fd73dcb</td></tr>
<tr>
<td title='com.shine.tests.Test_RevivalFlow.select_industry_from_frop_down()'><b>select_industry_from_frop_down</b><br>Test class: com.shine.tests.Test_RevivalFlow</td>
<td><div><pre>java.lang.RuntimeException: Unable to find a free port
	at org.openqa.selenium.net.PortProber.findFreePort(PortProber.java:67)
	at org.openqa.selenium.remote.service.DriverService$Builder.build(DriverService.java:351)
	at org.openqa.selenium.chrome.ChromeDriverService.createDefaultService(ChromeDriverService.java:94)
	at com.shine.base.TestBaseSetup.initChromeDriver(TestBaseSetup.java:264)
	at com.shine.base.TestBaseSetup.setDriver(TestBaseSetup.java:145)
	at com.shine.base.TestBaseSetup.getDriver(TestBaseSetup.java:121)
	at com.shine.tests.Test_RevivalFlow.TestSetup(Test_RevivalFlow.java:49)
... Removed 31 stack frames</pre></div><a href='#' onClick='toggleBox("stack-trace1670501199", this, "Click to show all stack frames", "Click to hide stack frames")'>Click to show all stack frames</a>
<div class='stack-trace' id='stack-trace1670501199'><pre>java.lang.RuntimeException: Unable to find a free port
	at org.openqa.selenium.net.PortProber.findFreePort(PortProber.java:67)
	at org.openqa.selenium.remote.service.DriverService$Builder.build(DriverService.java:351)
	at org.openqa.selenium.chrome.ChromeDriverService.createDefaultService(ChromeDriverService.java:94)
	at com.shine.base.TestBaseSetup.initChromeDriver(TestBaseSetup.java:264)
	at com.shine.base.TestBaseSetup.setDriver(TestBaseSetup.java:145)
	at com.shine.base.TestBaseSetup.getDriver(TestBaseSetup.java:121)
	at com.shine.tests.Test_RevivalFlow.TestSetup(Test_RevivalFlow.java:49)
	at sun.reflect.NativeMethodAccessorImpl.invoke0(Native Method)
	at sun.reflect.NativeMethodAccessorImpl.invoke(NativeMethodAccessorImpl.java:62)
	at sun.reflect.DelegatingMethodAccessorImpl.invoke(DelegatingMethodAccessorImpl.java:43)
	at java.lang.reflect.Method.invoke(Method.java:498)
	at org.testng.internal.MethodInvocationHelper.invokeMethod(MethodInvocationHelper.java:124)
	at org.testng.internal.MethodInvocationHelper.invokeMethodConsideringTimeout(MethodInvocationHelper.java:59)
	at org.testng.internal.Invoker.invokeConfigurationMethod(Invoker.java:458)
	at org.testng.internal.Invoker.invokeConfigurations(Invoker.java:222)
	at org.testng.internal.Invoker.invokeConfigurations(Invoker.java:142)
	at org.testng.internal.TestMethodWorker.invokeBeforeClassMethods(TestMethodWorker.java:168)
	at org.testng.internal.TestMethodWorker.run(TestMethodWorker.java:105)
	at org.testng.TestRunner.privateRun(TestRunner.java:648)
	at org.testng.TestRunner.run(TestRunner.java:505)
	at org.testng.SuiteRunner.runTest(SuiteRunner.java:455)
	at org.testng.SuiteRunner.runSequentially(SuiteRunner.java:450)
	at org.testng.SuiteRunner.privateRun(SuiteRunner.java:415)
	at org.testng.SuiteRunner.run(SuiteRunner.java:364)
	at org.testng.SuiteRunnerWorker.runSuite(SuiteRunnerWorker.java:52)
	at org.testng.SuiteRunnerWorker.run(SuiteRunnerWorker.java:84)
	at org.testng.TestNG.runSuitesSequentially(TestNG.java:1208)
	at org.testng.TestNG.runSuitesSequentially(TestNG.java:1204)
	at org.testng.TestNG.runSuitesLocally(TestNG.java:1137)
	at org.testng.TestNG.runSuites(TestNG.java:1049)
	at org.testng.TestNG.run(TestNG.java:1017)
	at org.apache.maven.surefire.testng.TestNGExecutor.run(TestNGExecutor.java:283)
	at org.apache.maven.surefire.testng.TestNGXmlTestSuite.execute(TestNGXmlTestSuite.java:75)
	at org.apache.maven.surefire.testng.TestNGProvider.invoke(TestNGProvider.java:120)
	at org.apache.maven.surefire.booter.ForkedBooter.invokeProviderInSameClassLoader(ForkedBooter.java:373)
	at org.apache.maven.surefire.booter.ForkedBooter.runSuitesInProcess(ForkedBooter.java:334)
	at org.apache.maven.surefire.booter.ForkedBooter.execute(ForkedBooter.java:119)
	at org.apache.maven.surefire.booter.ForkedBooter.main(ForkedBooter.java:407)
</pre></div></td>
<td>0</td>
<td>com.shine.tests.Test_RevivalFlow@1fd73dcb</td></tr>
<tr>
<td title='com.shine.tests.Test_RevivalFlow.select_job_start_date()'><b>select_job_start_date</b><br>Test class: com.shine.tests.Test_RevivalFlow</td>
<td><div><pre>java.lang.RuntimeException: Unable to find a free port
	at org.openqa.selenium.net.PortProber.findFreePort(PortProber.java:67)
	at org.openqa.selenium.remote.service.DriverService$Builder.build(DriverService.java:351)
	at org.openqa.selenium.chrome.ChromeDriverService.createDefaultService(ChromeDriverService.java:94)
	at com.shine.base.TestBaseSetup.initChromeDriver(TestBaseSetup.java:264)
	at com.shine.base.TestBaseSetup.setDriver(TestBaseSetup.java:145)
	at com.shine.base.TestBaseSetup.getDriver(TestBaseSetup.java:121)
	at com.shine.tests.Test_RevivalFlow.TestSetup(Test_RevivalFlow.java:49)
... Removed 31 stack frames</pre></div><a href='#' onClick='toggleBox("stack-trace1082789522", this, "Click to show all stack frames", "Click to hide stack frames")'>Click to show all stack frames</a>
<div class='stack-trace' id='stack-trace1082789522'><pre>java.lang.RuntimeException: Unable to find a free port
	at org.openqa.selenium.net.PortProber.findFreePort(PortProber.java:67)
	at org.openqa.selenium.remote.service.DriverService$Builder.build(DriverService.java:351)
	at org.openqa.selenium.chrome.ChromeDriverService.createDefaultService(ChromeDriverService.java:94)
	at com.shine.base.TestBaseSetup.initChromeDriver(TestBaseSetup.java:264)
	at com.shine.base.TestBaseSetup.setDriver(TestBaseSetup.java:145)
	at com.shine.base.TestBaseSetup.getDriver(TestBaseSetup.java:121)
	at com.shine.tests.Test_RevivalFlow.TestSetup(Test_RevivalFlow.java:49)
	at sun.reflect.NativeMethodAccessorImpl.invoke0(Native Method)
	at sun.reflect.NativeMethodAccessorImpl.invoke(NativeMethodAccessorImpl.java:62)
	at sun.reflect.DelegatingMethodAccessorImpl.invoke(DelegatingMethodAccessorImpl.java:43)
	at java.lang.reflect.Method.invoke(Method.java:498)
	at org.testng.internal.MethodInvocationHelper.invokeMethod(MethodInvocationHelper.java:124)
	at org.testng.internal.MethodInvocationHelper.invokeMethodConsideringTimeout(MethodInvocationHelper.java:59)
	at org.testng.internal.Invoker.invokeConfigurationMethod(Invoker.java:458)
	at org.testng.internal.Invoker.invokeConfigurations(Invoker.java:222)
	at org.testng.internal.Invoker.invokeConfigurations(Invoker.java:142)
	at org.testng.internal.TestMethodWorker.invokeBeforeClassMethods(TestMethodWorker.java:168)
	at org.testng.internal.TestMethodWorker.run(TestMethodWorker.java:105)
	at org.testng.TestRunner.privateRun(TestRunner.java:648)
	at org.testng.TestRunner.run(TestRunner.java:505)
	at org.testng.SuiteRunner.runTest(SuiteRunner.java:455)
	at org.testng.SuiteRunner.runSequentially(SuiteRunner.java:450)
	at org.testng.SuiteRunner.privateRun(SuiteRunner.java:415)
	at org.testng.SuiteRunner.run(SuiteRunner.java:364)
	at org.testng.SuiteRunnerWorker.runSuite(SuiteRunnerWorker.java:52)
	at org.testng.SuiteRunnerWorker.run(SuiteRunnerWorker.java:84)
	at org.testng.TestNG.runSuitesSequentially(TestNG.java:1208)
	at org.testng.TestNG.runSuitesSequentially(TestNG.java:1204)
	at org.testng.TestNG.runSuitesLocally(TestNG.java:1137)
	at org.testng.TestNG.runSuites(TestNG.java:1049)
	at org.testng.TestNG.run(TestNG.java:1017)
	at org.apache.maven.surefire.testng.TestNGExecutor.run(TestNGExecutor.java:283)
	at org.apache.maven.surefire.testng.TestNGXmlTestSuite.execute(TestNGXmlTestSuite.java:75)
	at org.apache.maven.surefire.testng.TestNGProvider.invoke(TestNGProvider.java:120)
	at org.apache.maven.surefire.booter.ForkedBooter.invokeProviderInSameClassLoader(ForkedBooter.java:373)
	at org.apache.maven.surefire.booter.ForkedBooter.runSuitesInProcess(ForkedBooter.java:334)
	at org.apache.maven.surefire.booter.ForkedBooter.execute(ForkedBooter.java:119)
	at org.apache.maven.surefire.booter.ForkedBooter.main(ForkedBooter.java:407)
</pre></div></td>
<td>0</td>
<td>com.shine.tests.Test_RevivalFlow@1fd73dcb</td></tr>
<tr>
<td title='com.shine.tests.Test_RevivalFlow.select_salart_from_frop_down()'><b>select_salart_from_frop_down</b><br>Test class: com.shine.tests.Test_RevivalFlow</td>
<td><div><pre>java.lang.RuntimeException: Unable to find a free port
	at org.openqa.selenium.net.PortProber.findFreePort(PortProber.java:67)
	at org.openqa.selenium.remote.service.DriverService$Builder.build(DriverService.java:351)
	at org.openqa.selenium.chrome.ChromeDriverService.createDefaultService(ChromeDriverService.java:94)
	at com.shine.base.TestBaseSetup.initChromeDriver(TestBaseSetup.java:264)
	at com.shine.base.TestBaseSetup.setDriver(TestBaseSetup.java:145)
	at com.shine.base.TestBaseSetup.getDriver(TestBaseSetup.java:121)
	at com.shine.tests.Test_RevivalFlow.TestSetup(Test_RevivalFlow.java:49)
... Removed 31 stack frames</pre></div><a href='#' onClick='toggleBox("stack-trace2132361999", this, "Click to show all stack frames", "Click to hide stack frames")'>Click to show all stack frames</a>
<div class='stack-trace' id='stack-trace2132361999'><pre>java.lang.RuntimeException: Unable to find a free port
	at org.openqa.selenium.net.PortProber.findFreePort(PortProber.java:67)
	at org.openqa.selenium.remote.service.DriverService$Builder.build(DriverService.java:351)
	at org.openqa.selenium.chrome.ChromeDriverService.createDefaultService(ChromeDriverService.java:94)
	at com.shine.base.TestBaseSetup.initChromeDriver(TestBaseSetup.java:264)
	at com.shine.base.TestBaseSetup.setDriver(TestBaseSetup.java:145)
	at com.shine.base.TestBaseSetup.getDriver(TestBaseSetup.java:121)
	at com.shine.tests.Test_RevivalFlow.TestSetup(Test_RevivalFlow.java:49)
	at sun.reflect.NativeMethodAccessorImpl.invoke0(Native Method)
	at sun.reflect.NativeMethodAccessorImpl.invoke(NativeMethodAccessorImpl.java:62)
	at sun.reflect.DelegatingMethodAccessorImpl.invoke(DelegatingMethodAccessorImpl.java:43)
	at java.lang.reflect.Method.invoke(Method.java:498)
	at org.testng.internal.MethodInvocationHelper.invokeMethod(MethodInvocationHelper.java:124)
	at org.testng.internal.MethodInvocationHelper.invokeMethodConsideringTimeout(MethodInvocationHelper.java:59)
	at org.testng.internal.Invoker.invokeConfigurationMethod(Invoker.java:458)
	at org.testng.internal.Invoker.invokeConfigurations(Invoker.java:222)
	at org.testng.internal.Invoker.invokeConfigurations(Invoker.java:142)
	at org.testng.internal.TestMethodWorker.invokeBeforeClassMethods(TestMethodWorker.java:168)
	at org.testng.internal.TestMethodWorker.run(TestMethodWorker.java:105)
	at org.testng.TestRunner.privateRun(TestRunner.java:648)
	at org.testng.TestRunner.run(TestRunner.java:505)
	at org.testng.SuiteRunner.runTest(SuiteRunner.java:455)
	at org.testng.SuiteRunner.runSequentially(SuiteRunner.java:450)
	at org.testng.SuiteRunner.privateRun(SuiteRunner.java:415)
	at org.testng.SuiteRunner.run(SuiteRunner.java:364)
	at org.testng.SuiteRunnerWorker.runSuite(SuiteRunnerWorker.java:52)
	at org.testng.SuiteRunnerWorker.run(SuiteRunnerWorker.java:84)
	at org.testng.TestNG.runSuitesSequentially(TestNG.java:1208)
	at org.testng.TestNG.runSuitesSequentially(TestNG.java:1204)
	at org.testng.TestNG.runSuitesLocally(TestNG.java:1137)
	at org.testng.TestNG.runSuites(TestNG.java:1049)
	at org.testng.TestNG.run(TestNG.java:1017)
	at org.apache.maven.surefire.testng.TestNGExecutor.run(TestNGExecutor.java:283)
	at org.apache.maven.surefire.testng.TestNGXmlTestSuite.execute(TestNGXmlTestSuite.java:75)
	at org.apache.maven.surefire.testng.TestNGProvider.invoke(TestNGProvider.java:120)
	at org.apache.maven.surefire.booter.ForkedBooter.invokeProviderInSameClassLoader(ForkedBooter.java:373)
	at org.apache.maven.surefire.booter.ForkedBooter.runSuitesInProcess(ForkedBooter.java:334)
	at org.apache.maven.surefire.booter.ForkedBooter.execute(ForkedBooter.java:119)
	at org.apache.maven.surefire.booter.ForkedBooter.main(ForkedBooter.java:407)
</pre></div></td>
<td>0</td>
<td>com.shine.tests.Test_RevivalFlow@1fd73dcb</td></tr>
<tr>
<td title='com.shine.tests.Test_RevivalFlow.verify_employment_details()'><b>verify_employment_details</b><br>Test class: com.shine.tests.Test_RevivalFlow</td>
<td><div><pre>java.lang.Throwable: Method Test_RevivalFlow.verify_employment_details()[pri:11, instance:com.shine.tests.Test_RevivalFlow@1fd73dcb] depends on not successfully finished methods
... Removed 23 stack frames</pre></div><a href='#' onClick='toggleBox("stack-trace605004973", this, "Click to show all stack frames", "Click to hide stack frames")'>Click to show all stack frames</a>
<div class='stack-trace' id='stack-trace605004973'><pre>java.lang.Throwable: Method Test_RevivalFlow.verify_employment_details()[pri:11, instance:com.shine.tests.Test_RevivalFlow@1fd73dcb] depends on not successfully finished methods
	at org.testng.internal.Invoker.invokeTestMethods(Invoker.java:888)
	at org.testng.internal.TestMethodWorker.invokeTestMethods(TestMethodWorker.java:125)
	at org.testng.internal.TestMethodWorker.run(TestMethodWorker.java:109)
	at org.testng.TestRunner.privateRun(TestRunner.java:648)
	at org.testng.TestRunner.run(TestRunner.java:505)
	at org.testng.SuiteRunner.runTest(SuiteRunner.java:455)
	at org.testng.SuiteRunner.runSequentially(SuiteRunner.java:450)
	at org.testng.SuiteRunner.privateRun(SuiteRunner.java:415)
	at org.testng.SuiteRunner.run(SuiteRunner.java:364)
	at org.testng.SuiteRunnerWorker.runSuite(SuiteRunnerWorker.java:52)
	at org.testng.SuiteRunnerWorker.run(SuiteRunnerWorker.java:84)
	at org.testng.TestNG.runSuitesSequentially(TestNG.java:1208)
	at org.testng.TestNG.runSuitesSequentially(TestNG.java:1204)
	at org.testng.TestNG.runSuitesLocally(TestNG.java:1137)
	at org.testng.TestNG.runSuites(TestNG.java:1049)
	at org.testng.TestNG.run(TestNG.java:1017)
	at org.apache.maven.surefire.testng.TestNGExecutor.run(TestNGExecutor.java:283)
	at org.apache.maven.surefire.testng.TestNGXmlTestSuite.execute(TestNGXmlTestSuite.java:75)
	at org.apache.maven.surefire.testng.TestNGProvider.invoke(TestNGProvider.java:120)
	at org.apache.maven.surefire.booter.ForkedBooter.invokeProviderInSameClassLoader(ForkedBooter.java:373)
	at org.apache.maven.surefire.booter.ForkedBooter.runSuitesInProcess(ForkedBooter.java:334)
	at org.apache.maven.surefire.booter.ForkedBooter.execute(ForkedBooter.java:119)
	at org.apache.maven.surefire.booter.ForkedBooter.main(ForkedBooter.java:407)
</pre></div></td>
<td>0</td>
<td>null</td></tr>
</table><p>
</body>
</html>