<?xml version="1.0" encoding="UTF-8"?>
<!-- Generated by org.testng.reporters.JUnitXMLReporter -->
<testsuite hostname="admins-MacBook-Pro.local" ignored="0" name="Application Insight Test" tests="71" failures="0" timestamp="2019-11-27T14:09:27 IST" time="2.265" errors="0">
  <testcase name="@BeforeClass TestSetup" time="0.128" classname="com.shine.tests.Test_ApplicationInsights">
    <failure type="java.lang.IllegalStateException" message="The driver executable does not exist: /Users/manvi/selenium_driver/chromedriver1">
      <![CDATA[java.lang.IllegalStateException: The driver executable does not exist: /Users/manvi/selenium_driver/chromedriver1
at com.google.common.base.Preconditions.checkState(Preconditions.java:534)
at org.openqa.selenium.remote.service.DriverService.checkExecutable(DriverService.java:146)
at org.openqa.selenium.remote.service.DriverService.findExecutable(DriverService.java:141)
at org.openqa.selenium.chrome.ChromeDriverService.access$000(ChromeDriverService.java:35)
at org.openqa.selenium.chrome.ChromeDriverService$Builder.findDefaultExecutable(ChromeDriverService.java:159)
at org.openqa.selenium.remote.service.DriverService$Builder.build(DriverService.java:355)
at org.openqa.selenium.chrome.ChromeDriverService.createDefaultService(ChromeDriverService.java:94)
at com.shine.base.TestBaseSetup.initChromeDriver(TestBaseSetup.java:262)
at com.shine.base.TestBaseSetup.setDriver(TestBaseSetup.java:143)
at com.shine.base.TestBaseSetup.getDriver(TestBaseSetup.java:119)
at com.shine.tests.Test_ApplicationInsights.TestSetup(Test_ApplicationInsights.java:42)
at sun.reflect.NativeMethodAccessorImpl.invoke0(Native Method)
at sun.reflect.NativeMethodAccessorImpl.invoke(NativeMethodAccessorImpl.java:62)
at sun.reflect.DelegatingMethodAccessorImpl.invoke(DelegatingMethodAccessorImpl.java:43)
at java.lang.reflect.Method.invoke(Method.java:498)
at org.testng.internal.MethodInvocationHelper.invokeMethod(MethodInvocationHelper.java:133)
at org.testng.internal.MethodInvocationHelper.invokeMethodConsideringTimeout(MethodInvocationHelper.java:62)
at org.testng.internal.ConfigInvoker.invokeConfigurationMethod(ConfigInvoker.java:340)
at org.testng.internal.ConfigInvoker.invokeConfigurations(ConfigInvoker.java:294)
at org.testng.internal.TestMethodWorker.invokeBeforeClassMethods(TestMethodWorker.java:176)
at org.testng.internal.TestMethodWorker.run(TestMethodWorker.java:122)
at java.util.ArrayList.forEach(ArrayList.java:1257)
at org.testng.TestRunner.privateRun(TestRunner.java:770)
at org.testng.TestRunner.run(TestRunner.java:591)
at org.testng.SuiteRunner.runTest(SuiteRunner.java:402)
at org.testng.SuiteRunner.access$000(SuiteRunner.java:41)
at org.testng.SuiteRunner$SuiteWorker.run(SuiteRunner.java:443)
at org.testng.internal.thread.ThreadUtil.lambda$execute$0(ThreadUtil.java:67)
at java.util.concurrent.FutureTask.run(FutureTask.java:266)
at java.util.concurrent.ThreadPoolExecutor.runWorker(ThreadPoolExecutor.java:1149)
at java.util.concurrent.ThreadPoolExecutor$Worker.run(ThreadPoolExecutor.java:624)
at java.lang.Thread.run(Thread.java:748)
]]>
    </failure>
  </testcase> <!-- @BeforeClass TestSetup -->
  <testcase name="@BeforeClass TestSetup" time="0.005" classname="com.shine.tests.Test_ContactUs">
    <failure type="java.lang.IllegalStateException" message="The driver executable does not exist: /Users/manvi/selenium_driver/chromedriver1">
      <![CDATA[java.lang.IllegalStateException: The driver executable does not exist: /Users/manvi/selenium_driver/chromedriver1
at com.google.common.base.Preconditions.checkState(Preconditions.java:534)
at org.openqa.selenium.remote.service.DriverService.checkExecutable(DriverService.java:146)
at org.openqa.selenium.remote.service.DriverService.findExecutable(DriverService.java:141)
at org.openqa.selenium.chrome.ChromeDriverService.access$000(ChromeDriverService.java:35)
at org.openqa.selenium.chrome.ChromeDriverService$Builder.findDefaultExecutable(ChromeDriverService.java:159)
at org.openqa.selenium.remote.service.DriverService$Builder.build(DriverService.java:355)
at org.openqa.selenium.chrome.ChromeDriverService.createDefaultService(ChromeDriverService.java:94)
at com.shine.base.TestBaseSetup.initChromeDriver(TestBaseSetup.java:262)
at com.shine.base.TestBaseSetup.setDriver(TestBaseSetup.java:143)
at com.shine.base.TestBaseSetup.getDriver(TestBaseSetup.java:119)
at com.shine.tests.Test_ContactUs.TestSetup(Test_ContactUs.java:61)
at sun.reflect.NativeMethodAccessorImpl.invoke0(Native Method)
at sun.reflect.NativeMethodAccessorImpl.invoke(NativeMethodAccessorImpl.java:62)
at sun.reflect.DelegatingMethodAccessorImpl.invoke(DelegatingMethodAccessorImpl.java:43)
at java.lang.reflect.Method.invoke(Method.java:498)
at org.testng.internal.MethodInvocationHelper.invokeMethod(MethodInvocationHelper.java:133)
at org.testng.internal.MethodInvocationHelper.invokeMethodConsideringTimeout(MethodInvocationHelper.java:62)
at org.testng.internal.ConfigInvoker.invokeConfigurationMethod(ConfigInvoker.java:340)
at org.testng.internal.ConfigInvoker.invokeConfigurations(ConfigInvoker.java:294)
at org.testng.internal.TestMethodWorker.invokeBeforeClassMethods(TestMethodWorker.java:176)
at org.testng.internal.TestMethodWorker.run(TestMethodWorker.java:122)
at java.util.ArrayList.forEach(ArrayList.java:1257)
at org.testng.TestRunner.privateRun(TestRunner.java:770)
at org.testng.TestRunner.run(TestRunner.java:591)
at org.testng.SuiteRunner.runTest(SuiteRunner.java:402)
at org.testng.SuiteRunner.access$000(SuiteRunner.java:41)
at org.testng.SuiteRunner$SuiteWorker.run(SuiteRunner.java:443)
at org.testng.internal.thread.ThreadUtil.lambda$execute$0(ThreadUtil.java:67)
at java.util.concurrent.FutureTask.run(FutureTask.java:266)
at java.util.concurrent.ThreadPoolExecutor.runWorker(ThreadPoolExecutor.java:1149)
at java.util.concurrent.ThreadPoolExecutor$Worker.run(ThreadPoolExecutor.java:624)
at java.lang.Thread.run(Thread.java:748)
]]>
    </failure>
  </testcase> <!-- @BeforeClass TestSetup -->
  <testcase name="verify_expire_token_url" time="0.0" classname="com.shine.tests.Test_Email_UTM">
    <skipped/>
  </testcase> <!-- verify_expire_token_url -->
  <testcase name="verify_expire_token_url_parameters" time="0.0" classname="com.shine.tests.Test_Email_UTM">
    <skipped/>
  </testcase> <!-- verify_expire_token_url_parameters -->
  <testcase name="verify_login_with_url_parameters" time="0.0" classname="com.shine.tests.Test_Email_UTM">
    <skipped/>
  </testcase> <!-- verify_login_with_url_parameters -->
  <testcase name="Test_ForgetPassword" time="0.0" classname="com.shine.tests.Test_ForgotPassword">
    <skipped/>
  </testcase> <!-- Test_ForgetPassword -->
  <testcase name="open_related_link" time="0.0" classname="com.shine.tests.Test_RelatedLinks">
    <skipped/>
  </testcase> <!-- open_related_link -->
  <testcase name="verify_jd_share_button" time="0.0" classname="com.shine.tests.Test_JDShare">
    <skipped/>
  </testcase> <!-- verify_jd_share_button -->
  <testcase name="testSimilarJobs" time="0.0" classname="com.shine.tests.Test_JobDetails">
    <skipped/>
  </testcase> <!-- testSimilarJobs -->
  <testcase name="open_search_page" time="0.0" classname="com.shine.tests.Test_BreadCrumbs">
    <skipped/>
  </testcase> <!-- open_search_page -->
  <testcase name="testPeopleSearchByNumber" time="0.0" classname="com.shine.recruiter.tests.Test_SendEmail">
    <skipped/>
  </testcase> <!-- testPeopleSearchByNumber -->
  <testcase name="verify_realted_link_skills" time="0.0" classname="com.shine.tests.Test_RelatedLinks">
    <skipped/>
  </testcase> <!-- verify_realted_link_skills -->
  <testcase name="verify_JSRPSaveData" time="0.0" classname="com.shine.tests.Test_JSRP_JD_SaveUrl">
    <skipped/>
  </testcase> <!-- verify_JSRPSaveData -->
  <testcase name="verify_realted_link_locations" time="0.0" classname="com.shine.tests.Test_RelatedLinks">
    <skipped/>
  </testcase> <!-- verify_realted_link_locations -->
  <testcase name="verify_share_email" time="0.0" classname="com.shine.tests.Test_JDShare">
    <skipped/>
  </testcase> <!-- verify_share_email -->
  <testcase name="testAllJobsByRecruiter" time="0.0" classname="com.shine.tests.Test_JobDetails">
    <skipped/>
  </testcase> <!-- testAllJobsByRecruiter -->
  <testcase name="open_search_page" time="0.0" classname="com.shine.tests.Test_BreadCrumbs">
    <skipped/>
  </testcase> <!-- open_search_page -->
  <testcase name="verify_alert" time="0.0" classname="com.shine.tests.Test_BadWordProfile">
    <skipped/>
  </testcase> <!-- verify_alert -->
  <testcase name="verify_JDSaveData" time="0.0" classname="com.shine.tests.Test_JSRP_JD_SaveUrl">
    <skipped/>
  </testcase> <!-- verify_JDSaveData -->
  <testcase name="verify_alert_Text" time="0.0" classname="com.shine.tests.Test_BadWordProfile">
    <skipped/>
  </testcase> <!-- verify_alert_Text -->
  <testcase name="open_search_page" time="0.0" classname="com.shine.tests.Test_BreadCrumbs">
    <skipped/>
  </testcase> <!-- open_search_page -->
  <testcase name="testSkillLink" time="0.0" classname="com.shine.tests.Test_JobDetails">
    <skipped/>
  </testcase> <!-- testSkillLink -->
  <testcase name="verify_button_Presence" time="0.0" classname="com.shine.tests.Test_BadWordProfile">
    <skipped/>
  </testcase> <!-- verify_button_Presence -->
  <testcase name="open_search_page" time="0.0" classname="com.shine.tests.Test_BreadCrumbs">
    <skipped/>
  </testcase> <!-- open_search_page -->
  <testcase name="verify_realted_link_job_titles" time="0.0" classname="com.shine.tests.Test_RelatedLinks">
    <skipped/>
  </testcase> <!-- verify_realted_link_job_titles -->
  <testcase name="verify_linkedin_share" time="0.0" classname="com.shine.tests.Test_JDShare">
    <skipped/>
  </testcase> <!-- verify_linkedin_share -->
  <testcase name="test_jsrp_loggedout_location_check" time="0.0" classname="com.shine.tests.Test_JobAlert">
    <skipped/>
  </testcase> <!-- test_jsrp_loggedout_location_check -->
  <testcase name="verify_contactUS_btn" time="0.0" classname="com.shine.tests.Test_BadWordProfile">
    <skipped/>
  </testcase> <!-- verify_contactUS_btn -->
  <testcase name="test_third_party_job" time="0.0" classname="com.shine.tests.Test_JobDetails">
    <skipped/>
  </testcase> <!-- test_third_party_job -->
  <testcase name="open_search_page" time="0.0" classname="com.shine.tests.Test_BreadCrumbs">
    <skipped/>
  </testcase> <!-- open_search_page -->
  <testcase name="create_job_alert_nonloggedin" time="0.0" classname="com.shine.tests.Test_JobAlert">
    <skipped/>
  </testcase> <!-- create_job_alert_nonloggedin -->
  <testcase name="verify_editProfile_btn" time="0.0" classname="com.shine.tests.Test_BadWordProfile">
    <skipped/>
  </testcase> <!-- verify_editProfile_btn -->
  <testcase name="open_loggedin_related_link" time="0.0" classname="com.shine.tests.Test_RelatedLinks">
    <skipped/>
  </testcase> <!-- open_loggedin_related_link -->
  <testcase name="verify_share_facebook" time="0.0" classname="com.shine.tests.Test_JDShare">
    <skipped/>
  </testcase> <!-- verify_share_facebook -->
  <testcase name="testOpenWvmp" time="0.0" classname="com.shine.tests.Test_WVMP">
    <skipped/>
  </testcase> <!-- testOpenWvmp -->
  <testcase name="test_third_party_jd_title" time="0.0" classname="com.shine.tests.Test_JobDetails">
    <skipped/>
  </testcase> <!-- test_third_party_jd_title -->
  <testcase name="verify_profile_work_exp_edit" time="0.0" classname="com.shine.tests.Test_BadWordProfile">
    <skipped/>
  </testcase> <!-- verify_profile_work_exp_edit -->
  <testcase name="create_jsrp_job_alert_nonloggedin" time="0.0" classname="com.shine.tests.Test_JobAlert">
    <skipped/>
  </testcase> <!-- create_jsrp_job_alert_nonloggedin -->
  <testcase name="verify_loggedin_realted_link_skills" time="0.0" classname="com.shine.tests.Test_RelatedLinks">
    <skipped/>
  </testcase> <!-- verify_loggedin_realted_link_skills -->
  <testcase name="verify_share_twitter" time="0.0" classname="com.shine.tests.Test_JDShare">
    <skipped/>
  </testcase> <!-- verify_share_twitter -->
  <testcase name="test_profile_view" time="0.0" classname="com.shine.tests.Test_WVMP">
    <skipped/>
  </testcase> <!-- test_profile_view -->
  <testcase name="verify_profile_job_detail_edit" time="0.0" classname="com.shine.tests.Test_BadWordProfile">
    <skipped/>
  </testcase> <!-- verify_profile_job_detail_edit -->
  <testcase name="verify_jsrp_job_alert_nonloggedin" time="0.0" classname="com.shine.tests.Test_JobAlert">
    <skipped/>
  </testcase> <!-- verify_jsrp_job_alert_nonloggedin -->
  <testcase name="test_third_party_jd_apply_button" time="0.0" classname="com.shine.tests.Test_JobDetails">
    <skipped/>
  </testcase> <!-- test_third_party_jd_apply_button -->
  <testcase name="verify_loggedin_realted_link_locations" time="0.0" classname="com.shine.tests.Test_RelatedLinks">
    <skipped/>
  </testcase> <!-- verify_loggedin_realted_link_locations -->
  <testcase name="verify_loggedin_jd_share_button" time="0.0" classname="com.shine.tests.Test_JDShare">
    <skipped/>
  </testcase> <!-- verify_loggedin_jd_share_button -->
  <testcase name="verify_profile_skill_edit" time="0.0" classname="com.shine.tests.Test_BadWordProfile">
    <skipped/>
  </testcase> <!-- verify_profile_skill_edit -->
  <testcase name="test_pview_activity" time="0.0" classname="com.shine.tests.Test_WVMP">
    <skipped/>
  </testcase> <!-- test_pview_activity -->
  <testcase name="test_create_job_alert" time="0.0" classname="com.shine.tests.Test_JobAlert">
    <skipped/>
  </testcase> <!-- test_create_job_alert -->
  <testcase name="verify_loggedin_share_email" time="0.0" classname="com.shine.tests.Test_JDShare">
    <skipped/>
  </testcase> <!-- verify_loggedin_share_email -->
  <testcase name="verify_created_job_alert" time="0.0" classname="com.shine.tests.Test_JobAlert">
    <skipped/>
  </testcase> <!-- verify_created_job_alert -->
  <testcase name="test_load_more_button" time="0.0" classname="com.shine.tests.Test_LoadMoreButton">
    <skipped/>
  </testcase> <!-- test_load_more_button -->
  <testcase name="verify_profile_certification_edit" time="0.0" classname="com.shine.tests.Test_BadWordProfile">
    <skipped/>
  </testcase> <!-- verify_profile_certification_edit -->
  <testcase name="test_match_job_load_more_button" time="0.0" classname="com.shine.tests.Test_LoadMoreButton">
    <skipped/>
  </testcase> <!-- test_match_job_load_more_button -->
  <testcase name="test_edit_job_alert" time="0.0" classname="com.shine.tests.Test_JobAlert">
    <skipped/>
  </testcase> <!-- test_edit_job_alert -->
  <testcase name="verify_loggedin_linkedin_share" time="0.0" classname="com.shine.tests.Test_JDShare">
    <skipped/>
  </testcase> <!-- verify_loggedin_linkedin_share -->
  <testcase name="verify_loggedin_realted_link_job_titles" time="0.0" classname="com.shine.tests.Test_RelatedLinks">
    <skipped/>
  </testcase> <!-- verify_loggedin_realted_link_job_titles -->
  <testcase name="test_recruiter_view" time="0.0" classname="com.shine.tests.Test_WVMP">
    <skipped/>
  </testcase> <!-- test_recruiter_view -->
  <testcase name="test_match_job_load_apply_button" time="0.0" classname="com.shine.tests.Test_LoadMoreButton">
    <skipped/>
  </testcase> <!-- test_match_job_load_apply_button -->
  <testcase name="test_MobileAppLink" time="0.0" classname="com.shine.tests.Test_MobileAppLink">
    <skipped/>
  </testcase> <!-- test_MobileAppLink -->
  <testcase name="verify_edit_job_alert" time="0.0" classname="com.shine.tests.Test_JobAlert">
    <skipped/>
  </testcase> <!-- verify_edit_job_alert -->
  <testcase name="test_delete_JobAlert" time="0.0" classname="com.shine.tests.Test_JobAlert">
    <skipped/>
  </testcase> <!-- test_delete_JobAlert -->
  <testcase name="test_jsrp_load_more_apply_button" time="0.0" classname="com.shine.tests.Test_LoadMoreButton">
    <skipped/>
  </testcase> <!-- test_jsrp_load_more_apply_button -->
  <testcase name="verify_loggedin_share_facebook" time="0.0" classname="com.shine.tests.Test_JDShare">
    <skipped/>
  </testcase> <!-- verify_loggedin_share_facebook -->
  <testcase name="testRegisterBeforeApplyFromJD" time="0.0" classname="com.shine.tests.Test_RegBeforeApply">
    <skipped/>
  </testcase> <!-- testRegisterBeforeApplyFromJD -->
  <testcase name="test_jsrp_mobilelink" time="0.0" classname="com.shine.tests.Test_MobileAppLink">
    <skipped/>
  </testcase> <!-- test_jsrp_mobilelink -->
  <testcase name="verify_loggedin_share_twitter" time="0.0" classname="com.shine.tests.Test_JDShare">
    <skipped/>
  </testcase> <!-- verify_loggedin_share_twitter -->
  <testcase name="test_jsrp_loggedin_popup" time="0.0" classname="com.shine.tests.Test_JobAlert">
    <skipped/>
  </testcase> <!-- test_jsrp_loggedin_popup -->
  <testcase name="testLinkedinapplyfromJD" time="0.0" classname="com.shine.tests.Test_RegBeforeApply">
    <skipped/>
  </testcase> <!-- testLinkedinapplyfromJD -->
  <testcase name="test_jsrp_loggedin_location_check" time="0.0" classname="com.shine.tests.Test_JobAlert">
    <skipped/>
  </testcase> <!-- test_jsrp_loggedin_location_check -->
  <testcase name="verify_isInsightDisplay_lo" time="0.0" classname="com.shine.tests.Test_ApplicationInsights">
    <skipped/>
  </testcase> <!-- verify_isInsightDisplay_lo -->
  <testcase name="testLinkedinapplyJSRP" time="0.0" classname="com.shine.tests.Test_RegBeforeApply">
    <skipped/>
  </testcase> <!-- testLinkedinapplyJSRP -->
  <testcase name="verify_isInsightDisplay_li" time="0.0" classname="com.shine.tests.Test_ApplicationInsights">
    <skipped/>
  </testcase> <!-- verify_isInsightDisplay_li -->
</testsuite> <!-- Application Insight Test -->
