<?xml version="1.0" encoding="UTF-8"?>
<!-- Generated by org.testng.reporters.JUnitXMLReporter -->
<testsuite hostname="admins-MacBook-Pro.local" ignored="0" name="Premium job" tests="35" failures="0" timestamp="2019-11-27T14:08:54 IST" time="6.183" errors="0">
  <testcase name="@BeforeClass TestSetup" time="0.003" classname="com.shine.tests.Test_PremiumJobs">
    <failure type="java.lang.IllegalStateException" message="The driver executable does not exist: /Users/manvi/selenium_driver/chromedriver1">
      <![CDATA[java.lang.IllegalStateException: The driver executable does not exist: /Users/manvi/selenium_driver/chromedriver1
at com.google.common.base.Preconditions.checkState(Preconditions.java:534)
at org.openqa.selenium.remote.service.DriverService.checkExecutable(DriverService.java:146)
at org.openqa.selenium.remote.service.DriverService.findExecutable(DriverService.java:141)
at org.openqa.selenium.chrome.ChromeDriverService.access$000(ChromeDriverService.java:35)
at org.openqa.selenium.chrome.ChromeDriverService$Builder.findDefaultExecutable(ChromeDriverService.java:159)
at org.openqa.selenium.remote.service.DriverService$Builder.build(DriverService.java:355)
at org.openqa.selenium.chrome.ChromeDriverService.createDefaultService(ChromeDriverService.java:94)
at com.shine.base.TestBaseSetup.initChromeDriver(TestBaseSetup.java:262)
at com.shine.base.TestBaseSetup.setDriver(TestBaseSetup.java:143)
at com.shine.base.TestBaseSetup.getDriver(TestBaseSetup.java:119)
at com.shine.tests.Test_PremiumJobs.TestSetup(Test_PremiumJobs.java:51)
at sun.reflect.NativeMethodAccessorImpl.invoke0(Native Method)
at sun.reflect.NativeMethodAccessorImpl.invoke(NativeMethodAccessorImpl.java:62)
at sun.reflect.DelegatingMethodAccessorImpl.invoke(DelegatingMethodAccessorImpl.java:43)
at java.lang.reflect.Method.invoke(Method.java:498)
at org.testng.internal.MethodInvocationHelper.invokeMethod(MethodInvocationHelper.java:133)
at org.testng.internal.MethodInvocationHelper.invokeMethodConsideringTimeout(MethodInvocationHelper.java:62)
at org.testng.internal.ConfigInvoker.invokeConfigurationMethod(ConfigInvoker.java:340)
at org.testng.internal.ConfigInvoker.invokeConfigurations(ConfigInvoker.java:294)
at org.testng.internal.TestMethodWorker.invokeBeforeClassMethods(TestMethodWorker.java:176)
at org.testng.internal.TestMethodWorker.run(TestMethodWorker.java:122)
at java.util.ArrayList.forEach(ArrayList.java:1257)
at org.testng.TestRunner.privateRun(TestRunner.java:770)
at org.testng.TestRunner.run(TestRunner.java:591)
at org.testng.SuiteRunner.runTest(SuiteRunner.java:402)
at org.testng.SuiteRunner.access$000(SuiteRunner.java:41)
at org.testng.SuiteRunner$SuiteWorker.run(SuiteRunner.java:443)
at org.testng.internal.thread.ThreadUtil.lambda$execute$0(ThreadUtil.java:67)
at java.util.concurrent.FutureTask.run(FutureTask.java:266)
at java.util.concurrent.ThreadPoolExecutor.runWorker(ThreadPoolExecutor.java:1149)
at java.util.concurrent.ThreadPoolExecutor$Worker.run(ThreadPoolExecutor.java:624)
at java.lang.Thread.run(Thread.java:748)
]]>
    </failure>
  </testcase> <!-- @BeforeClass TestSetup -->
  <testcase name="@BeforeClass TestSetup" time="0.002" classname="com.shine.tests.Test_JobApply">
    <failure type="java.lang.IllegalStateException" message="The driver executable does not exist: /Users/manvi/selenium_driver/chromedriver1">
      <![CDATA[java.lang.IllegalStateException: The driver executable does not exist: /Users/manvi/selenium_driver/chromedriver1
at com.google.common.base.Preconditions.checkState(Preconditions.java:534)
at org.openqa.selenium.remote.service.DriverService.checkExecutable(DriverService.java:146)
at org.openqa.selenium.remote.service.DriverService.findExecutable(DriverService.java:141)
at org.openqa.selenium.chrome.ChromeDriverService.access$000(ChromeDriverService.java:35)
at org.openqa.selenium.chrome.ChromeDriverService$Builder.findDefaultExecutable(ChromeDriverService.java:159)
at org.openqa.selenium.remote.service.DriverService$Builder.build(DriverService.java:355)
at org.openqa.selenium.chrome.ChromeDriverService.createDefaultService(ChromeDriverService.java:94)
at com.shine.base.TestBaseSetup.initChromeDriver(TestBaseSetup.java:262)
at com.shine.base.TestBaseSetup.setDriver(TestBaseSetup.java:143)
at com.shine.base.TestBaseSetup.getDriver(TestBaseSetup.java:119)
at com.shine.tests.Test_JobApply.TestSetup(Test_JobApply.java:59)
at sun.reflect.NativeMethodAccessorImpl.invoke0(Native Method)
at sun.reflect.NativeMethodAccessorImpl.invoke(NativeMethodAccessorImpl.java:62)
at sun.reflect.DelegatingMethodAccessorImpl.invoke(DelegatingMethodAccessorImpl.java:43)
at java.lang.reflect.Method.invoke(Method.java:498)
at org.testng.internal.MethodInvocationHelper.invokeMethod(MethodInvocationHelper.java:133)
at org.testng.internal.MethodInvocationHelper.invokeMethodConsideringTimeout(MethodInvocationHelper.java:62)
at org.testng.internal.ConfigInvoker.invokeConfigurationMethod(ConfigInvoker.java:340)
at org.testng.internal.ConfigInvoker.invokeConfigurations(ConfigInvoker.java:294)
at org.testng.internal.TestMethodWorker.invokeBeforeClassMethods(TestMethodWorker.java:176)
at org.testng.internal.TestMethodWorker.run(TestMethodWorker.java:122)
at java.util.ArrayList.forEach(ArrayList.java:1257)
at org.testng.TestRunner.privateRun(TestRunner.java:770)
at org.testng.TestRunner.run(TestRunner.java:591)
at org.testng.SuiteRunner.runTest(SuiteRunner.java:402)
at org.testng.SuiteRunner.access$000(SuiteRunner.java:41)
at org.testng.SuiteRunner$SuiteWorker.run(SuiteRunner.java:443)
at org.testng.internal.thread.ThreadUtil.lambda$execute$0(ThreadUtil.java:67)
at java.util.concurrent.FutureTask.run(FutureTask.java:266)
at java.util.concurrent.ThreadPoolExecutor.runWorker(ThreadPoolExecutor.java:1149)
at java.util.concurrent.ThreadPoolExecutor$Worker.run(ThreadPoolExecutor.java:624)
at java.lang.Thread.run(Thread.java:748)
]]>
    </failure>
  </testcase> <!-- @BeforeClass TestSetup -->
  <testcase name="open_RegistrationPage" time="0.0" classname="com.shine.tests.Test_CreateBadProfile">
    <skipped/>
  </testcase> <!-- open_RegistrationPage -->
  <testcase name="test_Inbox_Tabs" time="0.0" classname="com.shine.tests.Test_Inbox">
    <skipped/>
  </testcase> <!-- test_Inbox_Tabs -->
  <testcase name="open_verify_email_link_on_mailinator" time="0.0" classname="com.shine.tests.Test_VerifyEmailLink">
    <skipped/>
  </testcase> <!-- open_verify_email_link_on_mailinator -->
  <testcase name="verify_footer_url" time="0.0" classname="com.shine.tests.Test_FooterURL">
    <skipped/>
  </testcase> <!-- verify_footer_url -->
  <testcase name="test_resume_download" time="0.0" classname="com.shine.tests.Test_ResumeDownload">
    <skipped/>
  </testcase> <!-- test_resume_download -->
  <testcase name="verify_edit_desired_job" time="0.0" classname="com.shine.tests.Test_DesiredJobDetails">
    <skipped/>
  </testcase> <!-- verify_edit_desired_job -->
  <testcase name="verify_footer_url" time="0.0" classname="com.shine.tests.Test_FooterURL">
    <skipped/>
  </testcase> <!-- verify_footer_url -->
  <testcase name="testInboxJobAlerts" time="0.0" classname="com.shine.tests.Test_Inbox">
    <skipped/>
  </testcase> <!-- testInboxJobAlerts -->
  <testcase name="verify_email_link_on_profile" time="0.0" classname="com.shine.tests.Test_VerifyEmailLink">
    <skipped/>
  </testcase> <!-- verify_email_link_on_profile -->
  <testcase name="verify_resume_download" time="0.0" classname="com.shine.tests.Test_ResumeDownload">
    <skipped/>
  </testcase> <!-- verify_resume_download -->
  <testcase name="verify_edit_desired_job_location" time="0.0" classname="com.shine.tests.Test_DesiredJobDetails">
    <skipped/>
  </testcase> <!-- verify_edit_desired_job_location -->
  <testcase name="registrationStep1" time="0.0" classname="com.shine.tests.Test_CreateBadProfile">
    <skipped/>
  </testcase> <!-- registrationStep1 -->
  <testcase name="testInboxRecruiterEmails" time="0.0" classname="com.shine.tests.Test_Inbox">
    <skipped/>
  </testcase> <!-- testInboxRecruiterEmails -->
  <testcase name="verify_footer_url" time="0.0" classname="com.shine.tests.Test_FooterURL">
    <skipped/>
  </testcase> <!-- verify_footer_url -->
  <testcase name="read_word_file" time="0.0" classname="com.shine.tests.Test_ResumeDownload">
    <skipped/>
  </testcase> <!-- read_word_file -->
  <testcase name="open_recent_search" time="0.0" classname="com.shine.tests.Test_PremiumJobs">
    <skipped/>
  </testcase> <!-- open_recent_search -->
  <testcase name="verify_edit_desired_fa" time="0.0" classname="com.shine.tests.Test_DesiredJobDetails">
    <skipped/>
  </testcase> <!-- verify_edit_desired_fa -->
  <testcase name="registrationStep2" time="0.0" classname="com.shine.tests.Test_CreateBadProfile">
    <skipped/>
  </testcase> <!-- registrationStep2 -->
  <testcase name="verify_footer_url" time="0.0" classname="com.shine.tests.Test_FooterURL">
    <skipped/>
  </testcase> <!-- verify_footer_url -->
  <testcase name="verify_edit_desired_industry" time="0.0" classname="com.shine.tests.Test_DesiredJobDetails">
    <skipped/>
  </testcase> <!-- verify_edit_desired_industry -->
  <testcase name="verify_premium_job" time="0.0" classname="com.shine.tests.Test_PremiumJobs">
    <skipped/>
  </testcase> <!-- verify_premium_job -->
  <testcase name="verify_footer_url" time="0.0" classname="com.shine.tests.Test_FooterURL">
    <skipped/>
  </testcase> <!-- verify_footer_url -->
  <testcase name="match_word_file_byte_codes" time="0.0" classname="com.shine.tests.Test_ResumeDownload">
    <skipped/>
  </testcase> <!-- match_word_file_byte_codes -->
  <testcase name="verify_premium_job" time="0.0" classname="com.shine.tests.Test_PremiumJobs">
    <skipped/>
  </testcase> <!-- verify_premium_job -->
  <testcase name="upload_resume" time="0.0" classname="com.shine.tests.Test_CreateBadProfile">
    <skipped/>
  </testcase> <!-- upload_resume -->
  <testcase name="verify_edit_desired_salary" time="0.0" classname="com.shine.tests.Test_DesiredJobDetails">
    <skipped/>
  </testcase> <!-- verify_edit_desired_salary -->
  <testcase name="verify_footer_url" time="0.0" classname="com.shine.tests.Test_FooterURL">
    <skipped/>
  </testcase> <!-- verify_footer_url -->
  <testcase name="verify_jd_premium_job_logo" time="0.0" classname="com.shine.tests.Test_PremiumJobs">
    <skipped/>
  </testcase> <!-- verify_jd_premium_job_logo -->
  <testcase name="verify_edit_desired_Job_type" time="0.0" classname="com.shine.tests.Test_DesiredJobDetails">
    <skipped/>
  </testcase> <!-- verify_edit_desired_Job_type -->
  <testcase name="verify_footer_url" time="0.0" classname="com.shine.tests.Test_FooterURL">
    <skipped/>
  </testcase> <!-- verify_footer_url -->
  <testcase name="verify_premium_job_in_login" time="0.0" classname="com.shine.tests.Test_PremiumJobs">
    <skipped/>
  </testcase> <!-- verify_premium_job_in_login -->
  <testcase name="verify_edit_desired_shift_type" time="0.0" classname="com.shine.tests.Test_DesiredJobDetails">
    <skipped/>
  </testcase> <!-- verify_edit_desired_shift_type -->
  <testcase name="verify_footer_url" time="0.0" classname="com.shine.tests.Test_FooterURL">
    <skipped/>
  </testcase> <!-- verify_footer_url -->
  <testcase name="verify_jd_premium_job_logo_in_login" time="0.0" classname="com.shine.tests.Test_PremiumJobs">
    <skipped/>
  </testcase> <!-- verify_jd_premium_job_logo_in_login -->
  <testcase name="verify_save_desired_job" time="0.0" classname="com.shine.tests.Test_DesiredJobDetails">
    <skipped/>
  </testcase> <!-- verify_save_desired_job -->
</testsuite> <!-- Premium job -->
