<?xml version="1.0" encoding="UTF-8"?>
<!-- Generated by org.testng.reporters.JUnitXMLReporter -->
<testsuite hostname="admins-MacBook-Pro.local" ignored="0" name="Verify Google Analytic Code" tests="74" failures="0" timestamp="2019-11-27T14:10:00 IST" time="0.637" errors="0">
  <testcase name="@BeforeClass TestSetup" time="0.002" classname="com.shine.tests.Test_VwoScript">
    <failure type="java.lang.IllegalStateException" message="The driver executable does not exist: /Users/manvi/selenium_driver/chromedriver1">
      <![CDATA[java.lang.IllegalStateException: The driver executable does not exist: /Users/manvi/selenium_driver/chromedriver1
at com.google.common.base.Preconditions.checkState(Preconditions.java:534)
at org.openqa.selenium.remote.service.DriverService.checkExecutable(DriverService.java:146)
at org.openqa.selenium.remote.service.DriverService.findExecutable(DriverService.java:141)
at org.openqa.selenium.chrome.ChromeDriverService.access$000(ChromeDriverService.java:35)
at org.openqa.selenium.chrome.ChromeDriverService$Builder.findDefaultExecutable(ChromeDriverService.java:159)
at org.openqa.selenium.remote.service.DriverService$Builder.build(DriverService.java:355)
at org.openqa.selenium.chrome.ChromeDriverService.createDefaultService(ChromeDriverService.java:94)
at com.shine.base.TestBaseSetup.initChromeDriver(TestBaseSetup.java:262)
at com.shine.base.TestBaseSetup.setDriver(TestBaseSetup.java:143)
at com.shine.base.TestBaseSetup.getDriver(TestBaseSetup.java:119)
at com.shine.tests.Test_VwoScript.TestSetup(Test_VwoScript.java:26)
at sun.reflect.NativeMethodAccessorImpl.invoke0(Native Method)
at sun.reflect.NativeMethodAccessorImpl.invoke(NativeMethodAccessorImpl.java:62)
at sun.reflect.DelegatingMethodAccessorImpl.invoke(DelegatingMethodAccessorImpl.java:43)
at java.lang.reflect.Method.invoke(Method.java:498)
at org.testng.internal.MethodInvocationHelper.invokeMethod(MethodInvocationHelper.java:133)
at org.testng.internal.MethodInvocationHelper.invokeMethodConsideringTimeout(MethodInvocationHelper.java:62)
at org.testng.internal.ConfigInvoker.invokeConfigurationMethod(ConfigInvoker.java:340)
at org.testng.internal.ConfigInvoker.invokeConfigurations(ConfigInvoker.java:294)
at org.testng.internal.TestMethodWorker.invokeBeforeClassMethods(TestMethodWorker.java:176)
at org.testng.internal.TestMethodWorker.run(TestMethodWorker.java:122)
at java.util.ArrayList.forEach(ArrayList.java:1257)
at org.testng.TestRunner.privateRun(TestRunner.java:770)
at org.testng.TestRunner.run(TestRunner.java:591)
at org.testng.SuiteRunner.runTest(SuiteRunner.java:402)
at org.testng.SuiteRunner.access$000(SuiteRunner.java:41)
at org.testng.SuiteRunner$SuiteWorker.run(SuiteRunner.java:443)
at org.testng.internal.thread.ThreadUtil.lambda$execute$0(ThreadUtil.java:67)
at java.util.concurrent.FutureTask.run(FutureTask.java:266)
at java.util.concurrent.ThreadPoolExecutor.runWorker(ThreadPoolExecutor.java:1149)
at java.util.concurrent.ThreadPoolExecutor$Worker.run(ThreadPoolExecutor.java:624)
at java.lang.Thread.run(Thread.java:748)
]]>
    </failure>
  </testcase> <!-- @BeforeClass TestSetup -->
  <testcase name="test_OpenAccountSettings" time="0.0" classname="com.shine.tests.Test_AccountSettings">
    <skipped/>
  </testcase> <!-- test_OpenAccountSettings -->
  <testcase name="open_revival_flow_url" time="0.0" classname="com.shine.tests.Test_RevivalFlow">
    <skipped/>
  </testcase> <!-- open_revival_flow_url -->
  <testcase name="test_contractual_jobs" time="0.0" classname="com.shine.tests.Test_SimilarJob">
    <skipped/>
  </testcase> <!-- test_contractual_jobs -->
  <testcase name="verify_contractual_job_jd" time="0.0" classname="com.shine.tests.Test_SimilarJob">
    <skipped/>
  </testcase> <!-- verify_contractual_job_jd -->
  <testcase name="open_related_faq" time="0.0" classname="com.shine.tests.Test_RelatedFaq">
    <skipped/>
  </testcase> <!-- open_related_faq -->
  <testcase name="fill_registration_page_1" time="0.0" classname="com.shine.tests.Test_MidoutFlow">
    <skipped/>
  </testcase> <!-- fill_registration_page_1 -->
  <testcase name="open_revival_flow_popup" time="0.0" classname="com.shine.tests.Test_RevivalFlow">
    <skipped/>
  </testcase> <!-- open_revival_flow_popup -->
  <testcase name="test_internship_jobs" time="0.0" classname="com.shine.tests.Test_SimilarJob">
    <skipped/>
  </testcase> <!-- test_internship_jobs -->
  <testcase name="verify_internship_job_jd" time="0.0" classname="com.shine.tests.Test_SimilarJob">
    <skipped/>
  </testcase> <!-- verify_internship_job_jd -->
  <testcase name="verify_related_faq_quest" time="0.0" classname="com.shine.tests.Test_RelatedFaq">
    <skipped/>
  </testcase> <!-- verify_related_faq_quest -->
  <testcase name="test_wfh_job_jobs" time="0.0" classname="com.shine.tests.Test_SimilarJob">
    <skipped/>
  </testcase> <!-- test_wfh_job_jobs -->
  <testcase name="verify_wfh_job_jd" time="0.0" classname="com.shine.tests.Test_SimilarJob">
    <skipped/>
  </testcase> <!-- verify_wfh_job_jd -->
  <testcase name="select_salart_from_frop_down" time="0.0" classname="com.shine.tests.Test_RevivalFlow">
    <skipped/>
  </testcase> <!-- select_salart_from_frop_down -->
  <testcase name="verify_loggedin_contractual_job_jd" time="0.0" classname="com.shine.tests.Test_SimilarJob">
    <skipped/>
  </testcase> <!-- verify_loggedin_contractual_job_jd -->
  <testcase name="verify_access_home_page" time="0.0" classname="com.shine.tests.Test_MidoutFlow">
    <skipped/>
  </testcase> <!-- verify_access_home_page -->
  <testcase name="verify_linkedin_login_cancel" time="0.0" classname="com.shine.tests.Test_SocialLogin">
    <skipped/>
  </testcase> <!-- verify_linkedin_login_cancel -->
  <testcase name="verify_access_search_page" time="0.0" classname="com.shine.tests.Test_MidoutFlow">
    <skipped/>
  </testcase> <!-- verify_access_search_page -->
  <testcase name="verify_change_password_button" time="0.0" classname="com.shine.tests.Test_AccountSettings">
    <skipped/>
  </testcase> <!-- verify_change_password_button -->
  <testcase name="select_experience_from_frop_down" time="0.0" classname="com.shine.tests.Test_RevivalFlow">
    <skipped/>
  </testcase> <!-- select_experience_from_frop_down -->
  <testcase name="verify_loggedin_contractual_job_jd_similar_jobs" time="0.0" classname="com.shine.tests.Test_SimilarJob">
    <skipped/>
  </testcase> <!-- verify_loggedin_contractual_job_jd_similar_jobs -->
  <testcase name="verify_access_profile_page" time="0.0" classname="com.shine.tests.Test_MidoutFlow">
    <skipped/>
  </testcase> <!-- verify_access_profile_page -->
  <testcase name="verify_linkedin_login" time="0.0" classname="com.shine.tests.Test_SocialLogin">
    <skipped/>
  </testcase> <!-- verify_linkedin_login -->
  <testcase name="verify_access_inbox" time="0.0" classname="com.shine.tests.Test_MidoutFlow">
    <skipped/>
  </testcase> <!-- verify_access_inbox -->
  <testcase name="verify_new_password_validation" time="0.0" classname="com.shine.tests.Test_AccountSettings">
    <skipped/>
  </testcase> <!-- verify_new_password_validation -->
  <testcase name="verify_confirm_password_validation" time="0.0" classname="com.shine.tests.Test_AccountSettings">
    <skipped/>
  </testcase> <!-- verify_confirm_password_validation -->
  <testcase name="verify_old_password_validation" time="0.0" classname="com.shine.tests.Test_AccountSettings">
    <skipped/>
  </testcase> <!-- verify_old_password_validation -->
  <testcase name="enter_company_name" time="0.0" classname="com.shine.tests.Test_RevivalFlow">
    <skipped/>
  </testcase> <!-- enter_company_name -->
  <testcase name="verify_change_password" time="0.0" classname="com.shine.tests.Test_AccountSettings">
    <skipped/>
  </testcase> <!-- verify_change_password -->
  <testcase name="verify_loggedin_internship_job_jd" time="0.0" classname="com.shine.tests.Test_SimilarJob">
    <skipped/>
  </testcase> <!-- verify_loggedin_internship_job_jd -->
  <testcase name="verify_access_account_setting" time="0.0" classname="com.shine.tests.Test_MidoutFlow">
    <skipped/>
  </testcase> <!-- verify_access_account_setting -->
  <testcase name="verify_loggedin_internship_job_jd_similar_jobs" time="0.0" classname="com.shine.tests.Test_SimilarJob">
    <skipped/>
  </testcase> <!-- verify_loggedin_internship_job_jd_similar_jobs -->
  <testcase name="test_OpenAccountSettings_URL" time="0.0" classname="com.shine.tests.Test_AccountSettings">
    <skipped/>
  </testcase> <!-- test_OpenAccountSettings_URL -->
  <testcase name="verify_loggein_wfh_job_jd" time="0.0" classname="com.shine.tests.Test_SimilarJob">
    <skipped/>
  </testcase> <!-- verify_loggein_wfh_job_jd -->
  <testcase name="verify_loggedin_wfh_job_jd_similar_jobs" time="0.0" classname="com.shine.tests.Test_SimilarJob">
    <skipped/>
  </testcase> <!-- verify_loggedin_wfh_job_jd_similar_jobs -->
  <testcase name="enter_job_title" time="0.0" classname="com.shine.tests.Test_RevivalFlow">
    <skipped/>
  </testcase> <!-- enter_job_title -->
  <testcase name="verify_mo2_access_jsrp" time="0.0" classname="com.shine.tests.Test_MidoutFlow">
    <skipped/>
  </testcase> <!-- verify_mo2_access_jsrp -->
  <testcase name="select_industry_from_frop_down" time="0.0" classname="com.shine.tests.Test_RevivalFlow">
    <skipped/>
  </testcase> <!-- select_industry_from_frop_down -->
  <testcase name="verify_google_tracking_code" time="0.0" classname="com.shine.tests.Test_Googletracking">
    <skipped/>
  </testcase> <!-- verify_google_tracking_code -->
  <testcase name="verify_register_user" time="0.0" classname="com.shine.tests.Test_MidoutFlow">
    <skipped/>
  </testcase> <!-- verify_register_user -->
  <testcase name="verify_edit_profile_status" time="0.0" classname="com.shine.tests.Test_AccountSettings">
    <skipped/>
  </testcase> <!-- verify_edit_profile_status -->
  <testcase name="select_fa_from_frop_down" time="0.0" classname="com.shine.tests.Test_RevivalFlow">
    <skipped/>
  </testcase> <!-- select_fa_from_frop_down -->
  <testcase name="verify_google_tracking_code1" time="0.0" classname="com.shine.tests.Test_Googletracking">
    <skipped/>
  </testcase> <!-- verify_google_tracking_code1 -->
  <testcase name="select_job_start_date" time="0.0" classname="com.shine.tests.Test_RevivalFlow">
    <skipped/>
  </testcase> <!-- select_job_start_date -->
  <testcase name="verify_vwo_tracking_code" time="0.0" classname="com.shine.tests.Test_VwoScript">
    <skipped/>
  </testcase> <!-- verify_vwo_tracking_code -->
  <testcase name="verify_vwo_tracking_code_Jsrp" time="0.0" classname="com.shine.tests.Test_VwoScript">
    <skipped/>
  </testcase> <!-- verify_vwo_tracking_code_Jsrp -->
  <testcase name="verify_vwo_tracking_Jsrp" time="0.0" classname="com.shine.tests.Test_VwoScript">
    <skipped/>
  </testcase> <!-- verify_vwo_tracking_Jsrp -->
  <testcase name="verify_access_home_page_after_reg_pag2" time="0.0" classname="com.shine.tests.Test_MidoutFlow">
    <skipped/>
  </testcase> <!-- verify_access_home_page_after_reg_pag2 -->
  <testcase name="verify_vwo_tracking_Jd" time="0.0" classname="com.shine.tests.Test_VwoScript">
    <skipped/>
  </testcase> <!-- verify_vwo_tracking_Jd -->
  <testcase name="verify_loggedin_vwo_tracking_code" time="0.0" classname="com.shine.tests.Test_VwoScript">
    <skipped/>
  </testcase> <!-- verify_loggedin_vwo_tracking_code -->
  <testcase name="verify_g_analytic_tracking_code" time="0.0" classname="com.shine.tests.Test_G_Analytic">
    <skipped/>
  </testcase> <!-- verify_g_analytic_tracking_code -->
  <testcase name="verify_google_tracking_code2" time="0.0" classname="com.shine.tests.Test_Googletracking">
    <skipped/>
  </testcase> <!-- verify_google_tracking_code2 -->
  <testcase name="verify_g_analytic_tracking_code1" time="0.0" classname="com.shine.tests.Test_G_Analytic">
    <skipped/>
  </testcase> <!-- verify_g_analytic_tracking_code1 -->
  <testcase name="verify_loggedin_vwo_tracking_Jsrp" time="0.0" classname="com.shine.tests.Test_VwoScript">
    <skipped/>
  </testcase> <!-- verify_loggedin_vwo_tracking_Jsrp -->
  <testcase name="verify_loggedin_vwo_tracking_Jd" time="0.0" classname="com.shine.tests.Test_VwoScript">
    <skipped/>
  </testcase> <!-- verify_loggedin_vwo_tracking_Jd -->
  <testcase name="click_on_save_button" time="0.0" classname="com.shine.tests.Test_RevivalFlow">
    <skipped/>
  </testcase> <!-- click_on_save_button -->
  <testcase name="verify_google_tracking_code3" time="0.0" classname="com.shine.tests.Test_Googletracking">
    <skipped/>
  </testcase> <!-- verify_google_tracking_code3 -->
  <testcase name="verify_email_alert_status" time="0.0" classname="com.shine.tests.Test_AccountSettings">
    <skipped/>
  </testcase> <!-- verify_email_alert_status -->
  <testcase name="verify_access_search_page_after_reg_pag2" time="0.0" classname="com.shine.tests.Test_MidoutFlow">
    <skipped/>
  </testcase> <!-- verify_access_search_page_after_reg_pag2 -->
  <testcase name="verify_g_analytic_tracking_code2" time="0.0" classname="com.shine.tests.Test_G_Analytic">
    <skipped/>
  </testcase> <!-- verify_g_analytic_tracking_code2 -->
  <testcase name="verify_loggedin_google_tracking_code" time="0.0" classname="com.shine.tests.Test_Googletracking">
    <skipped/>
  </testcase> <!-- verify_loggedin_google_tracking_code -->
  <testcase name="verify_g_analytic_tracking_code3" time="0.0" classname="com.shine.tests.Test_G_Analytic">
    <skipped/>
  </testcase> <!-- verify_g_analytic_tracking_code3 -->
  <testcase name="verify_loggedin_google_tracking_code1" time="0.0" classname="com.shine.tests.Test_Googletracking">
    <skipped/>
  </testcase> <!-- verify_loggedin_google_tracking_code1 -->
  <testcase name="verify_privacy_status" time="0.0" classname="com.shine.tests.Test_AccountSettings">
    <skipped/>
  </testcase> <!-- verify_privacy_status -->
  <testcase name="verify_loggedin_g_analytic_tracking_code" time="0.0" classname="com.shine.tests.Test_G_Analytic">
    <skipped/>
  </testcase> <!-- verify_loggedin_g_analytic_tracking_code -->
  <testcase name="verify_employment_details" time="0.0" classname="com.shine.tests.Test_RevivalFlow">
    <skipped/>
  </testcase> <!-- verify_employment_details -->
  <testcase name="verify_access_profile_page_after_reg_pag2" time="0.0" classname="com.shine.tests.Test_MidoutFlow">
    <skipped/>
  </testcase> <!-- verify_access_profile_page_after_reg_pag2 -->
  <testcase name="verify_loggedin_g_analytic_tracking_code1" time="0.0" classname="com.shine.tests.Test_G_Analytic">
    <skipped/>
  </testcase> <!-- verify_loggedin_g_analytic_tracking_code1 -->
  <testcase name="verify_loggedin_google_tracking_code2" time="0.0" classname="com.shine.tests.Test_G_Analytic">
    <skipped/>
  </testcase> <!-- verify_loggedin_google_tracking_code2 -->
  <testcase name="verify_loggedin_google_tracking_code2" time="0.0" classname="com.shine.tests.Test_Googletracking">
    <skipped/>
  </testcase> <!-- verify_loggedin_google_tracking_code2 -->
  <testcase name="verify_access_inbox_after_reg_pag2" time="0.0" classname="com.shine.tests.Test_MidoutFlow">
    <skipped/>
  </testcase> <!-- verify_access_inbox_after_reg_pag2 -->
  <testcase name="verify_sms_alert_flag" time="0.0" classname="com.shine.tests.Test_AccountSettings">
    <skipped/>
  </testcase> <!-- verify_sms_alert_flag -->
  <testcase name="verify_access_account_setting_after_reg_pag2" time="0.0" classname="com.shine.tests.Test_MidoutFlow">
    <skipped/>
  </testcase> <!-- verify_access_account_setting_after_reg_pag2 -->
  <testcase name="verify_receive_other_product_info" time="0.0" classname="com.shine.tests.Test_AccountSettings">
    <skipped/>
  </testcase> <!-- verify_receive_other_product_info -->
  <testcase name="verify_mo2r0_user" time="0.0" classname="com.shine.tests.Test_MidoutFlow">
    <skipped/>
  </testcase> <!-- verify_mo2r0_user -->
</testsuite> <!-- Verify Google Analytic Code -->
