<?xml version="1.0" encoding="UTF-8"?>
<!-- Generated by org.testng.reporters.JUnitXMLReporter -->
<testsuite hostname="admins-MacBook-Pro.local" ignored="0" name="Delete Profile Info" tests="4" failures="0" timestamp="2019-11-27T14:08:41 IST" time="0.022" errors="0">
  <testcase name="@BeforeClass TestSetup" time="0.002" classname="com.shine.tests.Test_ProfileDeleteInfo">
    <failure type="java.lang.IllegalStateException" message="The driver executable does not exist: /Users/manvi/selenium_driver/chromedriver1">
      <![CDATA[java.lang.IllegalStateException: The driver executable does not exist: /Users/manvi/selenium_driver/chromedriver1
at com.google.common.base.Preconditions.checkState(Preconditions.java:534)
at org.openqa.selenium.remote.service.DriverService.checkExecutable(DriverService.java:146)
at org.openqa.selenium.remote.service.DriverService.findExecutable(DriverService.java:141)
at org.openqa.selenium.chrome.ChromeDriverService.access$000(ChromeDriverService.java:35)
at org.openqa.selenium.chrome.ChromeDriverService$Builder.findDefaultExecutable(ChromeDriverService.java:159)
at org.openqa.selenium.remote.service.DriverService$Builder.build(DriverService.java:355)
at org.openqa.selenium.chrome.ChromeDriverService.createDefaultService(ChromeDriverService.java:94)
at com.shine.base.TestBaseSetup.initChromeDriver(TestBaseSetup.java:262)
at com.shine.base.TestBaseSetup.setDriver(TestBaseSetup.java:143)
at com.shine.base.TestBaseSetup.getDriver(TestBaseSetup.java:119)
at com.shine.tests.Test_ProfileDeleteInfo.TestSetup(Test_ProfileDeleteInfo.java:37)
at sun.reflect.NativeMethodAccessorImpl.invoke0(Native Method)
at sun.reflect.NativeMethodAccessorImpl.invoke(NativeMethodAccessorImpl.java:62)
at sun.reflect.DelegatingMethodAccessorImpl.invoke(DelegatingMethodAccessorImpl.java:43)
at java.lang.reflect.Method.invoke(Method.java:498)
at org.testng.internal.MethodInvocationHelper.invokeMethod(MethodInvocationHelper.java:133)
at org.testng.internal.MethodInvocationHelper.invokeMethodConsideringTimeout(MethodInvocationHelper.java:62)
at org.testng.internal.ConfigInvoker.invokeConfigurationMethod(ConfigInvoker.java:340)
at org.testng.internal.ConfigInvoker.invokeConfigurations(ConfigInvoker.java:294)
at org.testng.internal.TestMethodWorker.invokeBeforeClassMethods(TestMethodWorker.java:176)
at org.testng.internal.TestMethodWorker.run(TestMethodWorker.java:122)
at java.util.ArrayList.forEach(ArrayList.java:1257)
at org.testng.TestRunner.privateRun(TestRunner.java:770)
at org.testng.TestRunner.run(TestRunner.java:591)
at org.testng.SuiteRunner.runTest(SuiteRunner.java:402)
at org.testng.SuiteRunner.runSequentially(SuiteRunner.java:396)
at org.testng.SuiteRunner.privateRun(SuiteRunner.java:355)
at org.testng.SuiteRunner.run(SuiteRunner.java:304)
at org.testng.SuiteRunnerWorker.runSuite(SuiteRunnerWorker.java:53)
at org.testng.SuiteRunnerWorker.run(SuiteRunnerWorker.java:96)
at org.testng.TestNG.runSuitesSequentially(TestNG.java:1180)
at org.testng.TestNG.runSuitesSequentially(TestNG.java:1175)
at org.testng.TestNG.runSuitesSequentially(TestNG.java:1175)
at org.testng.TestNG.runSuitesLocally(TestNG.java:1102)
at org.testng.TestNG.runSuites(TestNG.java:1032)
at org.testng.TestNG.run(TestNG.java:1000)
at org.testng.remote.AbstractRemoteTestNG.run(AbstractRemoteTestNG.java:115)
at org.testng.remote.RemoteTestNG.initAndRun(RemoteTestNG.java:251)
at org.testng.remote.RemoteTestNG.main(RemoteTestNG.java:77)
]]>
    </failure>
  </testcase> <!-- @BeforeClass TestSetup -->
  <testcase name="test_DeleteExp" time="0.0" classname="com.shine.tests.Test_ProfileDeleteInfo">
    <skipped/>
  </testcase> <!-- test_DeleteExp -->
  <testcase name="test_DeleteEdu" time="0.0" classname="com.shine.tests.Test_ProfileDeleteInfo">
    <skipped/>
  </testcase> <!-- test_DeleteEdu -->
  <testcase name="test_DeleteCertification" time="0.0" classname="com.shine.tests.Test_ProfileDeleteInfo">
    <skipped/>
  </testcase> <!-- test_DeleteCertification -->
  <testcase name="test_DeleteSkill" time="0.001" classname="com.shine.tests.Test_ProfileDeleteInfo">
    <skipped/>
  </testcase> <!-- test_DeleteSkill -->
</testsuite> <!-- Delete Profile Info -->
