<?xml version="1.0" encoding="UTF-8"?>
<!-- Generated by org.testng.reporters.JUnitXMLReporter -->
<testsuite hostname="admins-MacBook-Pro.local" ignored="0" name="Login Validation" tests="8" failures="0" timestamp="11 Mar 2020 16:36:23 GMT" time="0.013" errors="0">
  <testcase name="@BeforeClass TestSetup" time="0.002" classname="com.shine.tests.Test_Login">
    <failure type="java.lang.RuntimeException" message="Unable to find a free port">
      <![CDATA[java.lang.RuntimeException: Unable to find a free port
at org.openqa.selenium.net.PortProber.findFreePort(PortProber.java:67)
at org.openqa.selenium.remote.service.DriverService$Builder.build(DriverService.java:351)
at org.openqa.selenium.chrome.ChromeDriverService.createDefaultService(ChromeDriverService.java:94)
at com.shine.base.TestBaseSetup.initChromeDriver(TestBaseSetup.java:264)
at com.shine.base.TestBaseSetup.setDriver(TestBaseSetup.java:145)
at com.shine.base.TestBaseSetup.getDriver(TestBaseSetup.java:121)
at com.shine.tests.Test_Login.TestSetup(Test_Login.java:22)
... Removed 31 stack frames]]>
    </failure>
  </testcase> <!-- @BeforeClass TestSetup -->
  <testcase name="verify_login_with_blank_input" time="0.0" classname="com.shine.tests.Test_Login">
    <skipped/>
  </testcase> <!-- verify_login_with_blank_input -->
  <testcase name="verify_login_with_invalid_password" time="0.0" classname="com.shine.tests.Test_Login">
    <skipped/>
  </testcase> <!-- verify_login_with_invalid_password -->
  <testcase name="verify_login_with_invalid_inputs" time="0.0" classname="com.shine.tests.Test_Login">
    <skipped/>
  </testcase> <!-- verify_login_with_invalid_inputs -->
  <testcase name="verify_login_with_valid_inputs" time="0.0" classname="com.shine.tests.Test_Login">
    <skipped/>
  </testcase> <!-- verify_login_with_valid_inputs -->
  <testcase name="verify_loginpage_with_blank_input" time="0.0" classname="com.shine.tests.Test_Login">
    <skipped/>
  </testcase> <!-- verify_loginpage_with_blank_input -->
  <testcase name="verify_loginpage_with_invalid_password" time="0.0" classname="com.shine.tests.Test_Login">
    <skipped/>
  </testcase> <!-- verify_loginpage_with_invalid_password -->
  <testcase name="verify_loginpage_with_invalid_inputs" time="0.0" classname="com.shine.tests.Test_Login">
    <skipped/>
  </testcase> <!-- verify_loginpage_with_invalid_inputs -->
  <testcase name="verify_loginpage_with_valid_inputs" time="0.0" classname="com.shine.tests.Test_Login">
    <skipped/>
  </testcase> <!-- verify_loginpage_with_valid_inputs -->
</testsuite> <!-- Login Validation -->
