<?xml version="1.0" encoding="UTF-8"?>
<!-- Generated by org.testng.reporters.JUnitXMLReporter -->
<testsuite hostname="admins-MacBook-Pro.local" ignored="0" name="Test AMCAT User" tests="3" failures="0" timestamp="11 Mar 2020 16:36:44 GMT" time="0.004" errors="0">
  <testcase name="@BeforeClass testSetup" time="0.002" classname="com.shine.tests.Test_AMCAT">
    <failure type="java.lang.RuntimeException" message="Unable to find a free port">
      <![CDATA[java.lang.RuntimeException: Unable to find a free port
at org.openqa.selenium.net.PortProber.findFreePort(PortProber.java:67)
at org.openqa.selenium.remote.service.DriverService$Builder.build(DriverService.java:351)
at org.openqa.selenium.chrome.ChromeDriverService.createDefaultService(ChromeDriverService.java:94)
at com.shine.base.TestBaseSetup.initChromeDriver(TestBaseSetup.java:264)
at com.shine.base.TestBaseSetup.setDriver(TestBaseSetup.java:145)
at com.shine.base.TestBaseSetup.getDriver(TestBaseSetup.java:121)
at com.shine.tests.Test_AMCAT.testSetup(Test_AMCAT.java:26)
... Removed 31 stack frames]]>
    </failure>
  </testcase> <!-- @BeforeClass testSetup -->
  <testcase name="@AfterMethod test_Take_Screenshot" time="0.0" classname="com.shine.tests.Test_AMCAT">
    <skipped/>
  </testcase> <!-- @AfterMethod test_Take_Screenshot -->
  <testcase name="@AfterMethod test_Take_Screenshot" time="0.0" classname="com.shine.tests.Test_AMCAT">
    <skipped/>
  </testcase> <!-- @AfterMethod test_Take_Screenshot -->
  <testcase name="@AfterMethod test_Take_Screenshot" time="0.0" classname="com.shine.tests.Test_AMCAT">
    <skipped/>
  </testcase> <!-- @AfterMethod test_Take_Screenshot -->
  <testcase name="@AfterClass closeBrowser" time="0.0" classname="com.shine.tests.Test_AMCAT">
    <skipped/>
  </testcase> <!-- @AfterClass closeBrowser -->
  <testcase name="test_nonAMCAT_import_skills" time="0.0" classname="com.shine.tests.Test_AMCAT">
    <skipped/>
  </testcase> <!-- test_nonAMCAT_import_skills -->
  <testcase name="test_nonAMCAT_validate_skills" time="0.0" classname="com.shine.tests.Test_AMCAT">
    <skipped/>
  </testcase> <!-- test_nonAMCAT_validate_skills -->
  <testcase name="test_AMCAT" time="0.0" classname="com.shine.tests.Test_AMCAT">
    <skipped/>
  </testcase> <!-- test_AMCAT -->
</testsuite> <!-- Test AMCAT User -->
