<?xml version="1.0" encoding="UTF-8"?>
<!-- Generated by org.testng.reporters.JUnitXMLReporter -->
<testsuite hostname="admins-MacBook-Pro.local" ignored="0" name="verify jd duplicate data" tests="20" failures="0" timestamp="2019-11-27T14:10:17 IST" time="0.421" errors="0">
  <testcase name="@BeforeClass TestSetup" time="0.003" classname="com.shine.tests.Test_JD_CheckDuplicate">
    <failure type="java.lang.IllegalStateException" message="The driver executable does not exist: /Users/manvi/selenium_driver/chromedriver1">
      <![CDATA[java.lang.IllegalStateException: The driver executable does not exist: /Users/manvi/selenium_driver/chromedriver1
at com.google.common.base.Preconditions.checkState(Preconditions.java:534)
at org.openqa.selenium.remote.service.DriverService.checkExecutable(DriverService.java:146)
at org.openqa.selenium.remote.service.DriverService.findExecutable(DriverService.java:141)
at org.openqa.selenium.chrome.ChromeDriverService.access$000(ChromeDriverService.java:35)
at org.openqa.selenium.chrome.ChromeDriverService$Builder.findDefaultExecutable(ChromeDriverService.java:159)
at org.openqa.selenium.remote.service.DriverService$Builder.build(DriverService.java:355)
at org.openqa.selenium.chrome.ChromeDriverService.createDefaultService(ChromeDriverService.java:94)
at com.shine.base.TestBaseSetup.initChromeDriver(TestBaseSetup.java:262)
at com.shine.base.TestBaseSetup.setDriver(TestBaseSetup.java:143)
at com.shine.base.TestBaseSetup.getDriver(TestBaseSetup.java:119)
at com.shine.tests.Test_JD_CheckDuplicate.TestSetup(Test_JD_CheckDuplicate.java:38)
at sun.reflect.NativeMethodAccessorImpl.invoke0(Native Method)
at sun.reflect.NativeMethodAccessorImpl.invoke(NativeMethodAccessorImpl.java:62)
at sun.reflect.DelegatingMethodAccessorImpl.invoke(DelegatingMethodAccessorImpl.java:43)
at java.lang.reflect.Method.invoke(Method.java:498)
at org.testng.internal.MethodInvocationHelper.invokeMethod(MethodInvocationHelper.java:133)
at org.testng.internal.MethodInvocationHelper.invokeMethodConsideringTimeout(MethodInvocationHelper.java:62)
at org.testng.internal.ConfigInvoker.invokeConfigurationMethod(ConfigInvoker.java:340)
at org.testng.internal.ConfigInvoker.invokeConfigurations(ConfigInvoker.java:294)
at org.testng.internal.TestMethodWorker.invokeBeforeClassMethods(TestMethodWorker.java:176)
at org.testng.internal.TestMethodWorker.run(TestMethodWorker.java:122)
at java.util.ArrayList.forEach(ArrayList.java:1257)
at org.testng.TestRunner.privateRun(TestRunner.java:770)
at org.testng.TestRunner.run(TestRunner.java:591)
at org.testng.SuiteRunner.runTest(SuiteRunner.java:402)
at org.testng.SuiteRunner.access$000(SuiteRunner.java:41)
at org.testng.SuiteRunner$SuiteWorker.run(SuiteRunner.java:443)
at org.testng.internal.thread.ThreadUtil.lambda$execute$0(ThreadUtil.java:67)
at java.util.concurrent.FutureTask.run(FutureTask.java:266)
at java.util.concurrent.ThreadPoolExecutor.runWorker(ThreadPoolExecutor.java:1149)
at java.util.concurrent.ThreadPoolExecutor$Worker.run(ThreadPoolExecutor.java:624)
at java.lang.Thread.run(Thread.java:748)
]]>
    </failure>
  </testcase> <!-- @BeforeClass TestSetup -->
  <testcase name="@AfterClass quitbrowser" time="-1.574844017978E9" classname="com.shine.tests.Test_JD_CheckDuplicate">
    <skipped/>
  </testcase> <!-- @AfterClass quitbrowser -->
  <testcase name="Search" time="0.0" classname="com.shine.tests.Test_JD_CheckDuplicate">
    <skipped/>
  </testcase> <!-- Search -->
  <testcase name="Search" time="0.0" classname="com.shine.tests.Test_JD_CheckDuplicate">
    <skipped/>
  </testcase> <!-- Search -->
  <testcase name="Search" time="0.0" classname="com.shine.tests.Test_JD_CheckDuplicate">
    <skipped/>
  </testcase> <!-- Search -->
  <testcase name="Search" time="0.0" classname="com.shine.tests.Test_JD_CheckDuplicate">
    <skipped/>
  </testcase> <!-- Search -->
  <testcase name="veriy_top_consultant_url" time="0.0" classname="com.shine.tests.Test_HomepageLinks">
    <skipped/>
  </testcase> <!-- veriy_top_consultant_url -->
  <testcase name="verify_login_with_blank_input" time="0.0" classname="com.shine.tests.Test_Login">
    <skipped/>
  </testcase> <!-- verify_login_with_blank_input -->
  <testcase name="veriy_top_employer_url" time="0.0" classname="com.shine.tests.Test_HomepageLinks">
    <skipped/>
  </testcase> <!-- veriy_top_employer_url -->
  <testcase name="verify_login_with_invalid_password" time="0.0" classname="com.shine.tests.Test_Login">
    <skipped/>
  </testcase> <!-- verify_login_with_invalid_password -->
  <testcase name="verify_login_with_invalid_inputs" time="0.0" classname="com.shine.tests.Test_Login">
    <skipped/>
  </testcase> <!-- verify_login_with_invalid_inputs -->
  <testcase name="verify_login_with_valid_inputs" time="0.0" classname="com.shine.tests.Test_Login">
    <skipped/>
  </testcase> <!-- verify_login_with_valid_inputs -->
  <testcase name="verify_loginpage_with_blank_input" time="0.0" classname="com.shine.tests.Test_Login">
    <skipped/>
  </testcase> <!-- verify_loginpage_with_blank_input -->
  <testcase name="Search" time="0.0" classname="com.shine.tests.Test_JD_CheckDuplicate">
    <skipped/>
  </testcase> <!-- Search -->
  <testcase name="verify_loginpage_with_invalid_password" time="0.0" classname="com.shine.tests.Test_Login">
    <skipped/>
  </testcase> <!-- verify_loginpage_with_invalid_password -->
  <testcase name="verify_loginpage_with_invalid_inputs" time="0.0" classname="com.shine.tests.Test_Login">
    <skipped/>
  </testcase> <!-- verify_loginpage_with_invalid_inputs -->
  <testcase name="Search" time="0.0" classname="com.shine.tests.Test_JD_CheckDuplicate">
    <skipped/>
  </testcase> <!-- Search -->
  <testcase name="Search" time="0.0" classname="com.shine.tests.Test_JD_CheckDuplicate">
    <skipped/>
  </testcase> <!-- Search -->
  <testcase name="Search" time="0.0" classname="com.shine.tests.Test_JD_CheckDuplicate">
    <skipped/>
  </testcase> <!-- Search -->
  <testcase name="Search" time="0.0" classname="com.shine.tests.Test_JD_CheckDuplicate">
    <skipped/>
  </testcase> <!-- Search -->
  <testcase name="Search" time="0.0" classname="com.shine.tests.Test_JD_CheckDuplicate">
    <skipped/>
  </testcase> <!-- Search -->
  <testcase name="verify_loginpage_with_valid_inputs" time="0.0" classname="com.shine.tests.Test_Login">
    <skipped/>
  </testcase> <!-- verify_loginpage_with_valid_inputs -->
</testsuite> <!-- verify jd duplicate data -->
