<html>
<head>
<title>TestNG:  Registration</title>
<link href="../testng.css" rel="stylesheet" type="text/css" />
<link href="../my-testng.css" rel="stylesheet" type="text/css" />

<style type="text/css">
.log { display: none;} 
.stack-trace { display: none;} 
</style>
<script type="text/javascript">
<!--
function flip(e) {
  current = e.style.display;
  if (current == 'block') {
    e.style.display = 'none';
    return 0;
  }
  else {
    e.style.display = 'block';
    return 1;
  }
}

function toggleBox(szDivId, elem, msg1, msg2)
{
  var res = -1;  if (document.getElementById) {
    res = flip(document.getElementById(szDivId));
  }
  else if (document.all) {
    // this is the way old msie versions work
    res = flip(document.all[szDivId]);
  }
  if(elem) {
    if(res == 0) elem.innerHTML = msg1; else elem.innerHTML = msg2;
  }

}

function toggleAllBoxes() {
  if (document.getElementsByTagName) {
    d = document.getElementsByTagName('div');
    for (i = 0; i < d.length; i++) {
      if (d[i].className == 'log') {
        flip(d[i]);
      }
    }
  }
}

// -->
</script>

</head>
<body>
<h2 align='center'>Registration</h2><table border='1' align="center">
<tr>
<td>Tests passed/Failed/Skipped:</td><td>6/1/1</td>
</tr><tr>
<td>Started on:</td><td>Sat Mar 14 16:57:00 IST 2020</td>
</tr>
<tr><td>Total time:</td><td>105 seconds (105987 ms)</td>
</tr><tr>
<td>Included groups:</td><td></td>
</tr><tr>
<td>Excluded groups:</td><td></td>
</tr>
</table><p/>
<small><i>(Hover the method name to see the test class name)</i></small><p/>
<table width='100%' border='1' class='invocation-failed'>
<tr><td colspan='4' align='center'><b>FAILED TESTS</b></td></tr>
<tr><td><b>Test method</b></td>
<td width="30%"><b>Exception</b></td>
<td width="10%"><b>Time (seconds)</b></td>
<td><b>Instance</b></td>
</tr>
<tr>
<td title='com.shine.tests.Test_Registration.verify_email_already_registered_alert()'><b>verify_email_already_registered_alert</b><br>Test class: com.shine.tests.Test_Registration</td>
<td><div><pre>java.lang.AssertionError: Email id already exists: By.cssSelector: .error_message expected [true] but found [false]
	at org.testng.Assert.fail(Assert.java:97)
	at org.testng.Assert.failNotEquals(Assert.java:969)
	at org.testng.Assert.assertTrue(Assert.java:43)
	at com.shine.tests.Test_Registration.verify_email_already_registered_alert(Test_Registration.java:163)
	at sun.reflect.NativeMethodAccessorImpl.invoke0(Native Method)
	at sun.reflect.NativeMethodAccessorImpl.invoke(NativeMethodAccessorImpl.java:62)
	at sun.reflect.DelegatingMethodAccessorImpl.invoke(DelegatingMethodAccessorImpl.java:43)
	at java.lang.reflect.Method.invoke(Method.java:498)
	at org.testng.internal.MethodInvocationHelper.invokeMethod(MethodInvocationHelper.java:134)
	at org.testng.internal.TestInvoker.invokeMethod(TestInvoker.java:597)
	at org.testng.internal.TestInvoker.invokeTestMethod(TestInvoker.java:173)
	at org.testng.internal.MethodRunner.runInSequence(MethodRunner.java:46)
	at org.testng.internal.TestInvoker$MethodInvocationAgent.invoke(TestInvoker.java:816)
	at org.testng.internal.TestInvoker.invokeTestMethods(TestInvoker.java:146)
	at org.testng.internal.TestMethodWorker.invokeTestMethods(TestMethodWorker.java:146)
	at org.testng.internal.TestMethodWorker.run(TestMethodWorker.java:128)
	at java.util.ArrayList.forEach(ArrayList.java:1257)
	at org.testng.TestRunner.privateRun(TestRunner.java:766)
	at org.testng.TestRunner.run(TestRunner.java:587)
	at org.testng.SuiteRunner.runTest(SuiteRunner.java:384)
	at org.testng.SuiteRunner.runSequentially(SuiteRunner.java:378)
	at org.testng.SuiteRunner.privateRun(SuiteRunner.java:337)
	at org.testng.SuiteRunner.run(SuiteRunner.java:286)
	at org.testng.SuiteRunnerWorker.runSuite(SuiteRunnerWorker.java:53)
	at org.testng.SuiteRunnerWorker.run(SuiteRunnerWorker.java:96)
	at org.testng.TestNG.runSuitesSequentially(TestNG.java:1187)
	at org.testng.TestNG.runSuitesLocally(TestNG.java:1109)
	at org.testng.TestNG.runSuites(TestNG.java:1039)
	at org.testng.TestNG.run(TestNG.java:1007)
	at org.testng.remote.AbstractRemoteTestNG.run(AbstractRemoteTestNG.java:115)
	at org.testng.remote.RemoteTestNG.initAndRun(RemoteTestNG.java:251)
	at org.testng.remote.RemoteTestNG.main(RemoteTestNG.java:77)
</pre></div><a href='#' onClick='toggleBox("stack-trace2038152878", this, "Click to show all stack frames", "Click to hide stack frames")'>Click to show all stack frames</a>
<div class='stack-trace' id='stack-trace2038152878'><pre>java.lang.AssertionError: Email id already exists: By.cssSelector: .error_message expected [true] but found [false]
	at org.testng.Assert.fail(Assert.java:97)
	at org.testng.Assert.failNotEquals(Assert.java:969)
	at org.testng.Assert.assertTrue(Assert.java:43)
	at com.shine.tests.Test_Registration.verify_email_already_registered_alert(Test_Registration.java:163)
	at sun.reflect.NativeMethodAccessorImpl.invoke0(Native Method)
	at sun.reflect.NativeMethodAccessorImpl.invoke(NativeMethodAccessorImpl.java:62)
	at sun.reflect.DelegatingMethodAccessorImpl.invoke(DelegatingMethodAccessorImpl.java:43)
	at java.lang.reflect.Method.invoke(Method.java:498)
	at org.testng.internal.MethodInvocationHelper.invokeMethod(MethodInvocationHelper.java:134)
	at org.testng.internal.TestInvoker.invokeMethod(TestInvoker.java:597)
	at org.testng.internal.TestInvoker.invokeTestMethod(TestInvoker.java:173)
	at org.testng.internal.MethodRunner.runInSequence(MethodRunner.java:46)
	at org.testng.internal.TestInvoker$MethodInvocationAgent.invoke(TestInvoker.java:816)
	at org.testng.internal.TestInvoker.invokeTestMethods(TestInvoker.java:146)
	at org.testng.internal.TestMethodWorker.invokeTestMethods(TestMethodWorker.java:146)
	at org.testng.internal.TestMethodWorker.run(TestMethodWorker.java:128)
	at java.util.ArrayList.forEach(ArrayList.java:1257)
	at org.testng.TestRunner.privateRun(TestRunner.java:766)
	at org.testng.TestRunner.run(TestRunner.java:587)
	at org.testng.SuiteRunner.runTest(SuiteRunner.java:384)
	at org.testng.SuiteRunner.runSequentially(SuiteRunner.java:378)
	at org.testng.SuiteRunner.privateRun(SuiteRunner.java:337)
	at org.testng.SuiteRunner.run(SuiteRunner.java:286)
	at org.testng.SuiteRunnerWorker.runSuite(SuiteRunnerWorker.java:53)
	at org.testng.SuiteRunnerWorker.run(SuiteRunnerWorker.java:96)
	at org.testng.TestNG.runSuitesSequentially(TestNG.java:1187)
	at org.testng.TestNG.runSuitesLocally(TestNG.java:1109)
	at org.testng.TestNG.runSuites(TestNG.java:1039)
	at org.testng.TestNG.run(TestNG.java:1007)
	at org.testng.remote.AbstractRemoteTestNG.run(AbstractRemoteTestNG.java:115)
	at org.testng.remote.RemoteTestNG.initAndRun(RemoteTestNG.java:251)
	at org.testng.remote.RemoteTestNG.main(RemoteTestNG.java:77)
</pre></div></td>
<td>9</td>
<td>com.shine.tests.Test_Registration@5e8684a3</td></tr>
</table><p>
<table width='100%' border='1' class='invocation-passed'>
<tr><td colspan='4' align='center'><b>PASSED TESTS</b></td></tr>
<tr><td><b>Test method</b></td>
<td width="30%"><b>Exception</b></td>
<td width="10%"><b>Time (seconds)</b></td>
<td><b>Instance</b></td>
</tr>
<tr>
<td title='com.shine.tests.Test_Registration.ChangePassword()'><b>ChangePassword</b><br>Test class: com.shine.tests.Test_Registration</td>
<td></td>
<td>0</td>
<td>com.shine.tests.Test_Registration@5e8684a3</td></tr>
<tr>
<td title='com.shine.tests.Test_FresherRegistration.Upload_Fresher_Resume()'><b>Upload_Fresher_Resume</b><br>Test class: com.shine.tests.Test_FresherRegistration</td>
<td></td>
<td>5</td>
<td>com.shine.tests.Test_FresherRegistration@751526a7</td></tr>
<tr>
<td title='com.shine.common.utils.ProcessCleaner.cleanInstance()'><b>cleanInstance</b><br>Test class: com.shine.common.utils.ProcessCleaner</td>
<td></td>
<td>0</td>
<td>com.shine.common.utils.ProcessCleaner@79169472</td></tr>
<tr>
<td title='com.shine.tests.Test_FresherRegistration.create_FresherJobAlert()'><b>create_FresherJobAlert</b><br>Test class: com.shine.tests.Test_FresherRegistration</td>
<td></td>
<td>84</td>
<td>com.shine.tests.Test_FresherRegistration@751526a7</td></tr>
<tr>
<td title='com.shine.tests.Test_FresherRegistration.open_RegistrationPage()'><b>open_RegistrationPage</b><br>Test class: com.shine.tests.Test_FresherRegistration</td>
<td></td>
<td>3</td>
<td>com.shine.tests.Test_FresherRegistration@751526a7</td></tr>
<tr>
<td title='com.shine.tests.Test_Registration.open_RegistrationPage()'><b>open_RegistrationPage</b><br>Test class: com.shine.tests.Test_Registration</td>
<td></td>
<td>4</td>
<td>com.shine.tests.Test_Registration@5e8684a3</td></tr>
<tr>
<td title='com.shine.tests.Test_Registration.registrationStep1()'><b>registrationStep1</b><br>Test class: com.shine.tests.Test_Registration</td>
<td></td>
<td>1</td>
<td>com.shine.tests.Test_Registration@5e8684a3</td></tr>
<tr>
<td title='com.shine.tests.Test_Registration.registrationStep2()'><b>registrationStep2</b><br>Test class: com.shine.tests.Test_Registration</td>
<td></td>
<td>86</td>
<td>com.shine.tests.Test_Registration@5e8684a3</td></tr>
<tr>
<td title='com.shine.tests.Test_RegistrationSem.test_Midout_UploadResume()'><b>test_Midout_UploadResume</b><br>Test class: com.shine.tests.Test_RegistrationSem</td>
<td></td>
<td>5</td>
<td>com.shine.tests.Test_RegistrationSem@130ad58d</td></tr>
<tr>
<td title='com.shine.tests.Test_RegistrationSem.test_RegistrationSem_Step1()'><b>test_RegistrationSem_Step1</b><br>Test class: com.shine.tests.Test_RegistrationSem</td>
<td></td>
<td>1</td>
<td>com.shine.tests.Test_RegistrationSem@130ad58d</td></tr>
<tr>
<td title='com.shine.tests.Test_RegistrationSem.test_RegistrationSem_Step2()'><b>test_RegistrationSem_Step2</b><br>Test class: com.shine.tests.Test_RegistrationSem</td>
<td></td>
<td>44</td>
<td>com.shine.tests.Test_RegistrationSem@130ad58d</td></tr>
<tr>
<td title='com.shine.tests.Test_FresherRegistration.test_fresher_registration_step1()'><b>test_fresher_registration_step1</b><br>Test class: com.shine.tests.Test_FresherRegistration</td>
<td></td>
<td>1</td>
<td>com.shine.tests.Test_FresherRegistration@751526a7</td></tr>
<tr>
<td title='com.shine.tests.Test_FresherRegistration.test_fresher_registration_step2()'><b>test_fresher_registration_step2</b><br>Test class: com.shine.tests.Test_FresherRegistration</td>
<td></td>
<td>29</td>
<td>com.shine.tests.Test_FresherRegistration@751526a7</td></tr>
<tr>
<td title='com.shine.tests.Test_Registration.verify_open_registration_page_collect_view()'><b>verify_open_registration_page_collect_view</b><br>Test class: com.shine.tests.Test_Registration</td>
<td></td>
<td>0</td>
<td>com.shine.tests.Test_Registration@5e8684a3</td></tr>
<tr>
<td title='com.shine.tests.Test_Registration.verify_registration_page2_collect_view()'><b>verify_registration_page2_collect_view</b><br>Test class: com.shine.tests.Test_Registration</td>
<td></td>
<td>0</td>
<td>com.shine.tests.Test_Registration@5e8684a3</td></tr>
</table><p>
<table width='100%' border='1' class='invocation-skipped'>
<tr><td colspan='4' align='center'><b>SKIPPED TESTS</b></td></tr>
<tr><td><b>Test method</b></td>
<td width="30%"><b>Exception</b></td>
<td width="10%"><b>Time (seconds)</b></td>
<td><b>Instance</b></td>
</tr>
<tr>
<td title='com.shine.tests.Test_Registration.verify_already_registered_alert_login_link()'><b>verify_already_registered_alert_login_link</b><br>Test class: com.shine.tests.Test_Registration</td>
<td><div><pre>java.lang.Throwable: Method Test_Registration.verify_already_registered_alert_login_link()[pri:5, instance:com.shine.tests.Test_Registration@5e8684a3] depends on not successfully finished methods
	at org.testng.internal.TestInvoker.invokeTestMethods(TestInvoker.java:101)
	at org.testng.internal.TestMethodWorker.invokeTestMethods(TestMethodWorker.java:146)
	at org.testng.internal.TestMethodWorker.run(TestMethodWorker.java:128)
	at java.util.ArrayList.forEach(ArrayList.java:1257)
	at org.testng.TestRunner.privateRun(TestRunner.java:766)
	at org.testng.TestRunner.run(TestRunner.java:587)
	at org.testng.SuiteRunner.runTest(SuiteRunner.java:384)
	at org.testng.SuiteRunner.runSequentially(SuiteRunner.java:378)
	at org.testng.SuiteRunner.privateRun(SuiteRunner.java:337)
	at org.testng.SuiteRunner.run(SuiteRunner.java:286)
	at org.testng.SuiteRunnerWorker.runSuite(SuiteRunnerWorker.java:53)
	at org.testng.SuiteRunnerWorker.run(SuiteRunnerWorker.java:96)
	at org.testng.TestNG.runSuitesSequentially(TestNG.java:1187)
	at org.testng.TestNG.runSuitesLocally(TestNG.java:1109)
	at org.testng.TestNG.runSuites(TestNG.java:1039)
	at org.testng.TestNG.run(TestNG.java:1007)
	at org.testng.remote.AbstractRemoteTestNG.run(AbstractRemoteTestNG.java:115)
	at org.testng.remote.RemoteTestNG.initAndRun(RemoteTestNG.java:251)
	at org.testng.remote.RemoteTestNG.main(RemoteTestNG.java:77)
</pre></div><a href='#' onClick='toggleBox("stack-trace1867944179", this, "Click to show all stack frames", "Click to hide stack frames")'>Click to show all stack frames</a>
<div class='stack-trace' id='stack-trace1867944179'><pre>java.lang.Throwable: Method Test_Registration.verify_already_registered_alert_login_link()[pri:5, instance:com.shine.tests.Test_Registration@5e8684a3] depends on not successfully finished methods
	at org.testng.internal.TestInvoker.invokeTestMethods(TestInvoker.java:101)
	at org.testng.internal.TestMethodWorker.invokeTestMethods(TestMethodWorker.java:146)
	at org.testng.internal.TestMethodWorker.run(TestMethodWorker.java:128)
	at java.util.ArrayList.forEach(ArrayList.java:1257)
	at org.testng.TestRunner.privateRun(TestRunner.java:766)
	at org.testng.TestRunner.run(TestRunner.java:587)
	at org.testng.SuiteRunner.runTest(SuiteRunner.java:384)
	at org.testng.SuiteRunner.runSequentially(SuiteRunner.java:378)
	at org.testng.SuiteRunner.privateRun(SuiteRunner.java:337)
	at org.testng.SuiteRunner.run(SuiteRunner.java:286)
	at org.testng.SuiteRunnerWorker.runSuite(SuiteRunnerWorker.java:53)
	at org.testng.SuiteRunnerWorker.run(SuiteRunnerWorker.java:96)
	at org.testng.TestNG.runSuitesSequentially(TestNG.java:1187)
	at org.testng.TestNG.runSuitesLocally(TestNG.java:1109)
	at org.testng.TestNG.runSuites(TestNG.java:1039)
	at org.testng.TestNG.run(TestNG.java:1007)
	at org.testng.remote.AbstractRemoteTestNG.run(AbstractRemoteTestNG.java:115)
	at org.testng.remote.RemoteTestNG.initAndRun(RemoteTestNG.java:251)
	at org.testng.remote.RemoteTestNG.main(RemoteTestNG.java:77)
</pre></div></td>
<td>0</td>
<td>com.shine.tests.Test_Registration@5e8684a3</td></tr>
</table><p>
</body>
</html>