<html>
<head>
<title>TestNG:  Search</title>
<link href="../testng.css" rel="stylesheet" type="text/css" />
<link href="../my-testng.css" rel="stylesheet" type="text/css" />

<style type="text/css">
.log { display: none;} 
.stack-trace { display: none;} 
</style>
<script type="text/javascript">
<!--
function flip(e) {
  current = e.style.display;
  if (current == 'block') {
    e.style.display = 'none';
    return 0;
  }
  else {
    e.style.display = 'block';
    return 1;
  }
}

function toggleBox(szDivId, elem, msg1, msg2)
{
  var res = -1;  if (document.getElementById) {
    res = flip(document.getElementById(szDivId));
  }
  else if (document.all) {
    // this is the way old msie versions work
    res = flip(document.all[szDivId]);
  }
  if(elem) {
    if(res == 0) elem.innerHTML = msg1; else elem.innerHTML = msg2;
  }

}

function toggleAllBoxes() {
  if (document.getElementsByTagName) {
    d = document.getElementsByTagName('div');
    for (i = 0; i < d.length; i++) {
      if (d[i].className == 'log') {
        flip(d[i]);
      }
    }
  }
}

// -->
</script>

</head>
<body>
<h2 align='center'>Search</h2><table border='1' align="center">
<tr>
<td>Tests passed/Failed/Skipped:</td><td>19/3/0</td>
</tr><tr>
<td>Started on:</td><td>Tue Dec 03 17:18:45 IST 2019</td>
</tr>
<tr><td>Total time:</td><td>774 seconds (774191 ms)</td>
</tr><tr>
<td>Included groups:</td><td></td>
</tr><tr>
<td>Excluded groups:</td><td></td>
</tr>
</table><p/>
<small><i>(Hover the method name to see the test class name)</i></small><p/>
<table width='100%' border='1' class='invocation-failed'>
<tr><td colspan='4' align='center'><b>FAILED TESTS</b></td></tr>
<tr><td><b>Test method</b></td>
<td width="30%"><b>Exception</b></td>
<td width="10%"><b>Time (seconds)</b></td>
<td><b>Instance</b></td>
</tr>
<tr>
<td title='com.shine.tests.Test_Search.testFilter_Department()'><b>testFilter_Department</b><br>Test class: com.shine.tests.Test_Search</td>
<td><div><pre>java.lang.AssertionError: expected [17018] but found [17027]
	at org.testng.Assert.fail(Assert.java:97)
	at org.testng.Assert.assertEqualsImpl(Assert.java:136)
	at org.testng.Assert.assertEquals(Assert.java:118)
	at org.testng.Assert.assertEquals(Assert.java:575)
	at org.testng.Assert.assertEquals(Assert.java:585)
	at com.shine.tests.Test_Search.match_Job_Count(Test_Search.java:278)
	at com.shine.tests.Test_Search.testFilter_Department(Test_Search.java:102)
	at sun.reflect.NativeMethodAccessorImpl.invoke0(Native Method)
	at sun.reflect.NativeMethodAccessorImpl.invoke(NativeMethodAccessorImpl.java:62)
	at sun.reflect.DelegatingMethodAccessorImpl.invoke(DelegatingMethodAccessorImpl.java:43)
	at java.lang.reflect.Method.invoke(Method.java:498)
	at org.testng.internal.MethodInvocationHelper.invokeMethod(MethodInvocationHelper.java:133)
	at org.testng.internal.TestInvoker.invokeMethod(TestInvoker.java:584)
	at org.testng.internal.TestInvoker.invokeTestMethod(TestInvoker.java:172)
	at org.testng.internal.MethodRunner.runInSequence(MethodRunner.java:46)
	at org.testng.internal.TestInvoker$MethodInvocationAgent.invoke(TestInvoker.java:804)
	at org.testng.internal.TestInvoker.invokeTestMethods(TestInvoker.java:145)
	at org.testng.internal.TestMethodWorker.invokeTestMethods(TestMethodWorker.java:146)
	at org.testng.internal.TestMethodWorker.run(TestMethodWorker.java:128)
	at java.util.ArrayList.forEach(ArrayList.java:1257)
	at org.testng.TestRunner.privateRun(TestRunner.java:770)
	at org.testng.TestRunner.run(TestRunner.java:591)
	at org.testng.SuiteRunner.runTest(SuiteRunner.java:402)
	at org.testng.SuiteRunner.access$000(SuiteRunner.java:41)
	at org.testng.SuiteRunner$SuiteWorker.run(SuiteRunner.java:443)
	at org.testng.internal.thread.ThreadUtil.lambda$execute$0(ThreadUtil.java:67)
	at java.util.concurrent.FutureTask.run(FutureTask.java:266)
	at java.util.concurrent.ThreadPoolExecutor.runWorker(ThreadPoolExecutor.java:1149)
	at java.util.concurrent.ThreadPoolExecutor$Worker.run(ThreadPoolExecutor.java:624)
	at java.lang.Thread.run(Thread.java:748)
</pre></div><a href='#' onClick='toggleBox("stack-trace1848688780", this, "Click to show all stack frames", "Click to hide stack frames")'>Click to show all stack frames</a>
<div class='stack-trace' id='stack-trace1848688780'><pre>java.lang.AssertionError: expected [17018] but found [17027]
	at org.testng.Assert.fail(Assert.java:97)
	at org.testng.Assert.assertEqualsImpl(Assert.java:136)
	at org.testng.Assert.assertEquals(Assert.java:118)
	at org.testng.Assert.assertEquals(Assert.java:575)
	at org.testng.Assert.assertEquals(Assert.java:585)
	at com.shine.tests.Test_Search.match_Job_Count(Test_Search.java:278)
	at com.shine.tests.Test_Search.testFilter_Department(Test_Search.java:102)
	at sun.reflect.NativeMethodAccessorImpl.invoke0(Native Method)
	at sun.reflect.NativeMethodAccessorImpl.invoke(NativeMethodAccessorImpl.java:62)
	at sun.reflect.DelegatingMethodAccessorImpl.invoke(DelegatingMethodAccessorImpl.java:43)
	at java.lang.reflect.Method.invoke(Method.java:498)
	at org.testng.internal.MethodInvocationHelper.invokeMethod(MethodInvocationHelper.java:133)
	at org.testng.internal.TestInvoker.invokeMethod(TestInvoker.java:584)
	at org.testng.internal.TestInvoker.invokeTestMethod(TestInvoker.java:172)
	at org.testng.internal.MethodRunner.runInSequence(MethodRunner.java:46)
	at org.testng.internal.TestInvoker$MethodInvocationAgent.invoke(TestInvoker.java:804)
	at org.testng.internal.TestInvoker.invokeTestMethods(TestInvoker.java:145)
	at org.testng.internal.TestMethodWorker.invokeTestMethods(TestMethodWorker.java:146)
	at org.testng.internal.TestMethodWorker.run(TestMethodWorker.java:128)
	at java.util.ArrayList.forEach(ArrayList.java:1257)
	at org.testng.TestRunner.privateRun(TestRunner.java:770)
	at org.testng.TestRunner.run(TestRunner.java:591)
	at org.testng.SuiteRunner.runTest(SuiteRunner.java:402)
	at org.testng.SuiteRunner.access$000(SuiteRunner.java:41)
	at org.testng.SuiteRunner$SuiteWorker.run(SuiteRunner.java:443)
	at org.testng.internal.thread.ThreadUtil.lambda$execute$0(ThreadUtil.java:67)
	at java.util.concurrent.FutureTask.run(FutureTask.java:266)
	at java.util.concurrent.ThreadPoolExecutor.runWorker(ThreadPoolExecutor.java:1149)
	at java.util.concurrent.ThreadPoolExecutor$Worker.run(ThreadPoolExecutor.java:624)
	at java.lang.Thread.run(Thread.java:748)
</pre></div></td>
<td>34</td>
<td>com.shine.tests.Test_Search@62075e3d</td></tr>
<tr>
<td title='com.shine.tests.Test_Search.testFilter_Industry()'><b>testFilter_Industry</b><br>Test class: com.shine.tests.Test_Search</td>
<td><div><pre>java.lang.AssertionError: expected [13554] but found [24,268]
	at org.testng.Assert.fail(Assert.java:97)
	at org.testng.Assert.assertEqualsImpl(Assert.java:136)
	at org.testng.Assert.assertEquals(Assert.java:118)
	at org.testng.Assert.assertEquals(Assert.java:575)
	at org.testng.Assert.assertEquals(Assert.java:585)
	at com.shine.tests.Test_Search.match_Job_Count(Test_Search.java:278)
	at com.shine.tests.Test_Search.testFilter_Industry(Test_Search.java:108)
	at sun.reflect.NativeMethodAccessorImpl.invoke0(Native Method)
	at sun.reflect.NativeMethodAccessorImpl.invoke(NativeMethodAccessorImpl.java:62)
	at sun.reflect.DelegatingMethodAccessorImpl.invoke(DelegatingMethodAccessorImpl.java:43)
	at java.lang.reflect.Method.invoke(Method.java:498)
	at org.testng.internal.MethodInvocationHelper.invokeMethod(MethodInvocationHelper.java:133)
	at org.testng.internal.TestInvoker.invokeMethod(TestInvoker.java:584)
	at org.testng.internal.TestInvoker.invokeTestMethod(TestInvoker.java:172)
	at org.testng.internal.MethodRunner.runInSequence(MethodRunner.java:46)
	at org.testng.internal.TestInvoker$MethodInvocationAgent.invoke(TestInvoker.java:804)
	at org.testng.internal.TestInvoker.invokeTestMethods(TestInvoker.java:145)
	at org.testng.internal.TestMethodWorker.invokeTestMethods(TestMethodWorker.java:146)
	at org.testng.internal.TestMethodWorker.run(TestMethodWorker.java:128)
	at java.util.ArrayList.forEach(ArrayList.java:1257)
	at org.testng.TestRunner.privateRun(TestRunner.java:770)
	at org.testng.TestRunner.run(TestRunner.java:591)
	at org.testng.SuiteRunner.runTest(SuiteRunner.java:402)
	at org.testng.SuiteRunner.access$000(SuiteRunner.java:41)
	at org.testng.SuiteRunner$SuiteWorker.run(SuiteRunner.java:443)
	at org.testng.internal.thread.ThreadUtil.lambda$execute$0(ThreadUtil.java:67)
	at java.util.concurrent.FutureTask.run(FutureTask.java:266)
	at java.util.concurrent.ThreadPoolExecutor.runWorker(ThreadPoolExecutor.java:1149)
	at java.util.concurrent.ThreadPoolExecutor$Worker.run(ThreadPoolExecutor.java:624)
	at java.lang.Thread.run(Thread.java:748)
</pre></div><a href='#' onClick='toggleBox("stack-trace698564199", this, "Click to show all stack frames", "Click to hide stack frames")'>Click to show all stack frames</a>
<div class='stack-trace' id='stack-trace698564199'><pre>java.lang.AssertionError: expected [13554] but found [24,268]
	at org.testng.Assert.fail(Assert.java:97)
	at org.testng.Assert.assertEqualsImpl(Assert.java:136)
	at org.testng.Assert.assertEquals(Assert.java:118)
	at org.testng.Assert.assertEquals(Assert.java:575)
	at org.testng.Assert.assertEquals(Assert.java:585)
	at com.shine.tests.Test_Search.match_Job_Count(Test_Search.java:278)
	at com.shine.tests.Test_Search.testFilter_Industry(Test_Search.java:108)
	at sun.reflect.NativeMethodAccessorImpl.invoke0(Native Method)
	at sun.reflect.NativeMethodAccessorImpl.invoke(NativeMethodAccessorImpl.java:62)
	at sun.reflect.DelegatingMethodAccessorImpl.invoke(DelegatingMethodAccessorImpl.java:43)
	at java.lang.reflect.Method.invoke(Method.java:498)
	at org.testng.internal.MethodInvocationHelper.invokeMethod(MethodInvocationHelper.java:133)
	at org.testng.internal.TestInvoker.invokeMethod(TestInvoker.java:584)
	at org.testng.internal.TestInvoker.invokeTestMethod(TestInvoker.java:172)
	at org.testng.internal.MethodRunner.runInSequence(MethodRunner.java:46)
	at org.testng.internal.TestInvoker$MethodInvocationAgent.invoke(TestInvoker.java:804)
	at org.testng.internal.TestInvoker.invokeTestMethods(TestInvoker.java:145)
	at org.testng.internal.TestMethodWorker.invokeTestMethods(TestMethodWorker.java:146)
	at org.testng.internal.TestMethodWorker.run(TestMethodWorker.java:128)
	at java.util.ArrayList.forEach(ArrayList.java:1257)
	at org.testng.TestRunner.privateRun(TestRunner.java:770)
	at org.testng.TestRunner.run(TestRunner.java:591)
	at org.testng.SuiteRunner.runTest(SuiteRunner.java:402)
	at org.testng.SuiteRunner.access$000(SuiteRunner.java:41)
	at org.testng.SuiteRunner$SuiteWorker.run(SuiteRunner.java:443)
	at org.testng.internal.thread.ThreadUtil.lambda$execute$0(ThreadUtil.java:67)
	at java.util.concurrent.FutureTask.run(FutureTask.java:266)
	at java.util.concurrent.ThreadPoolExecutor.runWorker(ThreadPoolExecutor.java:1149)
	at java.util.concurrent.ThreadPoolExecutor$Worker.run(ThreadPoolExecutor.java:624)
	at java.lang.Thread.run(Thread.java:748)
</pre></div></td>
<td>62</td>
<td>com.shine.tests.Test_Search@62075e3d</td></tr>
<tr>
<td title='com.shine.tests.Test_Search.testFilter_JobType()'><b>testFilter_JobType</b><br>Test class: com.shine.tests.Test_Search</td>
<td><div><pre>java.lang.AssertionError: expected [24204] but found [24218]
	at org.testng.Assert.fail(Assert.java:97)
	at org.testng.Assert.assertEqualsImpl(Assert.java:136)
	at org.testng.Assert.assertEquals(Assert.java:118)
	at org.testng.Assert.assertEquals(Assert.java:575)
	at org.testng.Assert.assertEquals(Assert.java:585)
	at com.shine.tests.Test_Search.match_Job_Count(Test_Search.java:278)
	at com.shine.tests.Test_Search.testFilter_JobType(Test_Search.java:133)
	at sun.reflect.NativeMethodAccessorImpl.invoke0(Native Method)
	at sun.reflect.NativeMethodAccessorImpl.invoke(NativeMethodAccessorImpl.java:62)
	at sun.reflect.DelegatingMethodAccessorImpl.invoke(DelegatingMethodAccessorImpl.java:43)
	at java.lang.reflect.Method.invoke(Method.java:498)
	at org.testng.internal.MethodInvocationHelper.invokeMethod(MethodInvocationHelper.java:133)
	at org.testng.internal.TestInvoker.invokeMethod(TestInvoker.java:584)
	at org.testng.internal.TestInvoker.invokeTestMethod(TestInvoker.java:172)
	at org.testng.internal.MethodRunner.runInSequence(MethodRunner.java:46)
	at org.testng.internal.TestInvoker$MethodInvocationAgent.invoke(TestInvoker.java:804)
	at org.testng.internal.TestInvoker.invokeTestMethods(TestInvoker.java:145)
	at org.testng.internal.TestMethodWorker.invokeTestMethods(TestMethodWorker.java:146)
	at org.testng.internal.TestMethodWorker.run(TestMethodWorker.java:128)
	at java.util.ArrayList.forEach(ArrayList.java:1257)
	at org.testng.TestRunner.privateRun(TestRunner.java:770)
	at org.testng.TestRunner.run(TestRunner.java:591)
	at org.testng.SuiteRunner.runTest(SuiteRunner.java:402)
	at org.testng.SuiteRunner.access$000(SuiteRunner.java:41)
	at org.testng.SuiteRunner$SuiteWorker.run(SuiteRunner.java:443)
	at org.testng.internal.thread.ThreadUtil.lambda$execute$0(ThreadUtil.java:67)
	at java.util.concurrent.FutureTask.run(FutureTask.java:266)
	at java.util.concurrent.ThreadPoolExecutor.runWorker(ThreadPoolExecutor.java:1149)
	at java.util.concurrent.ThreadPoolExecutor$Worker.run(ThreadPoolExecutor.java:624)
	at java.lang.Thread.run(Thread.java:748)
</pre></div><a href='#' onClick='toggleBox("stack-trace1741992290", this, "Click to show all stack frames", "Click to hide stack frames")'>Click to show all stack frames</a>
<div class='stack-trace' id='stack-trace1741992290'><pre>java.lang.AssertionError: expected [24204] but found [24218]
	at org.testng.Assert.fail(Assert.java:97)
	at org.testng.Assert.assertEqualsImpl(Assert.java:136)
	at org.testng.Assert.assertEquals(Assert.java:118)
	at org.testng.Assert.assertEquals(Assert.java:575)
	at org.testng.Assert.assertEquals(Assert.java:585)
	at com.shine.tests.Test_Search.match_Job_Count(Test_Search.java:278)
	at com.shine.tests.Test_Search.testFilter_JobType(Test_Search.java:133)
	at sun.reflect.NativeMethodAccessorImpl.invoke0(Native Method)
	at sun.reflect.NativeMethodAccessorImpl.invoke(NativeMethodAccessorImpl.java:62)
	at sun.reflect.DelegatingMethodAccessorImpl.invoke(DelegatingMethodAccessorImpl.java:43)
	at java.lang.reflect.Method.invoke(Method.java:498)
	at org.testng.internal.MethodInvocationHelper.invokeMethod(MethodInvocationHelper.java:133)
	at org.testng.internal.TestInvoker.invokeMethod(TestInvoker.java:584)
	at org.testng.internal.TestInvoker.invokeTestMethod(TestInvoker.java:172)
	at org.testng.internal.MethodRunner.runInSequence(MethodRunner.java:46)
	at org.testng.internal.TestInvoker$MethodInvocationAgent.invoke(TestInvoker.java:804)
	at org.testng.internal.TestInvoker.invokeTestMethods(TestInvoker.java:145)
	at org.testng.internal.TestMethodWorker.invokeTestMethods(TestMethodWorker.java:146)
	at org.testng.internal.TestMethodWorker.run(TestMethodWorker.java:128)
	at java.util.ArrayList.forEach(ArrayList.java:1257)
	at org.testng.TestRunner.privateRun(TestRunner.java:770)
	at org.testng.TestRunner.run(TestRunner.java:591)
	at org.testng.SuiteRunner.runTest(SuiteRunner.java:402)
	at org.testng.SuiteRunner.access$000(SuiteRunner.java:41)
	at org.testng.SuiteRunner$SuiteWorker.run(SuiteRunner.java:443)
	at org.testng.internal.thread.ThreadUtil.lambda$execute$0(ThreadUtil.java:67)
	at java.util.concurrent.FutureTask.run(FutureTask.java:266)
	at java.util.concurrent.ThreadPoolExecutor.runWorker(ThreadPoolExecutor.java:1149)
	at java.util.concurrent.ThreadPoolExecutor$Worker.run(ThreadPoolExecutor.java:624)
	at java.lang.Thread.run(Thread.java:748)
</pre></div></td>
<td>61</td>
<td>com.shine.tests.Test_Search@62075e3d</td></tr>
</table><p>
<table width='100%' border='1' class='invocation-passed'>
<tr><td colspan='4' align='center'><b>PASSED TESTS</b></td></tr>
<tr><td><b>Test method</b></td>
<td width="30%"><b>Exception</b></td>
<td width="10%"><b>Time (seconds)</b></td>
<td><b>Instance</b></td>
</tr>
<tr>
<td title='com.shine.tests.Test_Search.testFilter_Company()'><b>testFilter_Company</b><br>Test class: com.shine.tests.Test_Search</td>
<td></td>
<td>61</td>
<td>com.shine.tests.Test_Search@62075e3d</td></tr>
<tr>
<td title='com.shine.tests.Test_Search.testFilter_Experience()'><b>testFilter_Experience</b><br>Test class: com.shine.tests.Test_Search</td>
<td></td>
<td>61</td>
<td>com.shine.tests.Test_Search@62075e3d</td></tr>
<tr>
<td title='com.shine.tests.Test_Search.testFilter_Location()'><b>testFilter_Location</b><br>Test class: com.shine.tests.Test_Search</td>
<td></td>
<td>35</td>
<td>com.shine.tests.Test_Search@62075e3d</td></tr>
<tr>
<td title='com.shine.tests.Test_Search.testFilter_Salary()'><b>testFilter_Salary</b><br>Test class: com.shine.tests.Test_Search</td>
<td></td>
<td>37</td>
<td>com.shine.tests.Test_Search@62075e3d</td></tr>
<tr>
<td title='com.shine.tests.Test_SearchResults.testSearchResult()'><b>testSearchResult</b><br>Test class: com.shine.tests.Test_SearchResults<br>Parameters: Skills</td>
<td></td>
<td>35</td>
<td>com.shine.tests.Test_SearchResults@401b7226</td></tr>
<tr>
<td title='com.shine.tests.Test_SearchResults.testSearchResult()'><b>testSearchResult</b><br>Test class: com.shine.tests.Test_SearchResults<br>Parameters: software engineer</td>
<td></td>
<td>35</td>
<td>com.shine.tests.Test_SearchResults@52a3eba3</td></tr>
<tr>
<td title='com.shine.tests.Test_SearchResults.testSearchResult()'><b>testSearchResult</b><br>Test class: com.shine.tests.Test_SearchResults<br>Parameters: engineering</td>
<td></td>
<td>30</td>
<td>com.shine.tests.Test_SearchResults@401b7226</td></tr>
<tr>
<td title='com.shine.tests.Test_SearchResults.testSearchResult()'><b>testSearchResult</b><br>Test class: com.shine.tests.Test_SearchResults<br>Parameters: sales marketing</td>
<td></td>
<td>31</td>
<td>com.shine.tests.Test_SearchResults@52a3eba3</td></tr>
<tr>
<td title='com.shine.tests.Test_SearchResults.testSearchResult()'><b>testSearchResult</b><br>Test class: com.shine.tests.Test_SearchResults<br>Parameters: accounts</td>
<td></td>
<td>31</td>
<td>com.shine.tests.Test_SearchResults@401b7226</td></tr>
<tr>
<td title='com.shine.tests.Test_SearchResults.testSearchResult()'><b>testSearchResult</b><br>Test class: com.shine.tests.Test_SearchResults<br>Parameters: dot net</td>
<td></td>
<td>31</td>
<td>com.shine.tests.Test_SearchResults@52a3eba3</td></tr>
<tr>
<td title='com.shine.tests.Test_SearchResults.testSearchResult()'><b>testSearchResult</b><br>Test class: com.shine.tests.Test_SearchResults<br>Parameters: software</td>
<td></td>
<td>30</td>
<td>com.shine.tests.Test_SearchResults@401b7226</td></tr>
<tr>
<td title='com.shine.tests.Test_SearchResults.testSearchResult()'><b>testSearchResult</b><br>Test class: com.shine.tests.Test_SearchResults<br>Parameters: industry</td>
<td></td>
<td>30</td>
<td>com.shine.tests.Test_SearchResults@52a3eba3</td></tr>
<tr>
<td title='com.shine.tests.Test_SearchResults.testSearchResult()'><b>testSearchResult</b><br>Test class: com.shine.tests.Test_SearchResults<br>Parameters: it</td>
<td></td>
<td>41</td>
<td>com.shine.tests.Test_SearchResults@401b7226</td></tr>
<tr>
<td title='com.shine.tests.Test_SearchResults.testSearchResult()'><b>testSearchResult</b><br>Test class: com.shine.tests.Test_SearchResults<br>Parameters: business</td>
<td></td>
<td>41</td>
<td>com.shine.tests.Test_SearchResults@52a3eba3</td></tr>
<tr>
<td title='com.shine.tests.Test_SearchResults.testSearchResult()'><b>testSearchResult</b><br>Test class: com.shine.tests.Test_SearchResults<br>Parameters: fresher</td>
<td></td>
<td>41</td>
<td>com.shine.tests.Test_SearchResults@401b7226</td></tr>
<tr>
<td title='com.shine.tests.Test_SearchResults.testSearchResult()'><b>testSearchResult</b><br>Test class: com.shine.tests.Test_SearchResults<br>Parameters: data entry operator</td>
<td></td>
<td>41</td>
<td>com.shine.tests.Test_SearchResults@52a3eba3</td></tr>
<tr>
<td title='com.shine.tests.Test_SearchResults.testSearchResult()'><b>testSearchResult</b><br>Test class: com.shine.tests.Test_SearchResults<br>Parameters: sales</td>
<td></td>
<td>40</td>
<td>com.shine.tests.Test_SearchResults@401b7226</td></tr>
<tr>
<td title='com.shine.tests.Test_SearchResults.testSearchResult()'><b>testSearchResult</b><br>Test class: com.shine.tests.Test_SearchResults<br>Parameters: freshers</td>
<td></td>
<td>40</td>
<td>com.shine.tests.Test_SearchResults@52a3eba3</td></tr>
<tr>
<td title='com.shine.tests.Test_SearchResults.testSearchResult()'><b>testSearchResult</b><br>Test class: com.shine.tests.Test_SearchResults<br>Parameters: finance</td>
<td></td>
<td>41</td>
<td>com.shine.tests.Test_SearchResults@401b7226</td></tr>
<tr>
<td title='com.shine.tests.Test_SearchResults.testSearchResult()'><b>testSearchResult</b><br>Test class: com.shine.tests.Test_SearchResults<br>Parameters: hr generalist</td>
<td></td>
<td>40</td>
<td>com.shine.tests.Test_SearchResults@52a3eba3</td></tr>
<tr>
<td title='com.shine.tests.Test_SearchResults.testSearchResult()'><b>testSearchResult</b><br>Test class: com.shine.tests.Test_SearchResults<br>Parameters: accountant</td>
<td></td>
<td>41</td>
<td>com.shine.tests.Test_SearchResults@401b7226</td></tr>
<tr>
<td title='com.shine.tests.Test_SearchResults.testSearchResult()'><b>testSearchResult</b><br>Test class: com.shine.tests.Test_SearchResults<br>Parameters: project manager</td>
<td></td>
<td>41</td>
<td>com.shine.tests.Test_SearchResults@52a3eba3</td></tr>
<tr>
<td title='com.shine.tests.Test_SearchResults.testSearchResult()'><b>testSearchResult</b><br>Test class: com.shine.tests.Test_SearchResults<br>Parameters: bpo</td>
<td></td>
<td>40</td>
<td>com.shine.tests.Test_SearchResults@401b7226</td></tr>
<tr>
<td title='com.shine.tests.Test_SearchResults.testSearchResult()'><b>testSearchResult</b><br>Test class: com.shine.tests.Test_SearchResults<br>Parameters: marketing</td>
<td></td>
<td>40</td>
<td>com.shine.tests.Test_SearchResults@401b7226</td></tr>
<tr>
<td title='com.shine.tests.Test_SearchResults.testSearchResult()'><b>testSearchResult</b><br>Test class: com.shine.tests.Test_SearchResults<br>Parameters: java</td>
<td></td>
<td>40</td>
<td>com.shine.tests.Test_SearchResults@401b7226</td></tr>
<tr>
<td title='com.shine.tests.Test_SearchResults.testSearchResult()'><b>testSearchResult</b><br>Test class: com.shine.tests.Test_SearchResults<br>Parameters: hr</td>
<td></td>
<td>40</td>
<td>com.shine.tests.Test_SearchResults@401b7226</td></tr>
<tr>
<td title='com.shine.tests.Test_SearchResults.testSearchResult()'><b>testSearchResult</b><br>Test class: com.shine.tests.Test_SearchResults<br>Parameters: part time</td>
<td></td>
<td>41</td>
<td>com.shine.tests.Test_SearchResults@401b7226</td></tr>
<tr>
<td title='com.shine.tests.Test_SearchResults.testSearchResult()'><b>testSearchResult</b><br>Test class: com.shine.tests.Test_SearchResults<br>Parameters: administration</td>
<td></td>
<td>41</td>
<td>com.shine.tests.Test_SearchResults@401b7226</td></tr>
<tr>
<td title='com.shine.tests.Test_SearchResults.testSearchResult()'><b>testSearchResult</b><br>Test class: com.shine.tests.Test_SearchResults<br>Parameters: manual testing</td>
<td></td>
<td>41</td>
<td>com.shine.tests.Test_SearchResults@401b7226</td></tr>
<tr>
<td title='com.shine.tests.Test_SearchResults.testSearchResult()'><b>testSearchResult</b><br>Test class: com.shine.tests.Test_SearchResults<br>Parameters: government</td>
<td></td>
<td>40</td>
<td>com.shine.tests.Test_SearchResults@401b7226</td></tr>
<tr>
<td title='com.shine.tests.Test_SearchResults.testSearchResult()'><b>testSearchResult</b><br>Test class: com.shine.tests.Test_SearchResults<br>Parameters: customer service domestic</td>
<td></td>
<td>41</td>
<td>com.shine.tests.Test_SearchResults@401b7226</td></tr>
<tr>
<td title='com.shine.tests.Test_SearchResults.testSearchResult()'><b>testSearchResult</b><br>Test class: com.shine.tests.Test_SearchResults<br>Parameters: sales manager</td>
<td></td>
<td>40</td>
<td>com.shine.tests.Test_SearchResults@401b7226</td></tr>
<tr>
<td title='com.shine.tests.Test_SearchResults.testSearchResult()'><b>testSearchResult</b><br>Test class: com.shine.tests.Test_SearchResults<br>Parameters: bank</td>
<td></td>
<td>41</td>
<td>com.shine.tests.Test_SearchResults@401b7226</td></tr>
<tr>
<td title='com.shine.tests.Test_Search.test_LoggedOutSimpleSearch()'><b>test_LoggedOutSimpleSearch</b><br>Test class: com.shine.tests.Test_Search</td>
<td></td>
<td>48</td>
<td>com.shine.tests.Test_Search@62075e3d</td></tr>
<tr>
<td title='com.shine.tests.Test_Search.test_SearchMostViewedPages()'><b>test_SearchMostViewedPages</b><br>Test class: com.shine.tests.Test_Search<br>Parameters: /job-search/fresher</td>
<td></td>
<td>11</td>
<td>com.shine.tests.Test_Search@62075e3d</td></tr>
<tr>
<td title='com.shine.tests.Test_Search.test_SearchMostViewedPages()'><b>test_SearchMostViewedPages</b><br>Test class: com.shine.tests.Test_Search<br>Parameters: /job-search/engineering</td>
<td></td>
<td>11</td>
<td>com.shine.tests.Test_Search@62075e3d</td></tr>
<tr>
<td title='com.shine.tests.Test_Search.test_SearchMostViewedPages()'><b>test_SearchMostViewedPages</b><br>Test class: com.shine.tests.Test_Search<br>Parameters: /job-search/bangalore</td>
<td></td>
<td>11</td>
<td>com.shine.tests.Test_Search@62075e3d</td></tr>
<tr>
<td title='com.shine.tests.Test_Search.test_SearchMostViewedPages()'><b>test_SearchMostViewedPages</b><br>Test class: com.shine.tests.Test_Search<br>Parameters: /job-search/delhi</td>
<td></td>
<td>12</td>
<td>com.shine.tests.Test_Search@62075e3d</td></tr>
<tr>
<td title='com.shine.tests.Test_Search.test_SearchMostViewedPages()'><b>test_SearchMostViewedPages</b><br>Test class: com.shine.tests.Test_Search<br>Parameters: /job-search/it</td>
<td></td>
<td>11</td>
<td>com.shine.tests.Test_Search@62075e3d</td></tr>
<tr>
<td title='com.shine.tests.Test_Search.test_SearchMostViewedPages()'><b>test_SearchMostViewedPages</b><br>Test class: com.shine.tests.Test_Search<br>Parameters: /job-search/software</td>
<td></td>
<td>12</td>
<td>com.shine.tests.Test_Search@62075e3d</td></tr>
<tr>
<td title='com.shine.tests.Test_Search.test_SearchMostViewedPages()'><b>test_SearchMostViewedPages</b><br>Test class: com.shine.tests.Test_Search<br>Parameters: /job-search/accounts</td>
<td></td>
<td>12</td>
<td>com.shine.tests.Test_Search@62075e3d</td></tr>
<tr>
<td title='com.shine.tests.Test_Search.test_SearchMostViewedPages()'><b>test_SearchMostViewedPages</b><br>Test class: com.shine.tests.Test_Search<br>Parameters: /job-search/dubai</td>
<td></td>
<td>12</td>
<td>com.shine.tests.Test_Search@62075e3d</td></tr>
<tr>
<td title='com.shine.tests.Test_Search.test_SearchMostViewedPages()'><b>test_SearchMostViewedPages</b><br>Test class: com.shine.tests.Test_Search<br>Parameters: /job-search/banking-financial-services</td>
<td></td>
<td>12</td>
<td>com.shine.tests.Test_Search@62075e3d</td></tr>
<tr>
<td title='com.shine.tests.Test_Search.test_SearchMostViewedPages()'><b>test_SearchMostViewedPages</b><br>Test class: com.shine.tests.Test_Search<br>Parameters: /job-search/bpo</td>
<td></td>
<td>12</td>
<td>com.shine.tests.Test_Search@62075e3d</td></tr>
<tr>
<td title='com.shine.tests.Test_Search.test_loggedin_advance_search()'><b>test_loggedin_advance_search</b><br>Test class: com.shine.tests.Test_Search</td>
<td></td>
<td>25</td>
<td>com.shine.tests.Test_Search@62075e3d</td></tr>
<tr>
<td title='com.shine.tests.Test_Search.test_loggedin_simple_search()'><b>test_loggedin_simple_search</b><br>Test class: com.shine.tests.Test_Search</td>
<td></td>
<td>65</td>
<td>com.shine.tests.Test_Search@62075e3d</td></tr>
<tr>
<td title='com.shine.tests.Test_Search.test_loggedout_advance_search()'><b>test_loggedout_advance_search</b><br>Test class: com.shine.tests.Test_Search</td>
<td></td>
<td>25</td>
<td>com.shine.tests.Test_Search@62075e3d</td></tr>
<tr>
<td title='com.shine.tests.Test_Search.verify_loggedout_realaxed_search()'><b>verify_loggedout_realaxed_search</b><br>Test class: com.shine.tests.Test_Search</td>
<td></td>
<td>2</td>
<td>com.shine.tests.Test_Search@62075e3d</td></tr>
</table><p>
</body>
</html>