<?xml version="1.0" encoding="UTF-8"?>
<!-- Generated by org.testng.reporters.JUnitXMLReporter -->
<testsuite hostname="admins-MacBook-Pro.local" ignored="0" name="Search" tests="50" failures="3" timestamp="2019-12-03T17:31:39 IST" time="774.191" errors="0">
  <testcase name="testSearchResult" time="35.11" classname="com.shine.tests.Test_SearchResults"/>
  <testcase name="testSearchResult" time="35.395" classname="com.shine.tests.Test_SearchResults"/>
  <testcase name="testFilter_Salary" time="37.921" classname="com.shine.tests.Test_Search"/>
  <testcase name="testSearchResult" time="30.781" classname="com.shine.tests.Test_SearchResults"/>
  <testcase name="testSearchResult" time="31.382" classname="com.shine.tests.Test_SearchResults"/>
  <testcase name="testFilter_Location" time="35.596" classname="com.shine.tests.Test_Search"/>
  <testcase name="testSearchResult" time="31.369" classname="com.shine.tests.Test_SearchResults"/>
  <testcase name="testSearchResult" time="31.324" classname="com.shine.tests.Test_SearchResults"/>
  <testcase name="testFilter_Department" time="34.941" classname="com.shine.tests.Test_Search">
    <failure type="java.lang.AssertionError" message="expected [17018] but found [17027]">
      <![CDATA[java.lang.AssertionError: expected [17018] but found [17027]
at org.testng.Assert.fail(Assert.java:97)
at org.testng.Assert.assertEqualsImpl(Assert.java:136)
at org.testng.Assert.assertEquals(Assert.java:118)
at org.testng.Assert.assertEquals(Assert.java:575)
at org.testng.Assert.assertEquals(Assert.java:585)
at com.shine.tests.Test_Search.match_Job_Count(Test_Search.java:278)
at com.shine.tests.Test_Search.testFilter_Department(Test_Search.java:102)
at sun.reflect.NativeMethodAccessorImpl.invoke0(Native Method)
at sun.reflect.NativeMethodAccessorImpl.invoke(NativeMethodAccessorImpl.java:62)
at sun.reflect.DelegatingMethodAccessorImpl.invoke(DelegatingMethodAccessorImpl.java:43)
at java.lang.reflect.Method.invoke(Method.java:498)
at org.testng.internal.MethodInvocationHelper.invokeMethod(MethodInvocationHelper.java:133)
at org.testng.internal.TestInvoker.invokeMethod(TestInvoker.java:584)
at org.testng.internal.TestInvoker.invokeTestMethod(TestInvoker.java:172)
at org.testng.internal.MethodRunner.runInSequence(MethodRunner.java:46)
at org.testng.internal.TestInvoker$MethodInvocationAgent.invoke(TestInvoker.java:804)
at org.testng.internal.TestInvoker.invokeTestMethods(TestInvoker.java:145)
at org.testng.internal.TestMethodWorker.invokeTestMethods(TestMethodWorker.java:146)
at org.testng.internal.TestMethodWorker.run(TestMethodWorker.java:128)
at java.util.ArrayList.forEach(ArrayList.java:1257)
at org.testng.TestRunner.privateRun(TestRunner.java:770)
at org.testng.TestRunner.run(TestRunner.java:591)
at org.testng.SuiteRunner.runTest(SuiteRunner.java:402)
at org.testng.SuiteRunner.access$000(SuiteRunner.java:41)
at org.testng.SuiteRunner$SuiteWorker.run(SuiteRunner.java:443)
at org.testng.internal.thread.ThreadUtil.lambda$execute$0(ThreadUtil.java:67)
at java.util.concurrent.FutureTask.run(FutureTask.java:266)
at java.util.concurrent.ThreadPoolExecutor.runWorker(ThreadPoolExecutor.java:1149)
at java.util.concurrent.ThreadPoolExecutor$Worker.run(ThreadPoolExecutor.java:624)
at java.lang.Thread.run(Thread.java:748)
]]>
    </failure>
  </testcase> <!-- testFilter_Department -->
  <testcase name="testSearchResult" time="30.369" classname="com.shine.tests.Test_SearchResults"/>
  <testcase name="testSearchResult" time="30.581" classname="com.shine.tests.Test_SearchResults"/>
  <testcase name="testSearchResult" time="41.314" classname="com.shine.tests.Test_SearchResults"/>
  <testcase name="testSearchResult" time="41.024" classname="com.shine.tests.Test_SearchResults"/>
  <testcase name="testFilter_Industry" time="62.304" classname="com.shine.tests.Test_Search">
    <failure type="java.lang.AssertionError" message="expected [13554] but found [24,268]">
      <![CDATA[java.lang.AssertionError: expected [13554] but found [24,268]
at org.testng.Assert.fail(Assert.java:97)
at org.testng.Assert.assertEqualsImpl(Assert.java:136)
at org.testng.Assert.assertEquals(Assert.java:118)
at org.testng.Assert.assertEquals(Assert.java:575)
at org.testng.Assert.assertEquals(Assert.java:585)
at com.shine.tests.Test_Search.match_Job_Count(Test_Search.java:278)
at com.shine.tests.Test_Search.testFilter_Industry(Test_Search.java:108)
at sun.reflect.NativeMethodAccessorImpl.invoke0(Native Method)
at sun.reflect.NativeMethodAccessorImpl.invoke(NativeMethodAccessorImpl.java:62)
at sun.reflect.DelegatingMethodAccessorImpl.invoke(DelegatingMethodAccessorImpl.java:43)
at java.lang.reflect.Method.invoke(Method.java:498)
at org.testng.internal.MethodInvocationHelper.invokeMethod(MethodInvocationHelper.java:133)
at org.testng.internal.TestInvoker.invokeMethod(TestInvoker.java:584)
at org.testng.internal.TestInvoker.invokeTestMethod(TestInvoker.java:172)
at org.testng.internal.MethodRunner.runInSequence(MethodRunner.java:46)
at org.testng.internal.TestInvoker$MethodInvocationAgent.invoke(TestInvoker.java:804)
at org.testng.internal.TestInvoker.invokeTestMethods(TestInvoker.java:145)
at org.testng.internal.TestMethodWorker.invokeTestMethods(TestMethodWorker.java:146)
at org.testng.internal.TestMethodWorker.run(TestMethodWorker.java:128)
at java.util.ArrayList.forEach(ArrayList.java:1257)
at org.testng.TestRunner.privateRun(TestRunner.java:770)
at org.testng.TestRunner.run(TestRunner.java:591)
at org.testng.SuiteRunner.runTest(SuiteRunner.java:402)
at org.testng.SuiteRunner.access$000(SuiteRunner.java:41)
at org.testng.SuiteRunner$SuiteWorker.run(SuiteRunner.java:443)
at org.testng.internal.thread.ThreadUtil.lambda$execute$0(ThreadUtil.java:67)
at java.util.concurrent.FutureTask.run(FutureTask.java:266)
at java.util.concurrent.ThreadPoolExecutor.runWorker(ThreadPoolExecutor.java:1149)
at java.util.concurrent.ThreadPoolExecutor$Worker.run(ThreadPoolExecutor.java:624)
at java.lang.Thread.run(Thread.java:748)
]]>
    </failure>
  </testcase> <!-- testFilter_Industry -->
  <testcase name="testSearchResult" time="41.297" classname="com.shine.tests.Test_SearchResults"/>
  <testcase name="testSearchResult" time="41.692" classname="com.shine.tests.Test_SearchResults"/>
  <testcase name="testSearchResult" time="40.152" classname="com.shine.tests.Test_SearchResults"/>
  <testcase name="testSearchResult" time="40.813" classname="com.shine.tests.Test_SearchResults"/>
  <testcase name="testSearchResult" time="41.313" classname="com.shine.tests.Test_SearchResults"/>
  <testcase name="testFilter_Experience" time="61.043" classname="com.shine.tests.Test_Search"/>
  <testcase name="testSearchResult" time="40.904" classname="com.shine.tests.Test_SearchResults"/>
  <testcase name="testSearchResult" time="41.536" classname="com.shine.tests.Test_SearchResults"/>
  <testcase name="testSearchResult" time="41.754" classname="com.shine.tests.Test_SearchResults"/>
  <testcase name="testFilter_Company" time="61.805" classname="com.shine.tests.Test_Search"/>
  <testcase name="testSearchResult" time="40.861" classname="com.shine.tests.Test_SearchResults"/>
  <testcase name="testSearchResult" time="40.202" classname="com.shine.tests.Test_SearchResults"/>
  <testcase name="testFilter_JobType" time="61.176" classname="com.shine.tests.Test_Search">
    <failure type="java.lang.AssertionError" message="expected [24204] but found [24218]">
      <![CDATA[java.lang.AssertionError: expected [24204] but found [24218]
at org.testng.Assert.fail(Assert.java:97)
at org.testng.Assert.assertEqualsImpl(Assert.java:136)
at org.testng.Assert.assertEquals(Assert.java:118)
at org.testng.Assert.assertEquals(Assert.java:575)
at org.testng.Assert.assertEquals(Assert.java:585)
at com.shine.tests.Test_Search.match_Job_Count(Test_Search.java:278)
at com.shine.tests.Test_Search.testFilter_JobType(Test_Search.java:133)
at sun.reflect.NativeMethodAccessorImpl.invoke0(Native Method)
at sun.reflect.NativeMethodAccessorImpl.invoke(NativeMethodAccessorImpl.java:62)
at sun.reflect.DelegatingMethodAccessorImpl.invoke(DelegatingMethodAccessorImpl.java:43)
at java.lang.reflect.Method.invoke(Method.java:498)
at org.testng.internal.MethodInvocationHelper.invokeMethod(MethodInvocationHelper.java:133)
at org.testng.internal.TestInvoker.invokeMethod(TestInvoker.java:584)
at org.testng.internal.TestInvoker.invokeTestMethod(TestInvoker.java:172)
at org.testng.internal.MethodRunner.runInSequence(MethodRunner.java:46)
at org.testng.internal.TestInvoker$MethodInvocationAgent.invoke(TestInvoker.java:804)
at org.testng.internal.TestInvoker.invokeTestMethods(TestInvoker.java:145)
at org.testng.internal.TestMethodWorker.invokeTestMethods(TestMethodWorker.java:146)
at org.testng.internal.TestMethodWorker.run(TestMethodWorker.java:128)
at java.util.ArrayList.forEach(ArrayList.java:1257)
at org.testng.TestRunner.privateRun(TestRunner.java:770)
at org.testng.TestRunner.run(TestRunner.java:591)
at org.testng.SuiteRunner.runTest(SuiteRunner.java:402)
at org.testng.SuiteRunner.access$000(SuiteRunner.java:41)
at org.testng.SuiteRunner$SuiteWorker.run(SuiteRunner.java:443)
at org.testng.internal.thread.ThreadUtil.lambda$execute$0(ThreadUtil.java:67)
at java.util.concurrent.FutureTask.run(FutureTask.java:266)
at java.util.concurrent.ThreadPoolExecutor.runWorker(ThreadPoolExecutor.java:1149)
at java.util.concurrent.ThreadPoolExecutor$Worker.run(ThreadPoolExecutor.java:624)
at java.lang.Thread.run(Thread.java:748)
]]>
    </failure>
  </testcase> <!-- testFilter_JobType -->
  <testcase name="testSearchResult" time="40.875" classname="com.shine.tests.Test_SearchResults"/>
  <testcase name="testSearchResult" time="40.108" classname="com.shine.tests.Test_SearchResults"/>
  <testcase name="test_LoggedOutSimpleSearch" time="48.66" classname="com.shine.tests.Test_Search"/>
  <testcase name="testSearchResult" time="41.432" classname="com.shine.tests.Test_SearchResults"/>
  <testcase name="test_loggedout_advance_search" time="25.921" classname="com.shine.tests.Test_Search"/>
  <testcase name="verify_loggedout_realaxed_search" time="2.973" classname="com.shine.tests.Test_Search"/>
  <testcase name="testSearchResult" time="41.033" classname="com.shine.tests.Test_SearchResults"/>
  <testcase name="testSearchResult" time="41.272" classname="com.shine.tests.Test_SearchResults"/>
  <testcase name="test_loggedin_simple_search" time="65.298" classname="com.shine.tests.Test_Search"/>
  <testcase name="test_loggedin_advance_search" time="25.716" classname="com.shine.tests.Test_Search"/>
  <testcase name="test_SearchMostViewedPages" time="11.723" classname="com.shine.tests.Test_Search"/>
  <testcase name="testSearchResult" time="40.951" classname="com.shine.tests.Test_SearchResults"/>
  <testcase name="test_SearchMostViewedPages" time="11.391" classname="com.shine.tests.Test_Search"/>
  <testcase name="test_SearchMostViewedPages" time="11.618" classname="com.shine.tests.Test_Search"/>
  <testcase name="test_SearchMostViewedPages" time="12.133" classname="com.shine.tests.Test_Search"/>
  <testcase name="testSearchResult" time="41.276" classname="com.shine.tests.Test_SearchResults"/>
  <testcase name="test_SearchMostViewedPages" time="11.81" classname="com.shine.tests.Test_Search"/>
  <testcase name="test_SearchMostViewedPages" time="12.223" classname="com.shine.tests.Test_Search"/>
  <testcase name="test_SearchMostViewedPages" time="12.124" classname="com.shine.tests.Test_Search"/>
  <testcase name="test_SearchMostViewedPages" time="12.184" classname="com.shine.tests.Test_Search"/>
  <testcase name="testSearchResult" time="40.56" classname="com.shine.tests.Test_SearchResults"/>
  <testcase name="test_SearchMostViewedPages" time="12.191" classname="com.shine.tests.Test_Search"/>
  <testcase name="test_SearchMostViewedPages" time="12.208" classname="com.shine.tests.Test_Search"/>
</testsuite> <!-- Search -->
