<?xml version="1.0" encoding="UTF-8"?>
<!-- Generated by org.testng.reporters.JUnitReportReporter -->
<testsuite skipped="0" hostname="admins-MacBook-Pro.local" name="com.shine.tests.Test_SearchMapping" tests="39" failures="2" timestamp="2019-12-06T18:06:45 IST" time="645.204" errors="0">
  <testcase name="verify_search_url" time="16.365" classname="com.shine.tests.Test_SearchMapping"/>
  <testcase name="verify_search_url" time="16.823" classname="com.shine.tests.Test_SearchMapping">
    <failure type="java.lang.AssertionError" message="expected [Developer Jobs in Delhi (Dec 2019) -  Active Vacancies - Shine.com] but found [Developer Jobs in Delhi (Dec 2019) - Active Vacancies - Shine.com]">
      <![CDATA[java.lang.AssertionError: expected [Developer Jobs in Delhi (Dec 2019) -  Active Vacancies - Shine.com] but found [Developer Jobs in Delhi (Dec 2019) - Active Vacancies - Shine.com]
at org.testng.Assert.fail(Assert.java:97)
at org.testng.Assert.assertEqualsImpl(Assert.java:136)
at org.testng.Assert.assertEquals(Assert.java:118)
at org.testng.Assert.assertEquals(Assert.java:575)
at org.testng.Assert.assertEquals(Assert.java:585)
at com.shine.tests.Test_SearchMapping.verify_search_url(Test_SearchMapping.java:63)
at sun.reflect.NativeMethodAccessorImpl.invoke0(Native Method)
at sun.reflect.NativeMethodAccessorImpl.invoke(NativeMethodAccessorImpl.java:62)
at sun.reflect.DelegatingMethodAccessorImpl.invoke(DelegatingMethodAccessorImpl.java:43)
at java.lang.reflect.Method.invoke(Method.java:498)
at org.testng.internal.MethodInvocationHelper.invokeMethod(MethodInvocationHelper.java:133)
at org.testng.internal.TestInvoker.invokeMethod(TestInvoker.java:584)
at org.testng.internal.TestInvoker.invokeTestMethod(TestInvoker.java:172)
at org.testng.internal.MethodRunner.runInSequence(MethodRunner.java:46)
at org.testng.internal.TestInvoker$MethodInvocationAgent.invoke(TestInvoker.java:804)
at org.testng.internal.TestInvoker.invokeTestMethods(TestInvoker.java:145)
at org.testng.internal.TestMethodWorker.invokeTestMethods(TestMethodWorker.java:146)
at org.testng.internal.TestMethodWorker.run(TestMethodWorker.java:128)
at java.util.ArrayList.forEach(ArrayList.java:1257)
at org.testng.TestRunner.privateRun(TestRunner.java:770)
at org.testng.TestRunner.run(TestRunner.java:591)
at org.testng.SuiteRunner.runTest(SuiteRunner.java:402)
at org.testng.SuiteRunner.runSequentially(SuiteRunner.java:396)
at org.testng.SuiteRunner.privateRun(SuiteRunner.java:355)
at org.testng.SuiteRunner.run(SuiteRunner.java:304)
at org.testng.SuiteRunnerWorker.runSuite(SuiteRunnerWorker.java:53)
at org.testng.SuiteRunnerWorker.run(SuiteRunnerWorker.java:96)
at org.testng.TestNG.runSuitesSequentially(TestNG.java:1180)
at org.testng.TestNG.runSuitesLocally(TestNG.java:1102)
at org.testng.TestNG.runSuites(TestNG.java:1032)
at org.testng.TestNG.run(TestNG.java:1000)
at org.testng.remote.AbstractRemoteTestNG.run(AbstractRemoteTestNG.java:115)
at org.testng.remote.RemoteTestNG.initAndRun(RemoteTestNG.java:251)
at org.testng.remote.RemoteTestNG.main(RemoteTestNG.java:77)
]]>
    </failure>
  </testcase> <!-- verify_search_url -->
  <testcase name="verify_search_url" time="18.619" classname="com.shine.tests.Test_SearchMapping"/>
  <testcase name="verify_search_url" time="17.847" classname="com.shine.tests.Test_SearchMapping"/>
  <testcase name="verify_search_url" time="18.266" classname="com.shine.tests.Test_SearchMapping"/>
  <testcase name="verify_search_url" time="16.055" classname="com.shine.tests.Test_SearchMapping"/>
  <testcase name="verify_search_url" time="18.473" classname="com.shine.tests.Test_SearchMapping"/>
  <testcase name="verify_search_url" time="18.957" classname="com.shine.tests.Test_SearchMapping"/>
  <testcase name="verify_search_url" time="13.924" classname="com.shine.tests.Test_SearchMapping"/>
  <testcase name="verify_search_url" time="16.705" classname="com.shine.tests.Test_SearchMapping"/>
  <testcase name="verify_search_url" time="17.697" classname="com.shine.tests.Test_SearchMapping"/>
  <testcase name="verify_search_url" time="17.063" classname="com.shine.tests.Test_SearchMapping"/>
  <testcase name="verify_search_url" time="18.452" classname="com.shine.tests.Test_SearchMapping"/>
  <testcase name="verify_search_url" time="16.567" classname="com.shine.tests.Test_SearchMapping"/>
  <testcase name="verify_search_url" time="18.447" classname="com.shine.tests.Test_SearchMapping"/>
  <testcase name="verify_search_url" time="18.526" classname="com.shine.tests.Test_SearchMapping"/>
  <testcase name="verify_search_url" time="18.531" classname="com.shine.tests.Test_SearchMapping"/>
  <testcase name="verify_search_url" time="15.536" classname="com.shine.tests.Test_SearchMapping"/>
  <testcase name="verify_search_url" time="11.669" classname="com.shine.tests.Test_SearchMapping"/>
  <testcase name="verify_search_url" time="15.969" classname="com.shine.tests.Test_SearchMapping"/>
  <testcase name="verify_search_url" time="11.170" classname="com.shine.tests.Test_SearchMapping">
    <failure type="java.lang.AssertionError" message="expected [ Active Job Vacancies in Delhi Check latest jobs from a wide variety of sectors across Delhi  Jobs in Delhi  Free Alerts  Shinecom] but found [ Active Jobs in Delhi Check job vacancies from a wide variety of sectors across Delhi  Explore Latest Delhi Jobs  Free Alerts  Shinecom]">
      <![CDATA[java.lang.AssertionError: expected [ Active Job Vacancies in Delhi Check latest jobs from a wide variety of sectors across Delhi  Jobs in Delhi  Free Alerts  Shinecom] but found [ Active Jobs in Delhi Check job vacancies from a wide variety of sectors across Delhi  Explore Latest Delhi Jobs  Free Alerts  Shinecom]
at org.testng.Assert.fail(Assert.java:97)
at org.testng.Assert.assertEqualsImpl(Assert.java:136)
at org.testng.Assert.assertEquals(Assert.java:118)
at org.testng.Assert.assertEquals(Assert.java:575)
at org.testng.Assert.assertEquals(Assert.java:585)
at com.shine.tests.Test_SearchMapping.verify_search_url(Test_SearchMapping.java:68)
at sun.reflect.NativeMethodAccessorImpl.invoke0(Native Method)
at sun.reflect.NativeMethodAccessorImpl.invoke(NativeMethodAccessorImpl.java:62)
at sun.reflect.DelegatingMethodAccessorImpl.invoke(DelegatingMethodAccessorImpl.java:43)
at java.lang.reflect.Method.invoke(Method.java:498)
at org.testng.internal.MethodInvocationHelper.invokeMethod(MethodInvocationHelper.java:133)
at org.testng.internal.TestInvoker.invokeMethod(TestInvoker.java:584)
at org.testng.internal.TestInvoker.invokeTestMethod(TestInvoker.java:172)
at org.testng.internal.MethodRunner.runInSequence(MethodRunner.java:46)
at org.testng.internal.TestInvoker$MethodInvocationAgent.invoke(TestInvoker.java:804)
at org.testng.internal.TestInvoker.invokeTestMethods(TestInvoker.java:145)
at org.testng.internal.TestMethodWorker.invokeTestMethods(TestMethodWorker.java:146)
at org.testng.internal.TestMethodWorker.run(TestMethodWorker.java:128)
at java.util.ArrayList.forEach(ArrayList.java:1257)
at org.testng.TestRunner.privateRun(TestRunner.java:770)
at org.testng.TestRunner.run(TestRunner.java:591)
at org.testng.SuiteRunner.runTest(SuiteRunner.java:402)
at org.testng.SuiteRunner.runSequentially(SuiteRunner.java:396)
at org.testng.SuiteRunner.privateRun(SuiteRunner.java:355)
at org.testng.SuiteRunner.run(SuiteRunner.java:304)
at org.testng.SuiteRunnerWorker.runSuite(SuiteRunnerWorker.java:53)
at org.testng.SuiteRunnerWorker.run(SuiteRunnerWorker.java:96)
at org.testng.TestNG.runSuitesSequentially(TestNG.java:1180)
at org.testng.TestNG.runSuitesLocally(TestNG.java:1102)
at org.testng.TestNG.runSuites(TestNG.java:1032)
at org.testng.TestNG.run(TestNG.java:1000)
at org.testng.remote.AbstractRemoteTestNG.run(AbstractRemoteTestNG.java:115)
at org.testng.remote.RemoteTestNG.initAndRun(RemoteTestNG.java:251)
at org.testng.remote.RemoteTestNG.main(RemoteTestNG.java:77)
]]>
    </failure>
  </testcase> <!-- verify_search_url -->
  <testcase name="verify_search_url" time="20.718" classname="com.shine.tests.Test_SearchMapping"/>
  <testcase name="verify_search_url" time="15.554" classname="com.shine.tests.Test_SearchMapping"/>
  <testcase name="verify_search_url" time="11.138" classname="com.shine.tests.Test_SearchMapping"/>
  <testcase name="verify_search_url" time="15.311" classname="com.shine.tests.Test_SearchMapping"/>
  <testcase name="verify_search_url" time="22.130" classname="com.shine.tests.Test_SearchMapping"/>
  <testcase name="verify_search_url" time="17.375" classname="com.shine.tests.Test_SearchMapping"/>
  <testcase name="verify_search_url" time="12.153" classname="com.shine.tests.Test_SearchMapping"/>
  <testcase name="verify_search_url" time="12.105" classname="com.shine.tests.Test_SearchMapping"/>
  <testcase name="verify_search_url" time="16.139" classname="com.shine.tests.Test_SearchMapping"/>
  <testcase name="verify_search_url" time="12.277" classname="com.shine.tests.Test_SearchMapping"/>
  <testcase name="verify_search_url" time="11.161" classname="com.shine.tests.Test_SearchMapping"/>
  <testcase name="verify_search_url" time="15.827" classname="com.shine.tests.Test_SearchMapping"/>
  <testcase name="verify_search_url" time="19.096" classname="com.shine.tests.Test_SearchMapping"/>
  <testcase name="verify_search_url" time="21.308" classname="com.shine.tests.Test_SearchMapping"/>
  <testcase name="verify_search_url" time="18.677" classname="com.shine.tests.Test_SearchMapping"/>
  <testcase name="verify_search_url" time="15.434" classname="com.shine.tests.Test_SearchMapping"/>
  <testcase name="verify_search_url" time="24.049" classname="com.shine.tests.Test_SearchMapping"/>
  <testcase name="verify_search_url" time="13.091" classname="com.shine.tests.Test_SearchMapping"/>
</testsuite> <!-- com.shine.tests.Test_SearchMapping -->
