<?xml version="1.0" encoding="UTF-8"?>
<!-- Generated by org.testng.reporters.JUnitReportReporter -->
<testsuite skipped="2" hostname="admins-MBP" name="com.shine.tests.Test_RelatedLinks" tests="8" failures="2" timestamp="2020-05-23T12:56:29 IST" time="117.174" errors="0">
  <testcase name="open_related_link" time="36.411" classname="com.shine.tests.Test_RelatedLinks"/>
  <system-out/>
  <testcase name="verify_realted_link_skills" time="1.134" classname="com.shine.tests.Test_RelatedLinks">
    <failure type="java.lang.AssertionError" message="The following asserts failed:
	expected [Java Api] but found [Java Flex],
	expected [Java Flex] but found [Struts]">
      <![CDATA[java.lang.AssertionError: The following asserts failed:
expected [Java Api] but found [Java Flex],
expected [Java Flex] but found [Struts]
at org.testng.asserts.SoftAssert.assertAll(SoftAssert.java:47)
at org.testng.asserts.SoftAssert.assertAll(SoftAssert.java:31)
at com.shine.tests.Test_RelatedLinks.verify_realted_link_skills(Test_RelatedLinks.java:63)
at sun.reflect.NativeMethodAccessorImpl.invoke0(Native Method)
at sun.reflect.NativeMethodAccessorImpl.invoke(NativeMethodAccessorImpl.java:62)
at sun.reflect.DelegatingMethodAccessorImpl.invoke(DelegatingMethodAccessorImpl.java:43)
at java.lang.reflect.Method.invoke(Method.java:498)
at org.testng.internal.MethodInvocationHelper.invokeMethod(MethodInvocationHelper.java:134)
at org.testng.internal.TestInvoker.invokeMethod(TestInvoker.java:597)
at org.testng.internal.TestInvoker.invokeTestMethod(TestInvoker.java:173)
at org.testng.internal.MethodRunner.runInSequence(MethodRunner.java:46)
at org.testng.internal.TestInvoker$MethodInvocationAgent.invoke(TestInvoker.java:816)
at org.testng.internal.TestInvoker.invokeTestMethods(TestInvoker.java:146)
at org.testng.internal.TestMethodWorker.invokeTestMethods(TestMethodWorker.java:146)
at org.testng.internal.TestMethodWorker.run(TestMethodWorker.java:128)
at java.util.ArrayList.forEach(ArrayList.java:1257)
at org.testng.TestRunner.privateRun(TestRunner.java:766)
at org.testng.TestRunner.run(TestRunner.java:587)
at org.testng.SuiteRunner.runTest(SuiteRunner.java:384)
at org.testng.SuiteRunner.runSequentially(SuiteRunner.java:378)
at org.testng.SuiteRunner.privateRun(SuiteRunner.java:337)
at org.testng.SuiteRunner.run(SuiteRunner.java:286)
at org.testng.SuiteRunnerWorker.runSuite(SuiteRunnerWorker.java:53)
at org.testng.SuiteRunnerWorker.run(SuiteRunnerWorker.java:96)
at org.testng.TestNG.runSuitesSequentially(TestNG.java:1187)
at org.testng.TestNG.runSuitesLocally(TestNG.java:1109)
at org.testng.TestNG.runSuites(TestNG.java:1039)
at org.testng.TestNG.run(TestNG.java:1007)
at org.testng.remote.AbstractRemoteTestNG.run(AbstractRemoteTestNG.java:115)
at org.testng.remote.RemoteTestNG.initAndRun(RemoteTestNG.java:251)
at org.testng.remote.RemoteTestNG.main(RemoteTestNG.java:77)
]]>
    </failure>
  </testcase> <!-- verify_realted_link_skills -->
  <system-out/>
  <testcase name="verify_realted_link_locations" time="0.114" classname="com.shine.tests.Test_RelatedLinks"/>
  <system-out/>
  <testcase name="verify_realted_link_job_titles" time="0.111" classname="com.shine.tests.Test_RelatedLinks"/>
  <system-out/>
  <testcase name="open_loggedin_related_link" time="78.667" classname="com.shine.tests.Test_RelatedLinks"/>
  <system-out/>
  <testcase name="verify_loggedin_realted_link_skills" time="0.737" classname="com.shine.tests.Test_RelatedLinks">
    <failure type="java.lang.AssertionError" message="The following asserts failed:
	expected [Java Api] but found [Java Flex],
	expected [Java Flex] but found [Struts]">
      <![CDATA[java.lang.AssertionError: The following asserts failed:
expected [Java Api] but found [Java Flex],
expected [Java Flex] but found [Struts]
at org.testng.asserts.SoftAssert.assertAll(SoftAssert.java:47)
at org.testng.asserts.SoftAssert.assertAll(SoftAssert.java:31)
at com.shine.tests.Test_RelatedLinks.verify_loggedin_realted_link_skills(Test_RelatedLinks.java:113)
at sun.reflect.NativeMethodAccessorImpl.invoke0(Native Method)
at sun.reflect.NativeMethodAccessorImpl.invoke(NativeMethodAccessorImpl.java:62)
at sun.reflect.DelegatingMethodAccessorImpl.invoke(DelegatingMethodAccessorImpl.java:43)
at java.lang.reflect.Method.invoke(Method.java:498)
at org.testng.internal.MethodInvocationHelper.invokeMethod(MethodInvocationHelper.java:134)
at org.testng.internal.TestInvoker.invokeMethod(TestInvoker.java:597)
at org.testng.internal.TestInvoker.invokeTestMethod(TestInvoker.java:173)
at org.testng.internal.MethodRunner.runInSequence(MethodRunner.java:46)
at org.testng.internal.TestInvoker$MethodInvocationAgent.invoke(TestInvoker.java:816)
at org.testng.internal.TestInvoker.invokeTestMethods(TestInvoker.java:146)
at org.testng.internal.TestMethodWorker.invokeTestMethods(TestMethodWorker.java:146)
at org.testng.internal.TestMethodWorker.run(TestMethodWorker.java:128)
at java.util.ArrayList.forEach(ArrayList.java:1257)
at org.testng.TestRunner.privateRun(TestRunner.java:766)
at org.testng.TestRunner.run(TestRunner.java:587)
at org.testng.SuiteRunner.runTest(SuiteRunner.java:384)
at org.testng.SuiteRunner.runSequentially(SuiteRunner.java:378)
at org.testng.SuiteRunner.privateRun(SuiteRunner.java:337)
at org.testng.SuiteRunner.run(SuiteRunner.java:286)
at org.testng.SuiteRunnerWorker.runSuite(SuiteRunnerWorker.java:53)
at org.testng.SuiteRunnerWorker.run(SuiteRunnerWorker.java:96)
at org.testng.TestNG.runSuitesSequentially(TestNG.java:1187)
at org.testng.TestNG.runSuitesLocally(TestNG.java:1109)
at org.testng.TestNG.runSuites(TestNG.java:1039)
at org.testng.TestNG.run(TestNG.java:1007)
at org.testng.remote.AbstractRemoteTestNG.run(AbstractRemoteTestNG.java:115)
at org.testng.remote.RemoteTestNG.initAndRun(RemoteTestNG.java:251)
at org.testng.remote.RemoteTestNG.main(RemoteTestNG.java:77)
]]>
    </failure>
  </testcase> <!-- verify_loggedin_realted_link_skills -->
  <system-out/>
  <testcase name="verify_loggedin_realted_link_locations" time="0.000" classname="com.shine.tests.Test_RelatedLinks">
    <skipped/>
  </testcase> <!-- verify_loggedin_realted_link_locations -->
  <system-out/>
  <testcase name="verify_loggedin_realted_link_job_titles" time="0.000" classname="com.shine.tests.Test_RelatedLinks">
    <skipped/>
  </testcase> <!-- verify_loggedin_realted_link_job_titles -->
  <system-out/>
</testsuite> <!-- com.shine.tests.Test_RelatedLinks -->
