<?xml version="1.0" encoding="UTF-8"?>
<!-- Generated by org.testng.reporters.JUnitReportReporter -->
<testsuite skipped="0" hostname="admins-MacBook-Pro.local" name="com.shine.tests.Test_Search" tests="22" failures="1" timestamp="2020-01-13T16:27:19 IST" time="640.523" errors="0">
  <testcase name="testFilter_Salary" time="39.680" classname="com.shine.tests.Test_Search"/>
  <testcase name="testFilter_Location" time="47.637" classname="com.shine.tests.Test_Search"/>
  <testcase name="testFilter_Department" time="47.491" classname="com.shine.tests.Test_Search"/>
  <testcase name="testFilter_Industry" time="47.444" classname="com.shine.tests.Test_Search"/>
  <testcase name="testFilter_Experience" time="62.162" classname="com.shine.tests.Test_Search"/>
  <testcase name="testFilter_Company" time="56.297" classname="com.shine.tests.Test_Search"/>
  <testcase name="testFilter_JobType" time="66.219" classname="com.shine.tests.Test_Search">
    <failure type="java.lang.AssertionError" message="expected [24402] but found [24411]">
      <![CDATA[java.lang.AssertionError: expected [24402] but found [24411]
at org.testng.Assert.fail(Assert.java:97)
at org.testng.Assert.assertEqualsImpl(Assert.java:136)
at org.testng.Assert.assertEquals(Assert.java:118)
at org.testng.Assert.assertEquals(Assert.java:575)
at org.testng.Assert.assertEquals(Assert.java:585)
at com.shine.tests.Test_Search.match_Job_Count(Test_Search.java:278)
at com.shine.tests.Test_Search.testFilter_JobType(Test_Search.java:133)
at sun.reflect.NativeMethodAccessorImpl.invoke0(Native Method)
at sun.reflect.NativeMethodAccessorImpl.invoke(NativeMethodAccessorImpl.java:62)
at sun.reflect.DelegatingMethodAccessorImpl.invoke(DelegatingMethodAccessorImpl.java:43)
at java.lang.reflect.Method.invoke(Method.java:498)
at org.testng.internal.MethodInvocationHelper.invokeMethod(MethodInvocationHelper.java:133)
at org.testng.internal.TestInvoker.invokeMethod(TestInvoker.java:584)
at org.testng.internal.TestInvoker.invokeTestMethod(TestInvoker.java:172)
at org.testng.internal.MethodRunner.runInSequence(MethodRunner.java:46)
at org.testng.internal.TestInvoker$MethodInvocationAgent.invoke(TestInvoker.java:804)
at org.testng.internal.TestInvoker.invokeTestMethods(TestInvoker.java:145)
at org.testng.internal.TestMethodWorker.invokeTestMethods(TestMethodWorker.java:146)
at org.testng.internal.TestMethodWorker.run(TestMethodWorker.java:128)
at java.util.ArrayList.forEach(ArrayList.java:1257)
at org.testng.TestRunner.privateRun(TestRunner.java:770)
at org.testng.TestRunner.run(TestRunner.java:591)
at org.testng.SuiteRunner.runTest(SuiteRunner.java:402)
at org.testng.SuiteRunner.runSequentially(SuiteRunner.java:396)
at org.testng.SuiteRunner.privateRun(SuiteRunner.java:355)
at org.testng.SuiteRunner.run(SuiteRunner.java:304)
at org.testng.SuiteRunnerWorker.runSuite(SuiteRunnerWorker.java:53)
at org.testng.SuiteRunnerWorker.run(SuiteRunnerWorker.java:96)
at org.testng.TestNG.runSuitesSequentially(TestNG.java:1180)
at org.testng.TestNG.runSuitesLocally(TestNG.java:1102)
at org.testng.TestNG.runSuites(TestNG.java:1032)
at org.testng.TestNG.run(TestNG.java:1000)
at org.testng.remote.AbstractRemoteTestNG.run(AbstractRemoteTestNG.java:115)
at org.testng.remote.RemoteTestNG.initAndRun(RemoteTestNG.java:251)
at org.testng.remote.RemoteTestNG.main(RemoteTestNG.java:77)
]]>
    </failure>
  </testcase> <!-- testFilter_JobType -->
  <testcase name="test_LoggedOutSimpleSearch" time="45.030" classname="com.shine.tests.Test_Search"/>
  <testcase name="test_loggedout_advance_search" time="20.404" classname="com.shine.tests.Test_Search"/>
  <testcase name="verify_loggedout_realaxed_search" time="3.438" classname="com.shine.tests.Test_Search"/>
  <testcase name="test_loggedin_simple_search" time="58.563" classname="com.shine.tests.Test_Search"/>
  <testcase name="test_loggedin_advance_search" time="20.171" classname="com.shine.tests.Test_Search"/>
  <testcase name="test_SearchMostViewedPages" time="13.138" classname="com.shine.tests.Test_Search"/>
  <testcase name="test_SearchMostViewedPages" time="11.584" classname="com.shine.tests.Test_Search"/>
  <testcase name="test_SearchMostViewedPages" time="13.135" classname="com.shine.tests.Test_Search"/>
  <testcase name="test_SearchMostViewedPages" time="12.349" classname="com.shine.tests.Test_Search"/>
  <testcase name="test_SearchMostViewedPages" time="12.077" classname="com.shine.tests.Test_Search"/>
  <testcase name="test_SearchMostViewedPages" time="12.753" classname="com.shine.tests.Test_Search"/>
  <testcase name="test_SearchMostViewedPages" time="12.273" classname="com.shine.tests.Test_Search"/>
  <testcase name="test_SearchMostViewedPages" time="12.769" classname="com.shine.tests.Test_Search"/>
  <testcase name="test_SearchMostViewedPages" time="12.514" classname="com.shine.tests.Test_Search"/>
  <testcase name="test_SearchMostViewedPages" time="13.395" classname="com.shine.tests.Test_Search"/>
</testsuite> <!-- com.shine.tests.Test_Search -->
