<?xml version="1.0" encoding="UTF-8"?>
<!-- Generated by org.testng.reporters.JUnitXMLReporter -->
<testsuite hostname="admins-MacBook-Pro.local" ignored="0" name="Campaign URLs" tests="4" failures="0" timestamp="11 Mar 2020 16:32:27 GMT" time="0.018" errors="0">
  <testcase name="@BeforeClass TestSetup" time="0.007" classname="com.shine.tests.Test_RegistrationComplete">
    <failure type="java.lang.RuntimeException" message="Unable to find a free port">
      <![CDATA[java.lang.RuntimeException: Unable to find a free port
at org.openqa.selenium.net.PortProber.findFreePort(PortProber.java:67)
at org.openqa.selenium.remote.service.DriverService$Builder.build(DriverService.java:351)
at org.openqa.selenium.chrome.ChromeDriverService.createDefaultService(ChromeDriverService.java:94)
at com.shine.base.TestBaseSetup.initChromeDriver(TestBaseSetup.java:264)
at com.shine.base.TestBaseSetup.setDriver(TestBaseSetup.java:145)
at com.shine.base.TestBaseSetup.getDriver(TestBaseSetup.java:121)
at com.shine.tests.Test_RegistrationComplete.TestSetup(Test_RegistrationComplete.java:99)
... Removed 31 stack frames]]>
    </failure>
  </testcase> <!-- @BeforeClass TestSetup -->
  <testcase name="@AfterClass quitbrowser" time="0.001" classname="com.shine.tests.Test_RegistrationComplete">
    <failure type="java.lang.NoClassDefFoundError" message="com/shine/listener/WebEventListener">
      <![CDATA[java.lang.NoClassDefFoundError: com/shine/listener/WebEventListener
at com.shine.tests.Test_RegistrationComplete.quitbrowser(Test_RegistrationComplete.java:209)
Caused by: java.lang.ClassNotFoundException: com.shine.listener.WebEventListener
at java.net.URLClassLoader.findClass(URLClassLoader.java:382)
at java.lang.ClassLoader.loadClass(ClassLoader.java:424)
at sun.misc.Launcher$AppClassLoader.loadClass(Launcher.java:349)
at java.lang.ClassLoader.loadClass(ClassLoader.java:357)
... 32 more
... Removed 31 stack frames]]>
    </failure>
  </testcase> <!-- @AfterClass quitbrowser -->
  <testcase name="open_RegistrationPage" time="0.0" classname="com.shine.tests.Test_RegistrationComplete">
    <skipped/>
  </testcase> <!-- open_RegistrationPage -->
  <testcase name="registrationStep1" time="0.0" classname="com.shine.tests.Test_RegistrationComplete">
    <skipped/>
  </testcase> <!-- registrationStep1 -->
  <testcase name="registrationStep2" time="0.0" classname="com.shine.tests.Test_RegistrationComplete">
    <skipped/>
  </testcase> <!-- registrationStep2 -->
  <testcase name="upload_resume" time="0.0" classname="com.shine.tests.Test_RegistrationComplete">
    <skipped/>
  </testcase> <!-- upload_resume -->
</testsuite> <!-- Campaign URLs -->
