<?xml version="1.0" encoding="UTF-8"?>
<!-- Generated by org.testng.reporters.JUnitXMLReporter -->
<testsuite hostname="admins-MacBook-Pro.local" ignored="0" name="Registration" tests="9" failures="0" timestamp="11 Mar 2020 16:32:22 GMT" time="0.279" errors="0">
  <testcase name="@BeforeClass TestSetup" time="0.21" classname="com.shine.tests.Test_Registration">
    <failure type="java.lang.RuntimeException" message="Unable to find a free port">
      <![CDATA[java.lang.RuntimeException: Unable to find a free port
at org.openqa.selenium.net.PortProber.findFreePort(PortProber.java:67)
at org.openqa.selenium.remote.service.DriverService$Builder.build(DriverService.java:351)
at org.openqa.selenium.chrome.ChromeDriverService.createDefaultService(ChromeDriverService.java:94)
at com.shine.base.TestBaseSetup.initChromeDriver(TestBaseSetup.java:264)
at com.shine.base.TestBaseSetup.setDriver(TestBaseSetup.java:145)
at com.shine.base.TestBaseSetup.getDriver(TestBaseSetup.java:121)
at com.shine.tests.Test_Registration.TestSetup(Test_Registration.java:94)
... Removed 31 stack frames]]>
    </failure>
  </testcase> <!-- @BeforeClass TestSetup -->
  <testcase name="open_RegistrationPage" time="0.0" classname="com.shine.tests.Test_Registration">
    <skipped/>
  </testcase> <!-- open_RegistrationPage -->
  <testcase name="verify_open_registration_page_collect_view" time="0.0" classname="com.shine.tests.Test_Registration">
    <skipped/>
  </testcase> <!-- verify_open_registration_page_collect_view -->
  <testcase name="registrationStep1" time="0.0" classname="com.shine.tests.Test_Registration">
    <skipped/>
  </testcase> <!-- registrationStep1 -->
  <testcase name="verify_registration_page1_collect_view" time="0.0" classname="com.shine.tests.Test_Registration">
    <skipped/>
  </testcase> <!-- verify_registration_page1_collect_view -->
  <testcase name="verify_email_already_registered_alert" time="0.0" classname="com.shine.tests.Test_Registration">
    <skipped/>
  </testcase> <!-- verify_email_already_registered_alert -->
  <testcase name="verify_already_registered_alert_login_link" time="0.0" classname="com.shine.tests.Test_Registration">
    <skipped/>
  </testcase> <!-- verify_already_registered_alert_login_link -->
  <testcase name="ChangePassword" time="0.0" classname="com.shine.tests.Test_Registration">
    <skipped/>
  </testcase> <!-- ChangePassword -->
  <testcase name="registrationStep2" time="0.0" classname="com.shine.tests.Test_Registration">
    <skipped/>
  </testcase> <!-- registrationStep2 -->
  <testcase name="verify_registration_page2_collect_view" time="0.0" classname="com.shine.tests.Test_Registration">
    <skipped/>
  </testcase> <!-- verify_registration_page2_collect_view -->
</testsuite> <!-- Registration -->
